[ 2018-03-13T08:47:09+08:00 ] 121.233.92.201 /index.php/Home/
INFO: [ app_init ] --START--
INFO: Run Behavior\BuildLiteBehavior [ RunTime:0.000018s ]
INFO: [ app_init ] --END-- [ RunTime:0.000501s ]
INFO: [ app_begin ] --START--
INFO: Run Behavior\ReadHtmlCacheBehavior [ RunTime:0.000686s ]
INFO: [ app_begin ] --END-- [ RunTime:0.000741s ]

[ 2018-03-13T08:47:10+08:00 ] 121.233.92.201 /index.php/Home/User/login.html
INFO: [ app_init ] --START--
INFO: Run Behavior\BuildLiteBehavior [ RunTime:0.000016s ]
INFO: [ app_init ] --END-- [ RunTime:0.000319s ]
INFO: [ app_begin ] --START--
INFO: Run Behavior\ReadHtmlCacheBehavior [ RunTime:0.000422s ]
INFO: [ app_begin ] --END-- [ RunTime:0.000468s ]
INFO: [ view_parse ] --START--
INFO: [ template_filter ] --START--
INFO: Run Behavior\ContentReplaceBehavior [ RunTime:0.000675s ]
INFO: [ template_filter ] --END-- [ RunTime:0.000747s ]
NOTIC: [8] Undefined variable: msg /home/wwwroot/prize.zhiying365.com/Application/Runtime/Cache/Home/5c9ee6d19cd41add49f97afe3aef0b25.php 第 11 行.
INFO: Run Behavior\ParseTemplateBehavior [ RunTime:0.008360s ]
INFO: [ view_parse ] --END-- [ RunTime:0.008403s ]
INFO: [ view_filter ] --START--
INFO: Run Behavior\WriteHtmlCacheBehavior [ RunTime:0.000487s ]
INFO: [ view_filter ] --END-- [ RunTime:0.000528s ]
INFO: [ app_end ] --START--
INFO: Run Behavior\ShowPageTraceBehavior [ RunTime:0.000694s ]
INFO: [ app_end ] --END-- [ RunTime:0.000734s ]

[ 2018-03-13T08:47:10+08:00 ] 121.233.92.201 /index.php/home/user/verify.html
INFO: [ app_init ] --START--
INFO: Run Behavior\BuildLiteBehavior [ RunTime:0.000016s ]
INFO: [ app_init ] --END-- [ RunTime:0.000315s ]
INFO: [ app_begin ] --START--
INFO: Run Behavior\ReadHtmlCacheBehavior [ RunTime:0.000409s ]
INFO: [ app_begin ] --END-- [ RunTime:0.000452s ]
INFO: [ app_end ] --START--
INFO: Run Behavior\ShowPageTraceBehavior [ RunTime:0.000501s ]
INFO: [ app_end ] --END-- [ RunTime:0.000561s ]

[ 2018-03-13T08:47:23+08:00 ] 121.233.92.201 /index.php/home/user/checklogin.html
INFO: [ app_init ] --START--
INFO: Run Behavior\BuildLiteBehavior [ RunTime:0.000017s ]
INFO: [ app_init ] --END-- [ RunTime:0.000342s ]
INFO: [ app_begin ] --START--
INFO: Run Behavior\ReadHtmlCacheBehavior [ RunTime:0.000438s ]
INFO: [ app_begin ] --END-- [ RunTime:0.000481s ]
SQL: SHOW COLUMNS FROM `user` [ RunTime:0.0006s ]
SQL: SELECT * FROM `user` WHERE `username` = 'zy_admin' LIMIT 1   [ RunTime:0.0011s ]
NOTIC: [8] iconv(): Unknown error (22) /home/wwwroot/prize.zhiying365.com/Application/Home/Controller/UserController.class.php 第 54 行.
INFO: [ view_parse ] --START--
INFO: [ template_filter ] --START--
INFO: Run Behavior\ContentReplaceBehavior [ RunTime:0.000051s ]
INFO: [ template_filter ] --END-- [ RunTime:0.000113s ]
INFO: Run Behavior\ParseTemplateBehavior [ RunTime:0.005788s ]
INFO: [ view_parse ] --END-- [ RunTime:0.005834s ]
INFO: [ view_filter ] --START--
INFO: Run Behavior\WriteHtmlCacheBehavior [ RunTime:0.000196s ]
INFO: [ view_filter ] --END-- [ RunTime:0.000231s ]
INFO: [ app_end ] --START--
INFO: Run Behavior\ShowPageTraceBehavior [ RunTime:0.000461s ]
INFO: [ app_end ] --END-- [ RunTime:0.000501s ]

[ 2018-03-13T08:47:24+08:00 ] 121.233.92.201 /index.php/Home/
INFO: [ app_init ] --START--
INFO: Run Behavior\BuildLiteBehavior [ RunTime:0.000053s ]
INFO: [ app_init ] --END-- [ RunTime:0.000404s ]
INFO: [ app_begin ] --START--
INFO: Run Behavior\ReadHtmlCacheBehavior [ RunTime:0.000450s ]
INFO: [ app_begin ] --END-- [ RunTime:0.000496s ]
SQL: SHOW COLUMNS FROM `user` [ RunTime:0.0006s ]
INFO: [ view_parse ] --START--
INFO: [ template_filter ] --START--
INFO: Run Behavior\ContentReplaceBehavior [ RunTime:0.000094s ]
INFO: [ template_filter ] --END-- [ RunTime:0.000228s ]
INFO: Run Behavior\ParseTemplateBehavior [ RunTime:0.007945s ]
INFO: [ view_parse ] --END-- [ RunTime:0.008006s ]
INFO: [ view_filter ] --START--
INFO: Run Behavior\WriteHtmlCacheBehavior [ RunTime:0.000278s ]
INFO: [ view_filter ] --END-- [ RunTime:0.000325s ]
INFO: [ app_end ] --START--
INFO: Run Behavior\ShowPageTraceBehavior [ RunTime:0.000679s ]
INFO: [ app_end ] --END-- [ RunTime:0.000734s ]

[ 2018-03-13T08:47:26+08:00 ] 121.233.92.201 /index.php/Home/Result/jingcai?_=1520902050918
INFO: [ app_init ] --START--
INFO: Run Behavior\BuildLiteBehavior [ RunTime:0.000017s ]
INFO: [ app_init ] --END-- [ RunTime:0.000314s ]
INFO: [ app_begin ] --START--
INFO: Run Behavior\ReadHtmlCacheBehavior [ RunTime:0.000422s ]
INFO: [ app_begin ] --END-- [ RunTime:0.000464s ]
NOTIC: [2048] Declaration of Home\Controller\ResultController::saveToDB() should be compatible with Home\Controller\BaseController::saveToDB($model, $data, $type = 'basketball') /home/wwwroot/prize.zhiying365.com/Application/Home/Controller/ResultController.class.php 第 4 行.
NOTIC: [8] Undefined variable: act /home/wwwroot/prize.zhiying365.com/Application/Home/Controller/ResultController.class.php 第 16 行.
INFO: [ view_parse ] --START--
INFO: [ template_filter ] --START--
INFO: Run Behavior\ContentReplaceBehavior [ RunTime:0.000072s ]
INFO: [ template_filter ] --END-- [ RunTime:0.000135s ]
NOTIC: [8] Undefined variable: currentPage /home/wwwroot/prize.zhiying365.com/Application/Runtime/Cache/Home/08dbf0cc8beabc0370dff644d2c962d6.php 第 6 行.
NOTIC: [8] Undefined variable: numPerPage /home/wwwroot/prize.zhiying365.com/Application/Runtime/Cache/Home/08dbf0cc8beabc0370dff644d2c962d6.php 第 7 行.
NOTIC: [8] Undefined variable: resultlist /home/wwwroot/prize.zhiying365.com/Application/Runtime/Cache/Home/08dbf0cc8beabc0370dff644d2c962d6.php 第 63 行.
NOTIC: [8] Undefined variable: numPerPage /home/wwwroot/prize.zhiying365.com/Application/Runtime/Cache/Home/08dbf0cc8beabc0370dff644d2c962d6.php 第 83 行.
NOTIC: [8] Undefined variable: numPerPage /home/wwwroot/prize.zhiying365.com/Application/Runtime/Cache/Home/08dbf0cc8beabc0370dff644d2c962d6.php 第 84 行.
NOTIC: [8] Undefined variable: numPerPage /home/wwwroot/prize.zhiying365.com/Application/Runtime/Cache/Home/08dbf0cc8beabc0370dff644d2c962d6.php 第 85 行.
NOTIC: [8] Undefined variable: numPerPage /home/wwwroot/prize.zhiying365.com/Application/Runtime/Cache/Home/08dbf0cc8beabc0370dff644d2c962d6.php 第 86 行.
NOTIC: [8] Undefined variable: pageTotal /home/wwwroot/prize.zhiying365.com/Application/Runtime/Cache/Home/08dbf0cc8beabc0370dff644d2c962d6.php 第 88 行.
NOTIC: [8] Undefined variable: totalCount /home/wwwroot/prize.zhiying365.com/Application/Runtime/Cache/Home/08dbf0cc8beabc0370dff644d2c962d6.php 第 90 行.
NOTIC: [8] Undefined variable: numPerPage /home/wwwroot/prize.zhiying365.com/Application/Runtime/Cache/Home/08dbf0cc8beabc0370dff644d2c962d6.php 第 90 行.
NOTIC: [8] Undefined variable: pageNumShown /home/wwwroot/prize.zhiying365.com/Application/Runtime/Cache/Home/08dbf0cc8beabc0370dff644d2c962d6.php 第 90 行.
NOTIC: [8] Undefined variable: currentPage /home/wwwroot/prize.zhiying365.com/Application/Runtime/Cache/Home/08dbf0cc8beabc0370dff644d2c962d6.php 第 90 行.
INFO: Run Behavior\ParseTemplateBehavior [ RunTime:0.009013s ]
INFO: [ view_parse ] --END-- [ RunTime:0.009055s ]
INFO: [ view_filter ] --START--
INFO: Run Behavior\WriteHtmlCacheBehavior [ RunTime:0.000244s ]
INFO: [ view_filter ] --END-- [ RunTime:0.000274s ]
INFO: [ app_end ] --START--
INFO: Run Behavior\ShowPageTraceBehavior [ RunTime:0.000433s ]
INFO: [ app_end ] --END-- [ RunTime:0.000467s ]

[ 2018-03-13T08:47:28+08:00 ] 121.233.92.201 /index.php/Home/Result/jingcai
INFO: [ app_init ] --START--
INFO: Run Behavior\BuildLiteBehavior [ RunTime:0.000020s ]
INFO: [ app_init ] --END-- [ RunTime:0.000329s ]
INFO: [ app_begin ] --START--
INFO: Run Behavior\ReadHtmlCacheBehavior [ RunTime:0.000426s ]
INFO: [ app_begin ] --END-- [ RunTime:0.000467s ]
NOTIC: [2048] Declaration of Home\Controller\ResultController::saveToDB() should be compatible with Home\Controller\BaseController::saveToDB($model, $data, $type = 'basketball') /home/wwwroot/prize.zhiying365.com/Application/Home/Controller/ResultController.class.php 第 4 行.
SQL: SHOW COLUMNS FROM `tab_lottery_result` [ RunTime:0.0007s ]
SQL: SELECT * FROM `tab_lottery_result` WHERE `lotttime` = '2018-03-12' GROUP BY lotttime,ballid,half_score,full_score  [ RunTime:0.0307s ]
SQL: SELECT * FROM `tab_lottery_result` WHERE `lotttime` = '2018-03-12' GROUP BY lotttime,ballid,half_score,full_score HAVING count(*)<3 LIMIT 0,20   [ RunTime:0.0296s ]
INFO: [ view_parse ] --START--
INFO: [ template_filter ] --START--
INFO: Run Behavior\ContentReplaceBehavior [ RunTime:0.000060s ]
INFO: [ template_filter ] --END-- [ RunTime:0.000122s ]
INFO: Run Behavior\ParseTemplateBehavior [ RunTime:0.008763s ]
INFO: [ view_parse ] --END-- [ RunTime:0.008816s ]
INFO: [ view_filter ] --START--
INFO: Run Behavior\WriteHtmlCacheBehavior [ RunTime:0.000249s ]
INFO: [ view_filter ] --END-- [ RunTime:0.000287s ]
INFO: [ app_end ] --START--
INFO: Run Behavior\ShowPageTraceBehavior [ RunTime:0.000437s ]
INFO: [ app_end ] --END-- [ RunTime:0.000474s ]

[ 2018-03-13T08:47:28+08:00 ] 121.233.92.201 /index.php/Home/Result/lancai?_=1520902053451
INFO: [ app_init ] --START--
INFO: Run Behavior\BuildLiteBehavior [ RunTime:0.000016s ]
INFO: [ app_init ] --END-- [ RunTime:0.000314s ]
INFO: [ app_begin ] --START--
INFO: Run Behavior\ReadHtmlCacheBehavior [ RunTime:0.000440s ]
INFO: [ app_begin ] --END-- [ RunTime:0.000482s ]
NOTIC: [2048] Declaration of Home\Controller\ResultController::saveToDB() should be compatible with Home\Controller\BaseController::saveToDB($model, $data, $type = 'basketball') /home/wwwroot/prize.zhiying365.com/Application/Home/Controller/ResultController.class.php 第 4 行.
NOTIC: [8] Undefined variable: act /home/wwwroot/prize.zhiying365.com/Application/Home/Controller/ResultController.class.php 第 68 行.
INFO: [ view_parse ] --START--
INFO: [ template_filter ] --START--
INFO: Run Behavior\ContentReplaceBehavior [ RunTime:0.000081s ]
INFO: [ template_filter ] --END-- [ RunTime:0.000139s ]
NOTIC: [8] Undefined variable: currentPage /home/wwwroot/prize.zhiying365.com/Application/Runtime/Cache/Home/4639d739043498a0d832a6053955b10f.php 第 6 行.
NOTIC: [8] Undefined variable: numPerPage /home/wwwroot/prize.zhiying365.com/Application/Runtime/Cache/Home/4639d739043498a0d832a6053955b10f.php 第 7 行.
NOTIC: [8] Undefined variable: resultlist /home/wwwroot/prize.zhiying365.com/Application/Runtime/Cache/Home/4639d739043498a0d832a6053955b10f.php 第 67 行.
NOTIC: [8] Undefined variable: numPerPage /home/wwwroot/prize.zhiying365.com/Application/Runtime/Cache/Home/4639d739043498a0d832a6053955b10f.php 第 91 行.
NOTIC: [8] Undefined variable: numPerPage /home/wwwroot/prize.zhiying365.com/Application/Runtime/Cache/Home/4639d739043498a0d832a6053955b10f.php 第 92 行.
NOTIC: [8] Undefined variable: numPerPage /home/wwwroot/prize.zhiying365.com/Application/Runtime/Cache/Home/4639d739043498a0d832a6053955b10f.php 第 93 行.
NOTIC: [8] Undefined variable: numPerPage /home/wwwroot/prize.zhiying365.com/Application/Runtime/Cache/Home/4639d739043498a0d832a6053955b10f.php 第 94 行.
NOTIC: [8] Undefined variable: pageTotal /home/wwwroot/prize.zhiying365.com/Application/Runtime/Cache/Home/4639d739043498a0d832a6053955b10f.php 第 96 行.
NOTIC: [8] Undefined variable: totalCount /home/wwwroot/prize.zhiying365.com/Application/Runtime/Cache/Home/4639d739043498a0d832a6053955b10f.php 第 98 行.
NOTIC: [8] Undefined variable: numPerPage /home/wwwroot/prize.zhiying365.com/Application/Runtime/Cache/Home/4639d739043498a0d832a6053955b10f.php 第 98 行.
NOTIC: [8] Undefined variable: pageNumShown /home/wwwroot/prize.zhiying365.com/Application/Runtime/Cache/Home/4639d739043498a0d832a6053955b10f.php 第 98 行.
NOTIC: [8] Undefined variable: currentPage /home/wwwroot/prize.zhiying365.com/Application/Runtime/Cache/Home/4639d739043498a0d832a6053955b10f.php 第 98 行.
INFO: Run Behavior\ParseTemplateBehavior [ RunTime:0.009460s ]
INFO: [ view_parse ] --END-- [ RunTime:0.009499s ]
INFO: [ view_filter ] --START--
INFO: Run Behavior\WriteHtmlCacheBehavior [ RunTime:0.000247s ]
INFO: [ view_filter ] --END-- [ RunTime:0.000279s ]
INFO: [ app_end ] --START--
INFO: Run Behavior\ShowPageTraceBehavior [ RunTime:0.000457s ]
INFO: [ app_end ] --END-- [ RunTime:0.000498s ]

[ 2018-03-13T08:47:29+08:00 ] 121.233.92.201 /index.php/Home/Result/lancai
INFO: [ app_init ] --START--
INFO: Run Behavior\BuildLiteBehavior [ RunTime:0.000017s ]
INFO: [ app_init ] --END-- [ RunTime:0.000370s ]
INFO: [ app_begin ] --START--
INFO: Run Behavior\ReadHtmlCacheBehavior [ RunTime:0.000486s ]
INFO: [ app_begin ] --END-- [ RunTime:0.000541s ]
NOTIC: [2048] Declaration of Home\Controller\ResultController::saveToDB() should be compatible with Home\Controller\BaseController::saveToDB($model, $data, $type = 'basketball') /home/wwwroot/prize.zhiying365.com/Application/Home/Controller/ResultController.class.php 第 4 行.
SQL: SHOW COLUMNS FROM `tab_lottery_result_lancai` [ RunTime:0.0007s ]
SQL: SELECT * FROM `tab_lottery_result_lancai` WHERE `lotttime` = '2018-03-12' GROUP BY lotttime,ballid,first_score,two_score,three_score,four_score,add_score,full_score  [ RunTime:0.0079s ]
SQL: SELECT * FROM `tab_lottery_result_lancai` WHERE `lotttime` = '2018-03-12' GROUP BY lotttime,ballid,first_score,two_score,three_score,four_score,add_score,full_score HAVING count(*)<3 LIMIT 0,20   [ RunTime:0.0067s ]
NOTIC: [8] Undefined variable: pageTotal /home/wwwroot/prize.zhiying365.com/Application/Home/Controller/ResultController.class.php 第 99 行.
NOTIC: [8] Undefined variable: count /home/wwwroot/prize.zhiying365.com/Application/Home/Controller/ResultController.class.php 第 100 行.
INFO: [ view_parse ] --START--
INFO: [ template_filter ] --START--
INFO: Run Behavior\ContentReplaceBehavior [ RunTime:0.000083s ]
INFO: [ template_filter ] --END-- [ RunTime:0.000213s ]
INFO: Run Behavior\ParseTemplateBehavior [ RunTime:0.008854s ]
INFO: [ view_parse ] --END-- [ RunTime:0.008930s ]
INFO: [ view_filter ] --START--
INFO: Run Behavior\WriteHtmlCacheBehavior [ RunTime:0.000233s ]
INFO: [ view_filter ] --END-- [ RunTime:0.000268s ]
INFO: [ app_end ] --START--
INFO: Run Behavior\ShowPageTraceBehavior [ RunTime:0.000439s ]
INFO: [ app_end ] --END-- [ RunTime:0.000476s ]

[ 2018-03-13T14:46:06+08:00 ] 106.11.242.42 /
INFO: [ app_init ] --START--
INFO: Run Behavior\BuildLiteBehavior [ RunTime:0.000019s ]
INFO: [ app_init ] --END-- [ RunTime:0.000574s ]
INFO: [ app_begin ] --START--
INFO: Run Behavior\ReadHtmlCacheBehavior [ RunTime:0.000696s ]
INFO: [ app_begin ] --END-- [ RunTime:0.000752s ]

[ 2018-03-13T14:46:06+08:00 ] 106.11.242.128 /index.php/Home/User/login.html
INFO: [ app_init ] --START--
INFO: Run Behavior\BuildLiteBehavior [ RunTime:0.000018s ]
INFO: [ app_init ] --END-- [ RunTime:0.000382s ]
INFO: [ app_begin ] --START--
INFO: Run Behavior\ReadHtmlCacheBehavior [ RunTime:0.000502s ]
INFO: [ app_begin ] --END-- [ RunTime:0.000550s ]
INFO: [ view_parse ] --START--
INFO: [ template_filter ] --START--
INFO: Run Behavior\ContentReplaceBehavior [ RunTime:0.000046s ]
INFO: [ template_filter ] --END-- [ RunTime:0.000117s ]
NOTIC: [8] Undefined variable: msg /home/wwwroot/prize.zhiying365.com/Application/Runtime/Cache/Home/5c9ee6d19cd41add49f97afe3aef0b25.php 第 11 行.
INFO: Run Behavior\ParseTemplateBehavior [ RunTime:0.007791s ]
INFO: [ view_parse ] --END-- [ RunTime:0.007845s ]
INFO: [ view_filter ] --START--
INFO: Run Behavior\WriteHtmlCacheBehavior [ RunTime:0.000543s ]
INFO: [ view_filter ] --END-- [ RunTime:0.000579s ]
INFO: [ app_end ] --START--
INFO: Run Behavior\ShowPageTraceBehavior [ RunTime:0.000722s ]
INFO: [ app_end ] --END-- [ RunTime:0.000765s ]

