[ 2018-05-13T20:03:45+08:00 ] ::1 /
INFO: [ app_init ] --START--
INFO: Run Behavior\BuildLiteBehavior [ RunTime:0.000040s ]
INFO: [ app_init ] --END-- [ RunTime:0.008753s ]
INFO: [ app_begin ] --START--
INFO: Run Behavior\ReadHtmlCacheBehavior [ RunTime:0.001444s ]
INFO: [ app_begin ] --END-- [ RunTime:0.001565s ]

[ 2018-05-13T20:03:46+08:00 ] ::1 /index.php/Home/User/login.html
INFO: [ app_init ] --START--
INFO: Run Behavior\BuildLiteBehavior [ RunTime:0.000013s ]
INFO: [ app_init ] --END-- [ RunTime:0.000380s ]
INFO: [ app_begin ] --START--
INFO: Run Behavior\ReadHtmlCacheBehavior [ RunTime:0.000487s ]
INFO: [ app_begin ] --END-- [ RunTime:0.000541s ]
INFO: [ view_parse ] --START--
INFO: [ template_filter ] --START--
INFO: Run Behavior\ContentReplaceBehavior [ RunTime:0.002721s ]
INFO: [ template_filter ] --END-- [ RunTime:0.002879s ]
NOTIC: [8] Undefined variable: msg /Users/tangyihang/Desktop/wwwroot/prize.zhiying365.com/Application/Runtime/Cache/Home/5c9ee6d19cd41add49f97afe3aef0b25.php 第 11 行.
INFO: Run Behavior\ParseTemplateBehavior [ RunTime:0.035467s ]
INFO: [ view_parse ] --END-- [ RunTime:0.035569s ]
INFO: [ view_filter ] --START--
INFO: Run Behavior\WriteHtmlCacheBehavior [ RunTime:0.004106s ]
INFO: [ view_filter ] --END-- [ RunTime:0.004194s ]
INFO: [ app_end ] --START--
INFO: Run Behavior\ShowPageTraceBehavior [ RunTime:0.004673s ]
INFO: [ app_end ] --END-- [ RunTime:0.004800s ]

[ 2018-05-13T20:03:46+08:00 ] ::1 /index.php/home/user/verify.html
INFO: [ app_init ] --START--
INFO: Run Behavior\BuildLiteBehavior [ RunTime:0.000030s ]
INFO: [ app_init ] --END-- [ RunTime:0.000453s ]
INFO: [ app_begin ] --START--
INFO: Run Behavior\ReadHtmlCacheBehavior [ RunTime:0.000824s ]
INFO: [ app_begin ] --END-- [ RunTime:0.000921s ]
INFO: [ app_end ] --START--
INFO: Run Behavior\ShowPageTraceBehavior [ RunTime:0.001665s ]
INFO: [ app_end ] --END-- [ RunTime:0.001784s ]

[ 2018-05-13T20:03:52+08:00 ] ::1 /index.php/home/user/checklogin.html
INFO: [ app_init ] --START--
INFO: Run Behavior\BuildLiteBehavior [ RunTime:0.000018s ]
INFO: [ app_init ] --END-- [ RunTime:0.001078s ]
INFO: [ app_begin ] --START--
INFO: Run Behavior\ReadHtmlCacheBehavior [ RunTime:0.000613s ]
INFO: [ app_begin ] --END-- [ RunTime:0.000674s ]
SQL: SHOW COLUMNS FROM `user` [ RunTime:0.0357s ]
SQL: SELECT * FROM `user` WHERE `username` = 'zy_admin' LIMIT 1   [ RunTime:0.0031s ]
NOTIC: [8] iconv(): Unknown error (22) /Users/tangyihang/Desktop/wwwroot/prize.zhiying365.com/Application/Home/Controller/UserController.class.php 第 54 行.
INFO: [ view_parse ] --START--
INFO: [ template_filter ] --START--
INFO: Run Behavior\ContentReplaceBehavior [ RunTime:0.000058s ]
INFO: [ template_filter ] --END-- [ RunTime:0.000120s ]
INFO: Run Behavior\ParseTemplateBehavior [ RunTime:0.012900s ]
INFO: [ view_parse ] --END-- [ RunTime:0.013015s ]
INFO: [ view_filter ] --START--
INFO: Run Behavior\WriteHtmlCacheBehavior [ RunTime:0.000355s ]
INFO: [ view_filter ] --END-- [ RunTime:0.000439s ]
INFO: [ app_end ] --START--
INFO: Run Behavior\ShowPageTraceBehavior [ RunTime:0.000697s ]
INFO: [ app_end ] --END-- [ RunTime:0.000755s ]

[ 2018-05-13T20:03:53+08:00 ] ::1 /index.php/Home/
INFO: [ app_init ] --START--
INFO: Run Behavior\BuildLiteBehavior [ RunTime:0.000014s ]
INFO: [ app_init ] --END-- [ RunTime:0.000359s ]
INFO: [ app_begin ] --START--
INFO: Run Behavior\ReadHtmlCacheBehavior [ RunTime:0.000481s ]
INFO: [ app_begin ] --END-- [ RunTime:0.000534s ]
SQL: SHOW COLUMNS FROM `user` [ RunTime:0.0103s ]
INFO: [ view_parse ] --START--
INFO: [ template_filter ] --START--
INFO: Run Behavior\ContentReplaceBehavior [ RunTime:0.000099s ]
INFO: [ template_filter ] --END-- [ RunTime:0.000169s ]
INFO: Run Behavior\ParseTemplateBehavior [ RunTime:0.027765s ]
INFO: [ view_parse ] --END-- [ RunTime:0.027886s ]
INFO: [ view_filter ] --START--
INFO: Run Behavior\WriteHtmlCacheBehavior [ RunTime:0.000260s ]
INFO: [ view_filter ] --END-- [ RunTime:0.000318s ]
INFO: [ app_end ] --START--
INFO: Run Behavior\ShowPageTraceBehavior [ RunTime:0.000824s ]
INFO: [ app_end ] --END-- [ RunTime:0.000909s ]

[ 2018-05-13T20:03:55+08:00 ] ::1 /index.php/Home/Result/jingcai?_=1526213034979
INFO: [ app_init ] --START--
INFO: Run Behavior\BuildLiteBehavior [ RunTime:0.000022s ]
INFO: [ app_init ] --END-- [ RunTime:0.000667s ]
INFO: [ app_begin ] --START--
INFO: Run Behavior\ReadHtmlCacheBehavior [ RunTime:0.002477s ]
INFO: [ app_begin ] --END-- [ RunTime:0.002574s ]
NOTIC: [2048] Declaration of Home\Controller\ResultController::saveToDB() should be compatible with Home\Controller\BaseController::saveToDB($model, $data, $type = 'basketball') /Users/tangyihang/Desktop/wwwroot/prize.zhiying365.com/Application/Home/Controller/ResultController.class.php 第 4 行.
NOTIC: [8] Undefined variable: act /Users/tangyihang/Desktop/wwwroot/prize.zhiying365.com/Application/Home/Controller/ResultController.class.php 第 16 行.
INFO: [ view_parse ] --START--
INFO: [ template_filter ] --START--
INFO: Run Behavior\ContentReplaceBehavior [ RunTime:0.000048s ]
INFO: [ template_filter ] --END-- [ RunTime:0.000107s ]
NOTIC: [8] Undefined variable: currentPage /Users/tangyihang/Desktop/wwwroot/prize.zhiying365.com/Application/Runtime/Cache/Home/08dbf0cc8beabc0370dff644d2c962d6.php 第 6 行.
NOTIC: [8] Undefined variable: numPerPage /Users/tangyihang/Desktop/wwwroot/prize.zhiying365.com/Application/Runtime/Cache/Home/08dbf0cc8beabc0370dff644d2c962d6.php 第 7 行.
NOTIC: [8] Undefined variable: resultlist /Users/tangyihang/Desktop/wwwroot/prize.zhiying365.com/Application/Runtime/Cache/Home/08dbf0cc8beabc0370dff644d2c962d6.php 第 63 行.
NOTIC: [8] Undefined variable: numPerPage /Users/tangyihang/Desktop/wwwroot/prize.zhiying365.com/Application/Runtime/Cache/Home/08dbf0cc8beabc0370dff644d2c962d6.php 第 83 行.
NOTIC: [8] Undefined variable: numPerPage /Users/tangyihang/Desktop/wwwroot/prize.zhiying365.com/Application/Runtime/Cache/Home/08dbf0cc8beabc0370dff644d2c962d6.php 第 84 行.
NOTIC: [8] Undefined variable: numPerPage /Users/tangyihang/Desktop/wwwroot/prize.zhiying365.com/Application/Runtime/Cache/Home/08dbf0cc8beabc0370dff644d2c962d6.php 第 85 行.
NOTIC: [8] Undefined variable: numPerPage /Users/tangyihang/Desktop/wwwroot/prize.zhiying365.com/Application/Runtime/Cache/Home/08dbf0cc8beabc0370dff644d2c962d6.php 第 86 行.
NOTIC: [8] Undefined variable: pageTotal /Users/tangyihang/Desktop/wwwroot/prize.zhiying365.com/Application/Runtime/Cache/Home/08dbf0cc8beabc0370dff644d2c962d6.php 第 88 行.
NOTIC: [8] Undefined variable: totalCount /Users/tangyihang/Desktop/wwwroot/prize.zhiying365.com/Application/Runtime/Cache/Home/08dbf0cc8beabc0370dff644d2c962d6.php 第 90 行.
NOTIC: [8] Undefined variable: numPerPage /Users/tangyihang/Desktop/wwwroot/prize.zhiying365.com/Application/Runtime/Cache/Home/08dbf0cc8beabc0370dff644d2c962d6.php 第 90 行.
NOTIC: [8] Undefined variable: pageNumShown /Users/tangyihang/Desktop/wwwroot/prize.zhiying365.com/Application/Runtime/Cache/Home/08dbf0cc8beabc0370dff644d2c962d6.php 第 90 行.
NOTIC: [8] Undefined variable: currentPage /Users/tangyihang/Desktop/wwwroot/prize.zhiying365.com/Application/Runtime/Cache/Home/08dbf0cc8beabc0370dff644d2c962d6.php 第 90 行.
INFO: Run Behavior\ParseTemplateBehavior [ RunTime:0.029627s ]
INFO: [ view_parse ] --END-- [ RunTime:0.029701s ]
INFO: [ view_filter ] --START--
INFO: Run Behavior\WriteHtmlCacheBehavior [ RunTime:0.000513s ]
INFO: [ view_filter ] --END-- [ RunTime:0.000592s ]
INFO: [ app_end ] --START--
INFO: Run Behavior\ShowPageTraceBehavior [ RunTime:0.000867s ]
INFO: [ app_end ] --END-- [ RunTime:0.001075s ]

[ 2018-05-13T20:03:56+08:00 ] ::1 /index.php/Home/Result/lancai?_=1526213036597
INFO: [ app_init ] --START--
INFO: Run Behavior\BuildLiteBehavior [ RunTime:0.000028s ]
INFO: [ app_init ] --END-- [ RunTime:0.000565s ]
INFO: [ app_begin ] --START--
INFO: Run Behavior\ReadHtmlCacheBehavior [ RunTime:0.000478s ]
INFO: [ app_begin ] --END-- [ RunTime:0.000526s ]
NOTIC: [2048] Declaration of Home\Controller\ResultController::saveToDB() should be compatible with Home\Controller\BaseController::saveToDB($model, $data, $type = 'basketball') /Users/tangyihang/Desktop/wwwroot/prize.zhiying365.com/Application/Home/Controller/ResultController.class.php 第 4 行.
NOTIC: [8] Undefined variable: act /Users/tangyihang/Desktop/wwwroot/prize.zhiying365.com/Application/Home/Controller/ResultController.class.php 第 68 行.
INFO: [ view_parse ] --START--
INFO: [ template_filter ] --START--
INFO: Run Behavior\ContentReplaceBehavior [ RunTime:0.000067s ]
INFO: [ template_filter ] --END-- [ RunTime:0.000124s ]
NOTIC: [8] Undefined variable: currentPage /Users/tangyihang/Desktop/wwwroot/prize.zhiying365.com/Application/Runtime/Cache/Home/4639d739043498a0d832a6053955b10f.php 第 6 行.
NOTIC: [8] Undefined variable: numPerPage /Users/tangyihang/Desktop/wwwroot/prize.zhiying365.com/Application/Runtime/Cache/Home/4639d739043498a0d832a6053955b10f.php 第 7 行.
NOTIC: [8] Undefined variable: resultlist /Users/tangyihang/Desktop/wwwroot/prize.zhiying365.com/Application/Runtime/Cache/Home/4639d739043498a0d832a6053955b10f.php 第 67 行.
NOTIC: [8] Undefined variable: numPerPage /Users/tangyihang/Desktop/wwwroot/prize.zhiying365.com/Application/Runtime/Cache/Home/4639d739043498a0d832a6053955b10f.php 第 91 行.
NOTIC: [8] Undefined variable: numPerPage /Users/tangyihang/Desktop/wwwroot/prize.zhiying365.com/Application/Runtime/Cache/Home/4639d739043498a0d832a6053955b10f.php 第 92 行.
NOTIC: [8] Undefined variable: numPerPage /Users/tangyihang/Desktop/wwwroot/prize.zhiying365.com/Application/Runtime/Cache/Home/4639d739043498a0d832a6053955b10f.php 第 93 行.
NOTIC: [8] Undefined variable: numPerPage /Users/tangyihang/Desktop/wwwroot/prize.zhiying365.com/Application/Runtime/Cache/Home/4639d739043498a0d832a6053955b10f.php 第 94 行.
NOTIC: [8] Undefined variable: pageTotal /Users/tangyihang/Desktop/wwwroot/prize.zhiying365.com/Application/Runtime/Cache/Home/4639d739043498a0d832a6053955b10f.php 第 96 行.
NOTIC: [8] Undefined variable: totalCount /Users/tangyihang/Desktop/wwwroot/prize.zhiying365.com/Application/Runtime/Cache/Home/4639d739043498a0d832a6053955b10f.php 第 98 行.
NOTIC: [8] Undefined variable: numPerPage /Users/tangyihang/Desktop/wwwroot/prize.zhiying365.com/Application/Runtime/Cache/Home/4639d739043498a0d832a6053955b10f.php 第 98 行.
NOTIC: [8] Undefined variable: pageNumShown /Users/tangyihang/Desktop/wwwroot/prize.zhiying365.com/Application/Runtime/Cache/Home/4639d739043498a0d832a6053955b10f.php 第 98 行.
NOTIC: [8] Undefined variable: currentPage /Users/tangyihang/Desktop/wwwroot/prize.zhiying365.com/Application/Runtime/Cache/Home/4639d739043498a0d832a6053955b10f.php 第 98 行.
INFO: Run Behavior\ParseTemplateBehavior [ RunTime:0.025243s ]
INFO: [ view_parse ] --END-- [ RunTime:0.025310s ]
INFO: [ view_filter ] --START--
INFO: Run Behavior\WriteHtmlCacheBehavior [ RunTime:0.000295s ]
INFO: [ view_filter ] --END-- [ RunTime:0.000361s ]
INFO: [ app_end ] --START--
INFO: Run Behavior\ShowPageTraceBehavior [ RunTime:0.000673s ]
INFO: [ app_end ] --END-- [ RunTime:0.000738s ]

[ 2018-05-13T20:03:57+08:00 ] ::1 /index.php/Home/Result/jingcai?_=1526213037391
INFO: [ app_init ] --START--
INFO: Run Behavior\BuildLiteBehavior [ RunTime:0.000013s ]
INFO: [ app_init ] --END-- [ RunTime:0.000363s ]
INFO: [ app_begin ] --START--
INFO: Run Behavior\ReadHtmlCacheBehavior [ RunTime:0.000547s ]
INFO: [ app_begin ] --END-- [ RunTime:0.000600s ]
NOTIC: [2048] Declaration of Home\Controller\ResultController::saveToDB() should be compatible with Home\Controller\BaseController::saveToDB($model, $data, $type = 'basketball') /Users/tangyihang/Desktop/wwwroot/prize.zhiying365.com/Application/Home/Controller/ResultController.class.php 第 4 行.
NOTIC: [8] Undefined variable: act /Users/tangyihang/Desktop/wwwroot/prize.zhiying365.com/Application/Home/Controller/ResultController.class.php 第 16 行.
INFO: [ view_parse ] --START--
INFO: [ template_filter ] --START--
INFO: Run Behavior\ContentReplaceBehavior [ RunTime:0.000046s ]
INFO: [ template_filter ] --END-- [ RunTime:0.000103s ]
NOTIC: [8] Undefined variable: currentPage /Users/tangyihang/Desktop/wwwroot/prize.zhiying365.com/Application/Runtime/Cache/Home/08dbf0cc8beabc0370dff644d2c962d6.php 第 6 行.
NOTIC: [8] Undefined variable: numPerPage /Users/tangyihang/Desktop/wwwroot/prize.zhiying365.com/Application/Runtime/Cache/Home/08dbf0cc8beabc0370dff644d2c962d6.php 第 7 行.
NOTIC: [8] Undefined variable: resultlist /Users/tangyihang/Desktop/wwwroot/prize.zhiying365.com/Application/Runtime/Cache/Home/08dbf0cc8beabc0370dff644d2c962d6.php 第 63 行.
NOTIC: [8] Undefined variable: numPerPage /Users/tangyihang/Desktop/wwwroot/prize.zhiying365.com/Application/Runtime/Cache/Home/08dbf0cc8beabc0370dff644d2c962d6.php 第 83 行.
NOTIC: [8] Undefined variable: numPerPage /Users/tangyihang/Desktop/wwwroot/prize.zhiying365.com/Application/Runtime/Cache/Home/08dbf0cc8beabc0370dff644d2c962d6.php 第 84 行.
NOTIC: [8] Undefined variable: numPerPage /Users/tangyihang/Desktop/wwwroot/prize.zhiying365.com/Application/Runtime/Cache/Home/08dbf0cc8beabc0370dff644d2c962d6.php 第 85 行.
NOTIC: [8] Undefined variable: numPerPage /Users/tangyihang/Desktop/wwwroot/prize.zhiying365.com/Application/Runtime/Cache/Home/08dbf0cc8beabc0370dff644d2c962d6.php 第 86 行.
NOTIC: [8] Undefined variable: pageTotal /Users/tangyihang/Desktop/wwwroot/prize.zhiying365.com/Application/Runtime/Cache/Home/08dbf0cc8beabc0370dff644d2c962d6.php 第 88 行.
NOTIC: [8] Undefined variable: totalCount /Users/tangyihang/Desktop/wwwroot/prize.zhiying365.com/Application/Runtime/Cache/Home/08dbf0cc8beabc0370dff644d2c962d6.php 第 90 行.
NOTIC: [8] Undefined variable: numPerPage /Users/tangyihang/Desktop/wwwroot/prize.zhiying365.com/Application/Runtime/Cache/Home/08dbf0cc8beabc0370dff644d2c962d6.php 第 90 行.
NOTIC: [8] Undefined variable: pageNumShown /Users/tangyihang/Desktop/wwwroot/prize.zhiying365.com/Application/Runtime/Cache/Home/08dbf0cc8beabc0370dff644d2c962d6.php 第 90 行.
NOTIC: [8] Undefined variable: currentPage /Users/tangyihang/Desktop/wwwroot/prize.zhiying365.com/Application/Runtime/Cache/Home/08dbf0cc8beabc0370dff644d2c962d6.php 第 90 行.
INFO: Run Behavior\ParseTemplateBehavior [ RunTime:0.013337s ]
INFO: [ view_parse ] --END-- [ RunTime:0.013389s ]
INFO: [ view_filter ] --START--
INFO: Run Behavior\WriteHtmlCacheBehavior [ RunTime:0.000201s ]
INFO: [ view_filter ] --END-- [ RunTime:0.000241s ]
INFO: [ app_end ] --START--
INFO: Run Behavior\ShowPageTraceBehavior [ RunTime:0.000582s ]
INFO: [ app_end ] --END-- [ RunTime:0.000630s ]

[ 2018-05-13T20:03:58+08:00 ] ::1 /index.php/Home/Result/add?act=jc&_=1526213038339
INFO: [ app_init ] --START--
INFO: Run Behavior\BuildLiteBehavior [ RunTime:0.000025s ]
INFO: [ app_init ] --END-- [ RunTime:0.000931s ]
INFO: [ app_begin ] --START--
INFO: Run Behavior\ReadHtmlCacheBehavior [ RunTime:0.000602s ]
INFO: [ app_begin ] --END-- [ RunTime:0.000659s ]
NOTIC: [2048] Declaration of Home\Controller\ResultController::saveToDB() should be compatible with Home\Controller\BaseController::saveToDB($model, $data, $type = 'basketball') /Users/tangyihang/Desktop/wwwroot/prize.zhiying365.com/Application/Home/Controller/ResultController.class.php 第 4 行.
INFO: [ view_parse ] --START--
INFO: [ template_filter ] --START--
INFO: Run Behavior\ContentReplaceBehavior [ RunTime:0.000039s ]
INFO: [ template_filter ] --END-- [ RunTime:0.000096s ]
NOTIC: [8] Undefined variable: kjinfo /Users/tangyihang/Desktop/wwwroot/prize.zhiying365.com/Application/Runtime/Cache/Home/7bbcf4f470e92b6cd320f4b28ff89709.php 第 4 行.
INFO: Run Behavior\ParseTemplateBehavior [ RunTime:0.022724s ]
INFO: [ view_parse ] --END-- [ RunTime:0.022918s ]
INFO: [ view_filter ] --START--
INFO: Run Behavior\WriteHtmlCacheBehavior [ RunTime:0.001052s ]
INFO: [ view_filter ] --END-- [ RunTime:0.001195s ]
INFO: [ app_end ] --START--
INFO: Run Behavior\ShowPageTraceBehavior [ RunTime:0.000970s ]
INFO: [ app_end ] --END-- [ RunTime:0.001073s ]

[ 2018-05-13T20:04:02+08:00 ] ::1 /index.php/Home/Result/jingcai?_=1526213042135
INFO: [ app_init ] --START--
INFO: Run Behavior\BuildLiteBehavior [ RunTime:0.000016s ]
INFO: [ app_init ] --END-- [ RunTime:0.000405s ]
INFO: [ app_begin ] --START--
INFO: Run Behavior\ReadHtmlCacheBehavior [ RunTime:0.000522s ]
INFO: [ app_begin ] --END-- [ RunTime:0.000574s ]
NOTIC: [2048] Declaration of Home\Controller\ResultController::saveToDB() should be compatible with Home\Controller\BaseController::saveToDB($model, $data, $type = 'basketball') /Users/tangyihang/Desktop/wwwroot/prize.zhiying365.com/Application/Home/Controller/ResultController.class.php 第 4 行.
NOTIC: [8] Undefined variable: act /Users/tangyihang/Desktop/wwwroot/prize.zhiying365.com/Application/Home/Controller/ResultController.class.php 第 16 行.
INFO: [ view_parse ] --START--
INFO: [ template_filter ] --START--
INFO: Run Behavior\ContentReplaceBehavior [ RunTime:0.000045s ]
INFO: [ template_filter ] --END-- [ RunTime:0.000103s ]
NOTIC: [8] Undefined variable: currentPage /Users/tangyihang/Desktop/wwwroot/prize.zhiying365.com/Application/Runtime/Cache/Home/08dbf0cc8beabc0370dff644d2c962d6.php 第 6 行.
NOTIC: [8] Undefined variable: numPerPage /Users/tangyihang/Desktop/wwwroot/prize.zhiying365.com/Application/Runtime/Cache/Home/08dbf0cc8beabc0370dff644d2c962d6.php 第 7 行.
NOTIC: [8] Undefined variable: resultlist /Users/tangyihang/Desktop/wwwroot/prize.zhiying365.com/Application/Runtime/Cache/Home/08dbf0cc8beabc0370dff644d2c962d6.php 第 63 行.
NOTIC: [8] Undefined variable: numPerPage /Users/tangyihang/Desktop/wwwroot/prize.zhiying365.com/Application/Runtime/Cache/Home/08dbf0cc8beabc0370dff644d2c962d6.php 第 83 行.
NOTIC: [8] Undefined variable: numPerPage /Users/tangyihang/Desktop/wwwroot/prize.zhiying365.com/Application/Runtime/Cache/Home/08dbf0cc8beabc0370dff644d2c962d6.php 第 84 行.
NOTIC: [8] Undefined variable: numPerPage /Users/tangyihang/Desktop/wwwroot/prize.zhiying365.com/Application/Runtime/Cache/Home/08dbf0cc8beabc0370dff644d2c962d6.php 第 85 行.
NOTIC: [8] Undefined variable: numPerPage /Users/tangyihang/Desktop/wwwroot/prize.zhiying365.com/Application/Runtime/Cache/Home/08dbf0cc8beabc0370dff644d2c962d6.php 第 86 行.
NOTIC: [8] Undefined variable: pageTotal /Users/tangyihang/Desktop/wwwroot/prize.zhiying365.com/Application/Runtime/Cache/Home/08dbf0cc8beabc0370dff644d2c962d6.php 第 88 行.
NOTIC: [8] Undefined variable: totalCount /Users/tangyihang/Desktop/wwwroot/prize.zhiying365.com/Application/Runtime/Cache/Home/08dbf0cc8beabc0370dff644d2c962d6.php 第 90 行.
NOTIC: [8] Undefined variable: numPerPage /Users/tangyihang/Desktop/wwwroot/prize.zhiying365.com/Application/Runtime/Cache/Home/08dbf0cc8beabc0370dff644d2c962d6.php 第 90 行.
NOTIC: [8] Undefined variable: pageNumShown /Users/tangyihang/Desktop/wwwroot/prize.zhiying365.com/Application/Runtime/Cache/Home/08dbf0cc8beabc0370dff644d2c962d6.php 第 90 行.
NOTIC: [8] Undefined variable: currentPage /Users/tangyihang/Desktop/wwwroot/prize.zhiying365.com/Application/Runtime/Cache/Home/08dbf0cc8beabc0370dff644d2c962d6.php 第 90 行.
INFO: Run Behavior\ParseTemplateBehavior [ RunTime:0.013169s ]
INFO: [ view_parse ] --END-- [ RunTime:0.013234s ]
INFO: [ view_filter ] --START--
INFO: Run Behavior\WriteHtmlCacheBehavior [ RunTime:0.000196s ]
INFO: [ view_filter ] --END-- [ RunTime:0.000238s ]
INFO: [ app_end ] --START--
INFO: Run Behavior\ShowPageTraceBehavior [ RunTime:0.000820s ]
INFO: [ app_end ] --END-- [ RunTime:0.000902s ]

