[ 2018-05-22T21:58:57+08:00 ] ::1 /
INFO: [ app_init ] --START--
INFO: Run Behavior\BuildLiteBehavior [ RunTime:0.002651s ]
INFO: [ app_init ] --END-- [ RunTime:0.010755s ]
INFO: [ app_begin ] --START--
INFO: Run Behavior\ReadHtmlCacheBehavior [ RunTime:0.008277s ]
INFO: [ app_begin ] --END-- [ RunTime:0.008485s ]

[ 2018-05-22T21:58:57+08:00 ] ::1 /index.php/Home/User/login.html
INFO: [ app_init ] --START--
INFO: Run Behavior\BuildLiteBehavior [ RunTime:0.000017s ]
INFO: [ app_init ] --END-- [ RunTime:0.000447s ]
INFO: [ app_begin ] --START--
INFO: Run Behavior\ReadHtmlCacheBehavior [ RunTime:0.000607s ]
INFO: [ app_begin ] --END-- [ RunTime:0.000678s ]
INFO: [ view_parse ] --START--
INFO: [ template_filter ] --START--
INFO: Run Behavior\ContentReplaceBehavior [ RunTime:0.001479s ]
INFO: [ template_filter ] --END-- [ RunTime:0.001609s ]
NOTIC: [8] Undefined variable: msg /Users/tangyihang/Desktop/wwwroot/prize.zhiying365.com/Application/Runtime/Cache/Home/5c9ee6d19cd41add49f97afe3aef0b25.php 第 11 行.
INFO: Run Behavior\ParseTemplateBehavior [ RunTime:0.048011s ]
INFO: [ view_parse ] --END-- [ RunTime:0.048092s ]
INFO: [ view_filter ] --START--
INFO: Run Behavior\WriteHtmlCacheBehavior [ RunTime:0.003439s ]
INFO: [ view_filter ] --END-- [ RunTime:0.003503s ]
INFO: [ app_end ] --START--
INFO: Run Behavior\ShowPageTraceBehavior [ RunTime:0.004169s ]
INFO: [ app_end ] --END-- [ RunTime:0.004264s ]

[ 2018-05-22T21:58:57+08:00 ] ::1 /index.php/home/user/verify.html
INFO: [ app_init ] --START--
INFO: Run Behavior\BuildLiteBehavior [ RunTime:0.000022s ]
INFO: [ app_init ] --END-- [ RunTime:0.000518s ]
INFO: [ app_begin ] --START--
INFO: Run Behavior\ReadHtmlCacheBehavior [ RunTime:0.000709s ]
INFO: [ app_begin ] --END-- [ RunTime:0.000796s ]
INFO: [ app_end ] --START--
INFO: Run Behavior\ShowPageTraceBehavior [ RunTime:0.001251s ]
INFO: [ app_end ] --END-- [ RunTime:0.001394s ]

