[ 2018-05-01T01:00:50+08:00 ] 106.11.227.6 /
INFO: [ app_init ] --START--
INFO: Run Behavior\BuildLiteBehavior [ RunTime:0.000011s ]
INFO: [ app_init ] --END-- [ RunTime:0.000297s ]
INFO: [ app_begin ] --START--
INFO: Run Behavior\ReadHtmlCacheBehavior [ RunTime:0.000332s ]
INFO: [ app_begin ] --END-- [ RunTime:0.000365s ]

[ 2018-05-01T01:00:50+08:00 ] 106.11.227.144 /index.php/Home/User/login.html
INFO: [ app_init ] --START--
INFO: Run Behavior\BuildLiteBehavior [ RunTime:0.000012s ]
INFO: [ app_init ] --END-- [ RunTime:0.000246s ]
INFO: [ app_begin ] --START--
INFO: Run Behavior\ReadHtmlCacheBehavior [ RunTime:0.000334s ]
INFO: [ app_begin ] --END-- [ RunTime:0.000367s ]
INFO: [ view_parse ] --START--
INFO: [ template_filter ] --START--
INFO: Run Behavior\ContentReplaceBehavior [ RunTime:0.000024s ]
INFO: [ template_filter ] --END-- [ RunTime:0.000053s ]
NOTIC: [8] Undefined variable: msg /home/wwwroot/prize.zhiying365.com/Application/Runtime/Cache/Home/5c9ee6d19cd41add49f97afe3aef0b25.php 第 11 行.
INFO: Run Behavior\ParseTemplateBehavior [ RunTime:0.003493s ]
INFO: [ view_parse ] --END-- [ RunTime:0.003522s ]
INFO: [ view_filter ] --START--
INFO: Run Behavior\WriteHtmlCacheBehavior [ RunTime:0.000124s ]
INFO: [ view_filter ] --END-- [ RunTime:0.000146s ]
INFO: [ app_end ] --START--
INFO: Run Behavior\ShowPageTraceBehavior [ RunTime:0.000296s ]
INFO: [ app_end ] --END-- [ RunTime:0.000321s ]

[ 2018-05-01T09:05:40+08:00 ] 117.87.119.149 /index.php/Home/
INFO: [ app_init ] --START--
INFO: Run Behavior\BuildLiteBehavior [ RunTime:0.000010s ]
INFO: [ app_init ] --END-- [ RunTime:0.000234s ]
INFO: [ app_begin ] --START--
INFO: Run Behavior\ReadHtmlCacheBehavior [ RunTime:0.000280s ]
INFO: [ app_begin ] --END-- [ RunTime:0.000309s ]

[ 2018-05-01T09:05:42+08:00 ] 117.87.119.149 /index.php/Home/
INFO: [ app_init ] --START--
INFO: Run Behavior\BuildLiteBehavior [ RunTime:0.000011s ]
INFO: [ app_init ] --END-- [ RunTime:0.000245s ]
INFO: [ app_begin ] --START--
INFO: Run Behavior\ReadHtmlCacheBehavior [ RunTime:0.000337s ]
INFO: [ app_begin ] --END-- [ RunTime:0.000372s ]

[ 2018-05-01T09:05:42+08:00 ] 117.87.119.149 /index.php/Home/User/login.html
INFO: [ app_init ] --START--
INFO: Run Behavior\BuildLiteBehavior [ RunTime:0.000012s ]
INFO: [ app_init ] --END-- [ RunTime:0.000240s ]
INFO: [ app_begin ] --START--
INFO: Run Behavior\ReadHtmlCacheBehavior [ RunTime:0.000320s ]
INFO: [ app_begin ] --END-- [ RunTime:0.000354s ]
INFO: [ view_parse ] --START--
INFO: [ template_filter ] --START--
INFO: Run Behavior\ContentReplaceBehavior [ RunTime:0.000024s ]
INFO: [ template_filter ] --END-- [ RunTime:0.000051s ]
NOTIC: [8] Undefined variable: msg /home/wwwroot/prize.zhiying365.com/Application/Runtime/Cache/Home/5c9ee6d19cd41add49f97afe3aef0b25.php 第 11 行.
INFO: Run Behavior\ParseTemplateBehavior [ RunTime:0.003406s ]
INFO: [ view_parse ] --END-- [ RunTime:0.003435s ]
INFO: [ view_filter ] --START--
INFO: Run Behavior\WriteHtmlCacheBehavior [ RunTime:0.000119s ]
INFO: [ view_filter ] --END-- [ RunTime:0.000141s ]
INFO: [ app_end ] --START--
INFO: Run Behavior\ShowPageTraceBehavior [ RunTime:0.000288s ]
INFO: [ app_end ] --END-- [ RunTime:0.000312s ]

[ 2018-05-01T09:05:44+08:00 ] 117.87.119.149 /index.php/home/user/verify.html
INFO: [ app_init ] --START--
INFO: Run Behavior\BuildLiteBehavior [ RunTime:0.000011s ]
INFO: [ app_init ] --END-- [ RunTime:0.000212s ]
INFO: [ app_begin ] --START--
INFO: Run Behavior\ReadHtmlCacheBehavior [ RunTime:0.000296s ]
INFO: [ app_begin ] --END-- [ RunTime:0.000325s ]
INFO: [ app_end ] --START--
INFO: Run Behavior\ShowPageTraceBehavior [ RunTime:0.000309s ]
INFO: [ app_end ] --END-- [ RunTime:0.000343s ]

[ 2018-05-01T09:05:51+08:00 ] 117.87.119.149 /index.php/home/user/checklogin.html
INFO: [ app_init ] --START--
INFO: Run Behavior\BuildLiteBehavior [ RunTime:0.000011s ]
INFO: [ app_init ] --END-- [ RunTime:0.000251s ]
INFO: [ app_begin ] --START--
INFO: Run Behavior\ReadHtmlCacheBehavior [ RunTime:0.000335s ]
INFO: [ app_begin ] --END-- [ RunTime:0.000371s ]
SQL: SHOW COLUMNS FROM `user` [ RunTime:0.0006s ]
SQL: SELECT * FROM `user` WHERE `username` = 'zy_admin' LIMIT 1   [ RunTime:0.0002s ]
NOTIC: [8] iconv(): Unknown error (22) /home/wwwroot/prize.zhiying365.com/Application/Home/Controller/UserController.class.php 第 54 行.
INFO: [ view_parse ] --START--
INFO: [ template_filter ] --START--
INFO: Run Behavior\ContentReplaceBehavior [ RunTime:0.000023s ]
INFO: [ template_filter ] --END-- [ RunTime:0.000050s ]
INFO: Run Behavior\ParseTemplateBehavior [ RunTime:0.002938s ]
INFO: [ view_parse ] --END-- [ RunTime:0.002966s ]
INFO: [ view_filter ] --START--
INFO: Run Behavior\WriteHtmlCacheBehavior [ RunTime:0.000122s ]
INFO: [ view_filter ] --END-- [ RunTime:0.000144s ]
INFO: [ app_end ] --START--
INFO: Run Behavior\ShowPageTraceBehavior [ RunTime:0.000300s ]
INFO: [ app_end ] --END-- [ RunTime:0.000324s ]

[ 2018-05-01T09:05:52+08:00 ] 117.87.119.149 /index.php/Home/
INFO: [ app_init ] --START--
INFO: Run Behavior\BuildLiteBehavior [ RunTime:0.000009s ]
INFO: [ app_init ] --END-- [ RunTime:0.000219s ]
INFO: [ app_begin ] --START--
INFO: Run Behavior\ReadHtmlCacheBehavior [ RunTime:0.000282s ]
INFO: [ app_begin ] --END-- [ RunTime:0.000312s ]
SQL: SHOW COLUMNS FROM `user` [ RunTime:0.0005s ]
INFO: [ view_parse ] --START--
INFO: [ template_filter ] --START--
INFO: Run Behavior\ContentReplaceBehavior [ RunTime:0.000037s ]
INFO: [ template_filter ] --END-- [ RunTime:0.000067s ]
INFO: Run Behavior\ParseTemplateBehavior [ RunTime:0.004312s ]
INFO: [ view_parse ] --END-- [ RunTime:0.004342s ]
INFO: [ view_filter ] --START--
INFO: Run Behavior\WriteHtmlCacheBehavior [ RunTime:0.000118s ]
INFO: [ view_filter ] --END-- [ RunTime:0.000140s ]
INFO: [ app_end ] --START--
INFO: Run Behavior\ShowPageTraceBehavior [ RunTime:0.000282s ]
INFO: [ app_end ] --END-- [ RunTime:0.000309s ]

[ 2018-05-01T09:05:55+08:00 ] 117.87.119.149 /index.php/Home/Result/lancai?_=1525136758275
INFO: [ app_init ] --START--
INFO: Run Behavior\BuildLiteBehavior [ RunTime:0.000009s ]
INFO: [ app_init ] --END-- [ RunTime:0.000214s ]
INFO: [ app_begin ] --START--
INFO: Run Behavior\ReadHtmlCacheBehavior [ RunTime:0.000285s ]
INFO: [ app_begin ] --END-- [ RunTime:0.000312s ]
NOTIC: [2048] Declaration of Home\Controller\ResultController::saveToDB() should be compatible with Home\Controller\BaseController::saveToDB($model, $data, $type = 'basketball') /home/wwwroot/prize.zhiying365.com/Application/Home/Controller/ResultController.class.php 第 4 行.
NOTIC: [8] Undefined variable: act /home/wwwroot/prize.zhiying365.com/Application/Home/Controller/ResultController.class.php 第 68 行.
INFO: [ view_parse ] --START--
INFO: [ template_filter ] --START--
INFO: Run Behavior\ContentReplaceBehavior [ RunTime:0.000031s ]
INFO: [ template_filter ] --END-- [ RunTime:0.000057s ]
NOTIC: [8] Undefined variable: currentPage /home/wwwroot/prize.zhiying365.com/Application/Runtime/Cache/Home/4639d739043498a0d832a6053955b10f.php 第 6 行.
NOTIC: [8] Undefined variable: numPerPage /home/wwwroot/prize.zhiying365.com/Application/Runtime/Cache/Home/4639d739043498a0d832a6053955b10f.php 第 7 行.
NOTIC: [8] Undefined variable: resultlist /home/wwwroot/prize.zhiying365.com/Application/Runtime/Cache/Home/4639d739043498a0d832a6053955b10f.php 第 67 行.
NOTIC: [8] Undefined variable: numPerPage /home/wwwroot/prize.zhiying365.com/Application/Runtime/Cache/Home/4639d739043498a0d832a6053955b10f.php 第 91 行.
NOTIC: [8] Undefined variable: numPerPage /home/wwwroot/prize.zhiying365.com/Application/Runtime/Cache/Home/4639d739043498a0d832a6053955b10f.php 第 92 行.
NOTIC: [8] Undefined variable: numPerPage /home/wwwroot/prize.zhiying365.com/Application/Runtime/Cache/Home/4639d739043498a0d832a6053955b10f.php 第 93 行.
NOTIC: [8] Undefined variable: numPerPage /home/wwwroot/prize.zhiying365.com/Application/Runtime/Cache/Home/4639d739043498a0d832a6053955b10f.php 第 94 行.
NOTIC: [8] Undefined variable: pageTotal /home/wwwroot/prize.zhiying365.com/Application/Runtime/Cache/Home/4639d739043498a0d832a6053955b10f.php 第 96 行.
NOTIC: [8] Undefined variable: totalCount /home/wwwroot/prize.zhiying365.com/Application/Runtime/Cache/Home/4639d739043498a0d832a6053955b10f.php 第 98 行.
NOTIC: [8] Undefined variable: numPerPage /home/wwwroot/prize.zhiying365.com/Application/Runtime/Cache/Home/4639d739043498a0d832a6053955b10f.php 第 98 行.
NOTIC: [8] Undefined variable: pageNumShown /home/wwwroot/prize.zhiying365.com/Application/Runtime/Cache/Home/4639d739043498a0d832a6053955b10f.php 第 98 行.
NOTIC: [8] Undefined variable: currentPage /home/wwwroot/prize.zhiying365.com/Application/Runtime/Cache/Home/4639d739043498a0d832a6053955b10f.php 第 98 行.
INFO: Run Behavior\ParseTemplateBehavior [ RunTime:0.005338s ]
INFO: [ view_parse ] --END-- [ RunTime:0.005362s ]
INFO: [ view_filter ] --START--
INFO: Run Behavior\WriteHtmlCacheBehavior [ RunTime:0.000129s ]
INFO: [ view_filter ] --END-- [ RunTime:0.000150s ]
INFO: [ app_end ] --START--
INFO: Run Behavior\ShowPageTraceBehavior [ RunTime:0.000275s ]
INFO: [ app_end ] --END-- [ RunTime:0.000299s ]

[ 2018-05-01T09:05:56+08:00 ] 117.87.119.149 /index.php/Home/Result/lancai
INFO: [ app_init ] --START--
INFO: Run Behavior\BuildLiteBehavior [ RunTime:0.000010s ]
INFO: [ app_init ] --END-- [ RunTime:0.000239s ]
INFO: [ app_begin ] --START--
INFO: Run Behavior\ReadHtmlCacheBehavior [ RunTime:0.000320s ]
INFO: [ app_begin ] --END-- [ RunTime:0.000353s ]
NOTIC: [2048] Declaration of Home\Controller\ResultController::saveToDB() should be compatible with Home\Controller\BaseController::saveToDB($model, $data, $type = 'basketball') /home/wwwroot/prize.zhiying365.com/Application/Home/Controller/ResultController.class.php 第 4 行.
SQL: SHOW COLUMNS FROM `tab_lottery_result_lancai` [ RunTime:0.0006s ]
SQL: SELECT * FROM `tab_lottery_result_lancai` WHERE `lotttime` = '2018-04-30' GROUP BY lotttime,ballid,first_score,two_score,three_score,four_score,add_score,full_score  [ RunTime:0.0032s ]
SQL: SELECT * FROM `tab_lottery_result_lancai` WHERE `lotttime` = '2018-04-30' GROUP BY lotttime,ballid,first_score,two_score,three_score,four_score,add_score,full_score HAVING count(*)<3 LIMIT 0,20   [ RunTime:0.0031s ]
NOTIC: [8] Undefined variable: pageTotal /home/wwwroot/prize.zhiying365.com/Application/Home/Controller/ResultController.class.php 第 99 行.
NOTIC: [8] Undefined variable: count /home/wwwroot/prize.zhiying365.com/Application/Home/Controller/ResultController.class.php 第 100 行.
INFO: [ view_parse ] --START--
INFO: [ template_filter ] --START--
INFO: Run Behavior\ContentReplaceBehavior [ RunTime:0.000031s ]
INFO: [ template_filter ] --END-- [ RunTime:0.000059s ]
INFO: Run Behavior\ParseTemplateBehavior [ RunTime:0.005227s ]
INFO: [ view_parse ] --END-- [ RunTime:0.005255s ]
INFO: [ view_filter ] --START--
INFO: Run Behavior\WriteHtmlCacheBehavior [ RunTime:0.000119s ]
INFO: [ view_filter ] --END-- [ RunTime:0.000139s ]
INFO: [ app_end ] --START--
INFO: Run Behavior\ShowPageTraceBehavior [ RunTime:0.000271s ]
INFO: [ app_end ] --END-- [ RunTime:0.000295s ]

[ 2018-05-01T09:05:57+08:00 ] 117.87.119.149 /index.php/Home/Result/jingcai?_=1525136760549
INFO: [ app_init ] --START--
INFO: Run Behavior\BuildLiteBehavior [ RunTime:0.000010s ]
INFO: [ app_init ] --END-- [ RunTime:0.000217s ]
INFO: [ app_begin ] --START--
INFO: Run Behavior\ReadHtmlCacheBehavior [ RunTime:0.000286s ]
INFO: [ app_begin ] --END-- [ RunTime:0.000313s ]
NOTIC: [2048] Declaration of Home\Controller\ResultController::saveToDB() should be compatible with Home\Controller\BaseController::saveToDB($model, $data, $type = 'basketball') /home/wwwroot/prize.zhiying365.com/Application/Home/Controller/ResultController.class.php 第 4 行.
NOTIC: [8] Undefined variable: act /home/wwwroot/prize.zhiying365.com/Application/Home/Controller/ResultController.class.php 第 16 行.
INFO: [ view_parse ] --START--
INFO: [ template_filter ] --START--
INFO: Run Behavior\ContentReplaceBehavior [ RunTime:0.000031s ]
INFO: [ template_filter ] --END-- [ RunTime:0.000057s ]
NOTIC: [8] Undefined variable: currentPage /home/wwwroot/prize.zhiying365.com/Application/Runtime/Cache/Home/08dbf0cc8beabc0370dff644d2c962d6.php 第 6 行.
NOTIC: [8] Undefined variable: numPerPage /home/wwwroot/prize.zhiying365.com/Application/Runtime/Cache/Home/08dbf0cc8beabc0370dff644d2c962d6.php 第 7 行.
NOTIC: [8] Undefined variable: resultlist /home/wwwroot/prize.zhiying365.com/Application/Runtime/Cache/Home/08dbf0cc8beabc0370dff644d2c962d6.php 第 63 行.
NOTIC: [8] Undefined variable: numPerPage /home/wwwroot/prize.zhiying365.com/Application/Runtime/Cache/Home/08dbf0cc8beabc0370dff644d2c962d6.php 第 83 行.
NOTIC: [8] Undefined variable: numPerPage /home/wwwroot/prize.zhiying365.com/Application/Runtime/Cache/Home/08dbf0cc8beabc0370dff644d2c962d6.php 第 84 行.
NOTIC: [8] Undefined variable: numPerPage /home/wwwroot/prize.zhiying365.com/Application/Runtime/Cache/Home/08dbf0cc8beabc0370dff644d2c962d6.php 第 85 行.
NOTIC: [8] Undefined variable: numPerPage /home/wwwroot/prize.zhiying365.com/Application/Runtime/Cache/Home/08dbf0cc8beabc0370dff644d2c962d6.php 第 86 行.
NOTIC: [8] Undefined variable: pageTotal /home/wwwroot/prize.zhiying365.com/Application/Runtime/Cache/Home/08dbf0cc8beabc0370dff644d2c962d6.php 第 88 行.
NOTIC: [8] Undefined variable: totalCount /home/wwwroot/prize.zhiying365.com/Application/Runtime/Cache/Home/08dbf0cc8beabc0370dff644d2c962d6.php 第 90 行.
NOTIC: [8] Undefined variable: numPerPage /home/wwwroot/prize.zhiying365.com/Application/Runtime/Cache/Home/08dbf0cc8beabc0370dff644d2c962d6.php 第 90 行.
NOTIC: [8] Undefined variable: pageNumShown /home/wwwroot/prize.zhiying365.com/Application/Runtime/Cache/Home/08dbf0cc8beabc0370dff644d2c962d6.php 第 90 行.
NOTIC: [8] Undefined variable: currentPage /home/wwwroot/prize.zhiying365.com/Application/Runtime/Cache/Home/08dbf0cc8beabc0370dff644d2c962d6.php 第 90 行.
INFO: Run Behavior\ParseTemplateBehavior [ RunTime:0.005164s ]
INFO: [ view_parse ] --END-- [ RunTime:0.005188s ]
INFO: [ view_filter ] --START--
INFO: Run Behavior\WriteHtmlCacheBehavior [ RunTime:0.000121s ]
INFO: [ view_filter ] --END-- [ RunTime:0.000141s ]
INFO: [ app_end ] --START--
INFO: Run Behavior\ShowPageTraceBehavior [ RunTime:0.000289s ]
INFO: [ app_end ] --END-- [ RunTime:0.000314s ]

[ 2018-05-01T09:05:58+08:00 ] 117.87.119.149 /index.php/Home/Result/jingcai
INFO: [ app_init ] --START--
INFO: Run Behavior\BuildLiteBehavior [ RunTime:0.000011s ]
INFO: [ app_init ] --END-- [ RunTime:0.000261s ]
INFO: [ app_begin ] --START--
INFO: Run Behavior\ReadHtmlCacheBehavior [ RunTime:0.000325s ]
INFO: [ app_begin ] --END-- [ RunTime:0.000357s ]
NOTIC: [2048] Declaration of Home\Controller\ResultController::saveToDB() should be compatible with Home\Controller\BaseController::saveToDB($model, $data, $type = 'basketball') /home/wwwroot/prize.zhiying365.com/Application/Home/Controller/ResultController.class.php 第 4 行.
SQL: SELECT * FROM `tab_lottery_result` WHERE `lotttime` = '2018-04-30' GROUP BY lotttime,ballid,half_score,full_score  [ RunTime:0.0149s ]
SQL: SELECT `lotteryid`,`lotttime`,`ballid`,`source`,`half_score`,`full_score`,`match_starttime`,`result`,`addtime`,`status` FROM `tab_lottery_result` WHERE `lotttime` = '2018-04-30' GROUP BY lotttime,ballid,half_score,full_score HAVING count(*)<3 LIMIT 0,20   [ RunTime:0.0144s ]
INFO: [ view_parse ] --START--
INFO: [ template_filter ] --START--
INFO: Run Behavior\ContentReplaceBehavior [ RunTime:0.000033s ]
INFO: [ template_filter ] --END-- [ RunTime:0.000060s ]
INFO: Run Behavior\ParseTemplateBehavior [ RunTime:0.005181s ]
INFO: [ view_parse ] --END-- [ RunTime:0.005209s ]
INFO: [ view_filter ] --START--
INFO: Run Behavior\WriteHtmlCacheBehavior [ RunTime:0.000122s ]
INFO: [ view_filter ] --END-- [ RunTime:0.000143s ]
INFO: [ app_end ] --START--
INFO: Run Behavior\ShowPageTraceBehavior [ RunTime:0.000299s ]
INFO: [ app_end ] --END-- [ RunTime:0.000324s ]

[ 2018-05-01T10:50:17+08:00 ] 117.87.119.149 /index.php/Home/Result/lancai?_=1525143020367
INFO: [ app_init ] --START--
INFO: Run Behavior\BuildLiteBehavior [ RunTime:0.000012s ]
INFO: [ app_init ] --END-- [ RunTime:0.000240s ]
INFO: [ app_begin ] --START--
INFO: Run Behavior\ReadHtmlCacheBehavior [ RunTime:0.000318s ]
INFO: [ app_begin ] --END-- [ RunTime:0.000349s ]
NOTIC: [2048] Declaration of Home\Controller\ResultController::saveToDB() should be compatible with Home\Controller\BaseController::saveToDB($model, $data, $type = 'basketball') /home/wwwroot/prize.zhiying365.com/Application/Home/Controller/ResultController.class.php 第 4 行.

[ 2018-05-01T10:50:22+08:00 ] 117.87.119.149 /
INFO: [ app_init ] --START--
INFO: Run Behavior\BuildLiteBehavior [ RunTime:0.000013s ]
INFO: [ app_init ] --END-- [ RunTime:0.000243s ]
INFO: [ app_begin ] --START--
INFO: Run Behavior\ReadHtmlCacheBehavior [ RunTime:0.000348s ]
INFO: [ app_begin ] --END-- [ RunTime:0.000382s ]

[ 2018-05-01T10:50:22+08:00 ] 117.87.119.149 /?_t_t_t=0.5567556986913555
INFO: [ app_init ] --START--
INFO: Run Behavior\BuildLiteBehavior [ RunTime:0.000010s ]
INFO: [ app_init ] --END-- [ RunTime:0.000255s ]
INFO: [ app_begin ] --START--
INFO: Run Behavior\ReadHtmlCacheBehavior [ RunTime:0.000339s ]
INFO: [ app_begin ] --END-- [ RunTime:0.000371s ]

[ 2018-05-01T10:50:22+08:00 ] 117.87.119.149 /index.php/Home/User/login.html
INFO: [ app_init ] --START--
INFO: Run Behavior\BuildLiteBehavior [ RunTime:0.000010s ]
INFO: [ app_init ] --END-- [ RunTime:0.000234s ]
INFO: [ app_begin ] --START--
INFO: Run Behavior\ReadHtmlCacheBehavior [ RunTime:0.000322s ]
INFO: [ app_begin ] --END-- [ RunTime:0.000356s ]
INFO: [ view_parse ] --START--
INFO: [ template_filter ] --START--
INFO: Run Behavior\ContentReplaceBehavior [ RunTime:0.000025s ]
INFO: [ template_filter ] --END-- [ RunTime:0.000053s ]
NOTIC: [8] Undefined variable: msg /home/wwwroot/prize.zhiying365.com/Application/Runtime/Cache/Home/5c9ee6d19cd41add49f97afe3aef0b25.php 第 11 行.
INFO: Run Behavior\ParseTemplateBehavior [ RunTime:0.003432s ]
INFO: [ view_parse ] --END-- [ RunTime:0.003461s ]
INFO: [ view_filter ] --START--
INFO: Run Behavior\WriteHtmlCacheBehavior [ RunTime:0.000120s ]
INFO: [ view_filter ] --END-- [ RunTime:0.000141s ]
INFO: [ app_end ] --START--
INFO: Run Behavior\ShowPageTraceBehavior [ RunTime:0.000287s ]
INFO: [ app_end ] --END-- [ RunTime:0.000311s ]

[ 2018-05-01T10:50:22+08:00 ] 117.87.119.149 /index.php/home/user/verify.html
INFO: [ app_init ] --START--
INFO: Run Behavior\BuildLiteBehavior [ RunTime:0.000010s ]
INFO: [ app_init ] --END-- [ RunTime:0.000235s ]
INFO: [ app_begin ] --START--
INFO: Run Behavior\ReadHtmlCacheBehavior [ RunTime:0.000333s ]
INFO: [ app_begin ] --END-- [ RunTime:0.000368s ]
INFO: [ app_end ] --START--
INFO: Run Behavior\ShowPageTraceBehavior [ RunTime:0.000338s ]
INFO: [ app_end ] --END-- [ RunTime:0.000376s ]

[ 2018-05-01T10:50:30+08:00 ] 117.87.119.149 /index.php/home/user/checklogin.html
INFO: [ app_init ] --START--
INFO: Run Behavior\BuildLiteBehavior [ RunTime:0.000011s ]
INFO: [ app_init ] --END-- [ RunTime:0.000258s ]
INFO: [ app_begin ] --START--
INFO: Run Behavior\ReadHtmlCacheBehavior [ RunTime:0.000320s ]
INFO: [ app_begin ] --END-- [ RunTime:0.000355s ]
SQL: SHOW COLUMNS FROM `user` [ RunTime:0.0006s ]
SQL: SELECT * FROM `user` WHERE `username` = 'zy_admin' LIMIT 1   [ RunTime:0.0002s ]
NOTIC: [8] iconv(): Unknown error (22) /home/wwwroot/prize.zhiying365.com/Application/Home/Controller/UserController.class.php 第 54 行.
INFO: [ view_parse ] --START--
INFO: [ template_filter ] --START--
INFO: Run Behavior\ContentReplaceBehavior [ RunTime:0.000022s ]
INFO: [ template_filter ] --END-- [ RunTime:0.000049s ]
INFO: Run Behavior\ParseTemplateBehavior [ RunTime:0.002926s ]
INFO: [ view_parse ] --END-- [ RunTime:0.002954s ]
INFO: [ view_filter ] --START--
INFO: Run Behavior\WriteHtmlCacheBehavior [ RunTime:0.000121s ]
INFO: [ view_filter ] --END-- [ RunTime:0.000143s ]
INFO: [ app_end ] --START--
INFO: Run Behavior\ShowPageTraceBehavior [ RunTime:0.000289s ]
INFO: [ app_end ] --END-- [ RunTime:0.000312s ]

[ 2018-05-01T10:50:31+08:00 ] 117.87.119.149 /index.php/Home/
INFO: [ app_init ] --START--
INFO: Run Behavior\BuildLiteBehavior [ RunTime:0.000011s ]
INFO: [ app_init ] --END-- [ RunTime:0.000245s ]
INFO: [ app_begin ] --START--
INFO: Run Behavior\ReadHtmlCacheBehavior [ RunTime:0.000317s ]
INFO: [ app_begin ] --END-- [ RunTime:0.000349s ]
SQL: SHOW COLUMNS FROM `user` [ RunTime:0.0005s ]
INFO: [ view_parse ] --START--
INFO: [ template_filter ] --START--
INFO: Run Behavior\ContentReplaceBehavior [ RunTime:0.000038s ]
INFO: [ template_filter ] --END-- [ RunTime:0.000067s ]
INFO: Run Behavior\ParseTemplateBehavior [ RunTime:0.004240s ]
INFO: [ view_parse ] --END-- [ RunTime:0.004270s ]
INFO: [ view_filter ] --START--
INFO: Run Behavior\WriteHtmlCacheBehavior [ RunTime:0.000118s ]
INFO: [ view_filter ] --END-- [ RunTime:0.000140s ]
INFO: [ app_end ] --START--
INFO: Run Behavior\ShowPageTraceBehavior [ RunTime:0.000296s ]
INFO: [ app_end ] --END-- [ RunTime:0.000323s ]

[ 2018-05-01T10:50:33+08:00 ] 117.87.119.149 /index.php/Home/Result/lancai?_=1525143036704
INFO: [ app_init ] --START--
INFO: Run Behavior\BuildLiteBehavior [ RunTime:0.000010s ]
INFO: [ app_init ] --END-- [ RunTime:0.000236s ]
INFO: [ app_begin ] --START--
INFO: Run Behavior\ReadHtmlCacheBehavior [ RunTime:0.000320s ]
INFO: [ app_begin ] --END-- [ RunTime:0.000352s ]
NOTIC: [2048] Declaration of Home\Controller\ResultController::saveToDB() should be compatible with Home\Controller\BaseController::saveToDB($model, $data, $type = 'basketball') /home/wwwroot/prize.zhiying365.com/Application/Home/Controller/ResultController.class.php 第 4 行.
NOTIC: [8] Undefined variable: act /home/wwwroot/prize.zhiying365.com/Application/Home/Controller/ResultController.class.php 第 68 行.
INFO: [ view_parse ] --START--
INFO: [ template_filter ] --START--
INFO: Run Behavior\ContentReplaceBehavior [ RunTime:0.000031s ]
INFO: [ template_filter ] --END-- [ RunTime:0.000056s ]
NOTIC: [8] Undefined variable: currentPage /home/wwwroot/prize.zhiying365.com/Application/Runtime/Cache/Home/4639d739043498a0d832a6053955b10f.php 第 6 行.
NOTIC: [8] Undefined variable: numPerPage /home/wwwroot/prize.zhiying365.com/Application/Runtime/Cache/Home/4639d739043498a0d832a6053955b10f.php 第 7 行.
NOTIC: [8] Undefined variable: resultlist /home/wwwroot/prize.zhiying365.com/Application/Runtime/Cache/Home/4639d739043498a0d832a6053955b10f.php 第 67 行.
NOTIC: [8] Undefined variable: numPerPage /home/wwwroot/prize.zhiying365.com/Application/Runtime/Cache/Home/4639d739043498a0d832a6053955b10f.php 第 91 行.
NOTIC: [8] Undefined variable: numPerPage /home/wwwroot/prize.zhiying365.com/Application/Runtime/Cache/Home/4639d739043498a0d832a6053955b10f.php 第 92 行.
NOTIC: [8] Undefined variable: numPerPage /home/wwwroot/prize.zhiying365.com/Application/Runtime/Cache/Home/4639d739043498a0d832a6053955b10f.php 第 93 行.
NOTIC: [8] Undefined variable: numPerPage /home/wwwroot/prize.zhiying365.com/Application/Runtime/Cache/Home/4639d739043498a0d832a6053955b10f.php 第 94 行.
NOTIC: [8] Undefined variable: pageTotal /home/wwwroot/prize.zhiying365.com/Application/Runtime/Cache/Home/4639d739043498a0d832a6053955b10f.php 第 96 行.
NOTIC: [8] Undefined variable: totalCount /home/wwwroot/prize.zhiying365.com/Application/Runtime/Cache/Home/4639d739043498a0d832a6053955b10f.php 第 98 行.
NOTIC: [8] Undefined variable: numPerPage /home/wwwroot/prize.zhiying365.com/Application/Runtime/Cache/Home/4639d739043498a0d832a6053955b10f.php 第 98 行.
NOTIC: [8] Undefined variable: pageNumShown /home/wwwroot/prize.zhiying365.com/Application/Runtime/Cache/Home/4639d739043498a0d832a6053955b10f.php 第 98 行.
NOTIC: [8] Undefined variable: currentPage /home/wwwroot/prize.zhiying365.com/Application/Runtime/Cache/Home/4639d739043498a0d832a6053955b10f.php 第 98 行.
INFO: Run Behavior\ParseTemplateBehavior [ RunTime:0.005370s ]
INFO: [ view_parse ] --END-- [ RunTime:0.005394s ]
INFO: [ view_filter ] --START--
INFO: Run Behavior\WriteHtmlCacheBehavior [ RunTime:0.000122s ]
INFO: [ view_filter ] --END-- [ RunTime:0.000142s ]
INFO: [ app_end ] --START--
INFO: Run Behavior\ShowPageTraceBehavior [ RunTime:0.000274s ]
INFO: [ app_end ] --END-- [ RunTime:0.000298s ]

[ 2018-05-01T10:50:35+08:00 ] 117.87.119.149 /index.php/Home/Result/lancai
INFO: [ app_init ] --START--
INFO: Run Behavior\BuildLiteBehavior [ RunTime:0.000011s ]
INFO: [ app_init ] --END-- [ RunTime:0.000254s ]
INFO: [ app_begin ] --START--
INFO: Run Behavior\ReadHtmlCacheBehavior [ RunTime:0.000334s ]
INFO: [ app_begin ] --END-- [ RunTime:0.000367s ]
NOTIC: [2048] Declaration of Home\Controller\ResultController::saveToDB() should be compatible with Home\Controller\BaseController::saveToDB($model, $data, $type = 'basketball') /home/wwwroot/prize.zhiying365.com/Application/Home/Controller/ResultController.class.php 第 4 行.
SQL: SHOW COLUMNS FROM `tab_lottery_result_lancai` [ RunTime:0.0005s ]
SQL: SELECT * FROM `tab_lottery_result_lancai` WHERE `lotttime` = '2018-04-30' GROUP BY lotttime,ballid,first_score,two_score,three_score,four_score,add_score,full_score  [ RunTime:0.0037s ]
SQL: SELECT * FROM `tab_lottery_result_lancai` WHERE `lotttime` = '2018-04-30' GROUP BY lotttime,ballid,first_score,two_score,three_score,four_score,add_score,full_score HAVING count(*)<3 LIMIT 0,20   [ RunTime:0.0035s ]
INFO: [ view_parse ] --START--
INFO: [ template_filter ] --START--
INFO: Run Behavior\ContentReplaceBehavior [ RunTime:0.000032s ]
INFO: [ template_filter ] --END-- [ RunTime:0.000062s ]
INFO: Run Behavior\ParseTemplateBehavior [ RunTime:0.005495s ]
INFO: [ view_parse ] --END-- [ RunTime:0.005526s ]
INFO: [ view_filter ] --START--
INFO: Run Behavior\WriteHtmlCacheBehavior [ RunTime:0.000122s ]
INFO: [ view_filter ] --END-- [ RunTime:0.000144s ]
INFO: [ app_end ] --START--
INFO: Run Behavior\ShowPageTraceBehavior [ RunTime:0.000292s ]
INFO: [ app_end ] --END-- [ RunTime:0.000323s ]

[ 2018-05-01T10:50:53+08:00 ] 117.87.119.149 /index.php/Home/Result/view?recid=2018-04-30_1301&act=edit&source=lc&_=1525143056619
INFO: [ app_init ] --START--
INFO: Run Behavior\BuildLiteBehavior [ RunTime:0.000011s ]
INFO: [ app_init ] --END-- [ RunTime:0.000248s ]
INFO: [ app_begin ] --START--
INFO: Run Behavior\ReadHtmlCacheBehavior [ RunTime:0.000319s ]
INFO: [ app_begin ] --END-- [ RunTime:0.000349s ]
NOTIC: [2048] Declaration of Home\Controller\ResultController::saveToDB() should be compatible with Home\Controller\BaseController::saveToDB($model, $data, $type = 'basketball') /home/wwwroot/prize.zhiying365.com/Application/Home/Controller/ResultController.class.php 第 4 行.
SQL: SHOW COLUMNS FROM `tab_lottery_result_lancai` [ RunTime:0.0005s ]
SQL: SELECT * FROM `tab_lottery_result_lancai` WHERE `lotttime` = '2018-04-30' AND `ballid` = '1301'  [ RunTime:0.0036s ]
SQL: SELECT COUNT(*) AS tp_count FROM `tab_lottery_result_lancai` WHERE `lotttime` = '2018-04-30' AND `ballid` = '1301' LIMIT 1   [ RunTime:0.0041s ]
INFO: [ view_parse ] --START--
INFO: [ template_filter ] --START--
INFO: Run Behavior\ContentReplaceBehavior [ RunTime:0.000033s ]
INFO: [ template_filter ] --END-- [ RunTime:0.000059s ]
NOTIC: [8] Undefined index: source /home/wwwroot/prize.zhiying365.com/Application/Runtime/Cache/Home/17ef99e91e24448d11b2f5ae992f7421.php 第 8 行.
NOTIC: [8] Undefined index: first_score /home/wwwroot/prize.zhiying365.com/Application/Runtime/Cache/Home/17ef99e91e24448d11b2f5ae992f7421.php 第 10 行.
NOTIC: [8] Undefined index: two_score /home/wwwroot/prize.zhiying365.com/Application/Runtime/Cache/Home/17ef99e91e24448d11b2f5ae992f7421.php 第 12 行.
NOTIC: [8] Undefined index: three_score /home/wwwroot/prize.zhiying365.com/Application/Runtime/Cache/Home/17ef99e91e24448d11b2f5ae992f7421.php 第 14 行.
NOTIC: [8] Undefined index: four_score /home/wwwroot/prize.zhiying365.com/Application/Runtime/Cache/Home/17ef99e91e24448d11b2f5ae992f7421.php 第 16 行.
NOTIC: [8] Undefined index: add_score /home/wwwroot/prize.zhiying365.com/Application/Runtime/Cache/Home/17ef99e91e24448d11b2f5ae992f7421.php 第 18 行.
NOTIC: [8] Undefined index: full_score /home/wwwroot/prize.zhiying365.com/Application/Runtime/Cache/Home/17ef99e91e24448d11b2f5ae992f7421.php 第 20 行.
NOTIC: [8] Undefined index: source /home/wwwroot/prize.zhiying365.com/Application/Runtime/Cache/Home/17ef99e91e24448d11b2f5ae992f7421.php 第 8 行.
NOTIC: [8] Undefined index: first_score /home/wwwroot/prize.zhiying365.com/Application/Runtime/Cache/Home/17ef99e91e24448d11b2f5ae992f7421.php 第 10 行.
NOTIC: [8] Undefined index: two_score /home/wwwroot/prize.zhiying365.com/Application/Runtime/Cache/Home/17ef99e91e24448d11b2f5ae992f7421.php 第 12 行.
NOTIC: [8] Undefined index: three_score /home/wwwroot/prize.zhiying365.com/Application/Runtime/Cache/Home/17ef99e91e24448d11b2f5ae992f7421.php 第 14 行.
NOTIC: [8] Undefined index: four_score /home/wwwroot/prize.zhiying365.com/Application/Runtime/Cache/Home/17ef99e91e24448d11b2f5ae992f7421.php 第 16 行.
NOTIC: [8] Undefined index: add_score /home/wwwroot/prize.zhiying365.com/Application/Runtime/Cache/Home/17ef99e91e24448d11b2f5ae992f7421.php 第 18 行.
NOTIC: [8] Undefined index: full_score /home/wwwroot/prize.zhiying365.com/Application/Runtime/Cache/Home/17ef99e91e24448d11b2f5ae992f7421.php 第 20 行.
INFO: Run Behavior\ParseTemplateBehavior [ RunTime:0.004251s ]
INFO: [ view_parse ] --END-- [ RunTime:0.004274s ]
INFO: [ view_filter ] --START--
INFO: Run Behavior\WriteHtmlCacheBehavior [ RunTime:0.000119s ]
INFO: [ view_filter ] --END-- [ RunTime:0.000140s ]
INFO: [ app_end ] --START--
INFO: Run Behavior\ShowPageTraceBehavior [ RunTime:0.000326s ]
INFO: [ app_end ] --END-- [ RunTime:0.000352s ]

[ 2018-05-01T10:51:42+08:00 ] 117.87.119.149 /index.php/Home/Result/edit_act_lc
INFO: [ app_init ] --START--
INFO: Run Behavior\BuildLiteBehavior [ RunTime:0.000011s ]
INFO: [ app_init ] --END-- [ RunTime:0.000239s ]
INFO: [ app_begin ] --START--
INFO: Run Behavior\ReadHtmlCacheBehavior [ RunTime:0.000319s ]
INFO: [ app_begin ] --END-- [ RunTime:0.000350s ]
NOTIC: [2048] Declaration of Home\Controller\ResultController::saveToDB() should be compatible with Home\Controller\BaseController::saveToDB($model, $data, $type = 'basketball') /home/wwwroot/prize.zhiying365.com/Application/Home/Controller/ResultController.class.php 第 4 行.
NOTIC: [8] Undefined offset: 1 /home/wwwroot/prize.zhiying365.com/Application/Home/Controller/ResultController.class.php 第 230 行.
NOTIC: [8] Undefined offset: 3 /home/wwwroot/prize.zhiying365.com/Application/Home/Controller/ResultController.class.php 第 230 行.
SQL: SHOW COLUMNS FROM `tab_lottery_result_lancai` [ RunTime:0.0005s ]
SQL: SELECT COUNT(*) AS tp_count FROM `tab_lottery_result_lancai` WHERE `lotttime` = '2018-04-30' AND `ballid` = '1301' AND `source` = 'fromOkooo' LIMIT 1   [ RunTime:0.0041s ]
SQL: INSERT INTO `tab_lottery_result_lancai` (`lotteryid`,`lotttime`,`ballid`,`source`,`first_score`,`two_score`,`three_score`,`four_score`,`addtime`,`status`) VALUES ('0','2018-04-30','1301','fromOkooo','22:25','23:31','30:31','26:30','2018-05-01 10:51:42','-1') [ RunTime:0.0002s ]

[ 2018-05-01T10:51:43+08:00 ] 117.87.119.149 /index.php/Home/Result/lancai
INFO: [ app_init ] --START--
INFO: Run Behavior\BuildLiteBehavior [ RunTime:0.000010s ]
INFO: [ app_init ] --END-- [ RunTime:0.000236s ]
INFO: [ app_begin ] --START--
INFO: Run Behavior\ReadHtmlCacheBehavior [ RunTime:0.000323s ]
INFO: [ app_begin ] --END-- [ RunTime:0.000356s ]
NOTIC: [2048] Declaration of Home\Controller\ResultController::saveToDB() should be compatible with Home\Controller\BaseController::saveToDB($model, $data, $type = 'basketball') /home/wwwroot/prize.zhiying365.com/Application/Home/Controller/ResultController.class.php 第 4 行.
SQL: SHOW COLUMNS FROM `tab_lottery_result_lancai` [ RunTime:0.0004s ]
SQL: SELECT * FROM `tab_lottery_result_lancai` WHERE `lotttime` = '2018-04-30' GROUP BY lotttime,ballid,first_score,two_score,three_score,four_score,add_score,full_score  [ RunTime:0.0037s ]
SQL: SELECT * FROM `tab_lottery_result_lancai` WHERE `lotttime` = '2018-04-30' GROUP BY lotttime,ballid,first_score,two_score,three_score,four_score,add_score,full_score HAVING count(*)<3 LIMIT 0,20   [ RunTime:0.0035s ]
INFO: [ view_parse ] --START--
INFO: [ template_filter ] --START--
INFO: Run Behavior\ContentReplaceBehavior [ RunTime:0.000032s ]
INFO: [ template_filter ] --END-- [ RunTime:0.000058s ]
INFO: Run Behavior\ParseTemplateBehavior [ RunTime:0.005283s ]
INFO: [ view_parse ] --END-- [ RunTime:0.005310s ]
INFO: [ view_filter ] --START--
INFO: Run Behavior\WriteHtmlCacheBehavior [ RunTime:0.000118s ]
INFO: [ view_filter ] --END-- [ RunTime:0.000139s ]
INFO: [ app_end ] --START--
INFO: Run Behavior\ShowPageTraceBehavior [ RunTime:0.000287s ]
INFO: [ app_end ] --END-- [ RunTime:0.000312s ]

[ 2018-05-01T10:51:45+08:00 ] 117.87.119.149 /index.php/Home/Result/edit_act_lc
INFO: [ app_init ] --START--
INFO: Run Behavior\BuildLiteBehavior [ RunTime:0.000009s ]
INFO: [ app_init ] --END-- [ RunTime:0.000211s ]
INFO: [ app_begin ] --START--
INFO: Run Behavior\ReadHtmlCacheBehavior [ RunTime:0.000297s ]
INFO: [ app_begin ] --END-- [ RunTime:0.000327s ]
NOTIC: [2048] Declaration of Home\Controller\ResultController::saveToDB() should be compatible with Home\Controller\BaseController::saveToDB($model, $data, $type = 'basketball') /home/wwwroot/prize.zhiying365.com/Application/Home/Controller/ResultController.class.php 第 4 行.
NOTIC: [8] Undefined offset: 1 /home/wwwroot/prize.zhiying365.com/Application/Home/Controller/ResultController.class.php 第 230 行.
NOTIC: [8] Undefined offset: 3 /home/wwwroot/prize.zhiying365.com/Application/Home/Controller/ResultController.class.php 第 230 行.
SQL: SHOW COLUMNS FROM `tab_lottery_result_lancai` [ RunTime:0.0005s ]
SQL: SELECT COUNT(*) AS tp_count FROM `tab_lottery_result_lancai` WHERE `lotttime` = '2018-04-30' AND `ballid` = '1301' AND `source` = 'fromOkooo' LIMIT 1   [ RunTime:0.0044s ]
NOTIC: [2] Illegal offset type in isset or empty /home/wwwroot/prize.zhiying365.com/ThinkPHP/Library/Think/Model.class.php 第 445 行.
SQL: UPDATE `tab_lottery_result_lancai` SET `first_score`='22:25',`two_score`='23:31',`three_score`='30:31',`four_score`='26:30',`add_score`='0:0',`full_score`='101:117' WHERE `lotttime` = '2018-04-30' AND `ballid` = '1301' AND `source` = 'fromOkooo' [ RunTime:0.0142s ]

[ 2018-05-01T10:51:45+08:00 ] 117.87.119.149 /index.php/Home/Result/lancai
INFO: [ app_init ] --START--
INFO: Run Behavior\BuildLiteBehavior [ RunTime:0.000011s ]
INFO: [ app_init ] --END-- [ RunTime:0.000238s ]
INFO: [ app_begin ] --START--
INFO: Run Behavior\ReadHtmlCacheBehavior [ RunTime:0.000314s ]
INFO: [ app_begin ] --END-- [ RunTime:0.000346s ]
NOTIC: [2048] Declaration of Home\Controller\ResultController::saveToDB() should be compatible with Home\Controller\BaseController::saveToDB($model, $data, $type = 'basketball') /home/wwwroot/prize.zhiying365.com/Application/Home/Controller/ResultController.class.php 第 4 行.
SQL: SHOW COLUMNS FROM `tab_lottery_result_lancai` [ RunTime:0.0005s ]
SQL: SELECT * FROM `tab_lottery_result_lancai` WHERE `lotttime` = '2018-04-30' GROUP BY lotttime,ballid,first_score,two_score,three_score,four_score,add_score,full_score  [ RunTime:0.0037s ]
SQL: SELECT * FROM `tab_lottery_result_lancai` WHERE `lotttime` = '2018-04-30' GROUP BY lotttime,ballid,first_score,two_score,three_score,four_score,add_score,full_score HAVING count(*)<3 LIMIT 0,20   [ RunTime:0.0035s ]
INFO: [ view_parse ] --START--
INFO: [ template_filter ] --START--
INFO: Run Behavior\ContentReplaceBehavior [ RunTime:0.000032s ]
INFO: [ template_filter ] --END-- [ RunTime:0.000059s ]
INFO: Run Behavior\ParseTemplateBehavior [ RunTime:0.005338s ]
INFO: [ view_parse ] --END-- [ RunTime:0.005365s ]
INFO: [ view_filter ] --START--
INFO: Run Behavior\WriteHtmlCacheBehavior [ RunTime:0.000120s ]
INFO: [ view_filter ] --END-- [ RunTime:0.000140s ]
INFO: [ app_end ] --START--
INFO: Run Behavior\ShowPageTraceBehavior [ RunTime:0.000278s ]
INFO: [ app_end ] --END-- [ RunTime:0.000303s ]

[ 2018-05-01T10:51:54+08:00 ] 117.87.119.149 /index.php/Home/Result/view?recid=2018-04-30_1301&act=edit&source=lc&_=1525143118119
INFO: [ app_init ] --START--
INFO: Run Behavior\BuildLiteBehavior [ RunTime:0.000009s ]
INFO: [ app_init ] --END-- [ RunTime:0.000225s ]
INFO: [ app_begin ] --START--
INFO: Run Behavior\ReadHtmlCacheBehavior [ RunTime:0.000316s ]
INFO: [ app_begin ] --END-- [ RunTime:0.000343s ]
NOTIC: [2048] Declaration of Home\Controller\ResultController::saveToDB() should be compatible with Home\Controller\BaseController::saveToDB($model, $data, $type = 'basketball') /home/wwwroot/prize.zhiying365.com/Application/Home/Controller/ResultController.class.php 第 4 行.
SQL: SHOW COLUMNS FROM `tab_lottery_result_lancai` [ RunTime:0.0005s ]
SQL: SELECT * FROM `tab_lottery_result_lancai` WHERE `lotttime` = '2018-04-30' AND `ballid` = '1301'  [ RunTime:0.0047s ]
SQL: SELECT COUNT(*) AS tp_count FROM `tab_lottery_result_lancai` WHERE `lotttime` = '2018-04-30' AND `ballid` = '1301' LIMIT 1   [ RunTime:0.0053s ]
INFO: [ view_parse ] --START--
INFO: [ template_filter ] --START--
INFO: Run Behavior\ContentReplaceBehavior [ RunTime:0.000025s ]
INFO: [ template_filter ] --END-- [ RunTime:0.000050s ]
NOTIC: [8] Undefined index: source /home/wwwroot/prize.zhiying365.com/Application/Runtime/Cache/Home/17ef99e91e24448d11b2f5ae992f7421.php 第 8 行.
NOTIC: [8] Undefined index: first_score /home/wwwroot/prize.zhiying365.com/Application/Runtime/Cache/Home/17ef99e91e24448d11b2f5ae992f7421.php 第 10 行.
NOTIC: [8] Undefined index: two_score /home/wwwroot/prize.zhiying365.com/Application/Runtime/Cache/Home/17ef99e91e24448d11b2f5ae992f7421.php 第 12 行.
NOTIC: [8] Undefined index: three_score /home/wwwroot/prize.zhiying365.com/Application/Runtime/Cache/Home/17ef99e91e24448d11b2f5ae992f7421.php 第 14 行.
NOTIC: [8] Undefined index: four_score /home/wwwroot/prize.zhiying365.com/Application/Runtime/Cache/Home/17ef99e91e24448d11b2f5ae992f7421.php 第 16 行.
NOTIC: [8] Undefined index: add_score /home/wwwroot/prize.zhiying365.com/Application/Runtime/Cache/Home/17ef99e91e24448d11b2f5ae992f7421.php 第 18 行.
NOTIC: [8] Undefined index: full_score /home/wwwroot/prize.zhiying365.com/Application/Runtime/Cache/Home/17ef99e91e24448d11b2f5ae992f7421.php 第 20 行.
INFO: Run Behavior\ParseTemplateBehavior [ RunTime:0.003941s ]
INFO: [ view_parse ] --END-- [ RunTime:0.003963s ]
INFO: [ view_filter ] --START--
INFO: Run Behavior\WriteHtmlCacheBehavior [ RunTime:0.000119s ]
INFO: [ view_filter ] --END-- [ RunTime:0.000138s ]
INFO: [ app_end ] --START--
INFO: Run Behavior\ShowPageTraceBehavior [ RunTime:0.000286s ]
INFO: [ app_end ] --END-- [ RunTime:0.000311s ]

[ 2018-05-01T10:52:18+08:00 ] 117.87.119.149 /index.php/Home/Result/edit_act_lc
INFO: [ app_init ] --START--
INFO: Run Behavior\BuildLiteBehavior [ RunTime:0.000011s ]
INFO: [ app_init ] --END-- [ RunTime:0.000254s ]
INFO: [ app_begin ] --START--
INFO: Run Behavior\ReadHtmlCacheBehavior [ RunTime:0.000316s ]
INFO: [ app_begin ] --END-- [ RunTime:0.000348s ]
NOTIC: [2048] Declaration of Home\Controller\ResultController::saveToDB() should be compatible with Home\Controller\BaseController::saveToDB($model, $data, $type = 'basketball') /home/wwwroot/prize.zhiying365.com/Application/Home/Controller/ResultController.class.php 第 4 行.
NOTIC: [8] Undefined offset: 1 /home/wwwroot/prize.zhiying365.com/Application/Home/Controller/ResultController.class.php 第 230 行.
NOTIC: [8] Undefined offset: 2 /home/wwwroot/prize.zhiying365.com/Application/Home/Controller/ResultController.class.php 第 230 行.
SQL: SHOW COLUMNS FROM `tab_lottery_result_lancai` [ RunTime:0.0006s ]
SQL: SELECT COUNT(*) AS tp_count FROM `tab_lottery_result_lancai` WHERE `lotttime` = '2018-04-30' AND `ballid` = '1301' AND `source` = 'from163 ' LIMIT 1   [ RunTime:0.0042s ]
SQL: INSERT INTO `tab_lottery_result_lancai` (`lotteryid`,`lotttime`,`ballid`,`source`,`first_score`,`two_score`,`three_score`,`four_score`,`addtime`,`status`) VALUES ('0','2018-04-30','1301','from163 ','22:25','23:31','30:31','26:30','2018-05-01 10:52:18','-1') [ RunTime:0.0002s ]

[ 2018-05-01T10:52:18+08:00 ] 117.87.119.149 /index.php/Home/Result/lancai
INFO: [ app_init ] --START--
INFO: Run Behavior\BuildLiteBehavior [ RunTime:0.000010s ]
INFO: [ app_init ] --END-- [ RunTime:0.000243s ]
INFO: [ app_begin ] --START--
INFO: Run Behavior\ReadHtmlCacheBehavior [ RunTime:0.000315s ]
INFO: [ app_begin ] --END-- [ RunTime:0.000348s ]
NOTIC: [2048] Declaration of Home\Controller\ResultController::saveToDB() should be compatible with Home\Controller\BaseController::saveToDB($model, $data, $type = 'basketball') /home/wwwroot/prize.zhiying365.com/Application/Home/Controller/ResultController.class.php 第 4 行.
SQL: SHOW COLUMNS FROM `tab_lottery_result_lancai` [ RunTime:0.0004s ]
SQL: SELECT * FROM `tab_lottery_result_lancai` WHERE `lotttime` = '2018-04-30' GROUP BY lotttime,ballid,first_score,two_score,three_score,four_score,add_score,full_score  [ RunTime:0.0032s ]
SQL: SELECT * FROM `tab_lottery_result_lancai` WHERE `lotttime` = '2018-04-30' GROUP BY lotttime,ballid,first_score,two_score,three_score,four_score,add_score,full_score HAVING count(*)<3 LIMIT 0,20   [ RunTime:0.0031s ]
INFO: [ view_parse ] --START--
INFO: [ template_filter ] --START--
INFO: Run Behavior\ContentReplaceBehavior [ RunTime:0.000031s ]
INFO: [ template_filter ] --END-- [ RunTime:0.000058s ]
INFO: Run Behavior\ParseTemplateBehavior [ RunTime:0.005272s ]
INFO: [ view_parse ] --END-- [ RunTime:0.005299s ]
INFO: [ view_filter ] --START--
INFO: Run Behavior\WriteHtmlCacheBehavior [ RunTime:0.000120s ]
INFO: [ view_filter ] --END-- [ RunTime:0.000142s ]
INFO: [ app_end ] --START--
INFO: Run Behavior\ShowPageTraceBehavior [ RunTime:0.000288s ]
INFO: [ app_end ] --END-- [ RunTime:0.000311s ]

[ 2018-05-01T10:52:20+08:00 ] 117.87.119.149 /index.php/Home/Result/edit_act_lc
INFO: [ app_init ] --START--
INFO: Run Behavior\BuildLiteBehavior [ RunTime:0.000015s ]
INFO: [ app_init ] --END-- [ RunTime:0.000275s ]
INFO: [ app_begin ] --START--
INFO: Run Behavior\ReadHtmlCacheBehavior [ RunTime:0.000330s ]
INFO: [ app_begin ] --END-- [ RunTime:0.000363s ]
NOTIC: [2048] Declaration of Home\Controller\ResultController::saveToDB() should be compatible with Home\Controller\BaseController::saveToDB($model, $data, $type = 'basketball') /home/wwwroot/prize.zhiying365.com/Application/Home/Controller/ResultController.class.php 第 4 行.
NOTIC: [8] Undefined offset: 1 /home/wwwroot/prize.zhiying365.com/Application/Home/Controller/ResultController.class.php 第 230 行.
NOTIC: [8] Undefined offset: 2 /home/wwwroot/prize.zhiying365.com/Application/Home/Controller/ResultController.class.php 第 230 行.
SQL: SHOW COLUMNS FROM `tab_lottery_result_lancai` [ RunTime:0.0005s ]
SQL: SELECT COUNT(*) AS tp_count FROM `tab_lottery_result_lancai` WHERE `lotttime` = '2018-04-30' AND `ballid` = '1301' AND `source` = 'from163 ' LIMIT 1   [ RunTime:0.0048s ]
NOTIC: [2] Illegal offset type in isset or empty /home/wwwroot/prize.zhiying365.com/ThinkPHP/Library/Think/Model.class.php 第 445 行.
SQL: UPDATE `tab_lottery_result_lancai` SET `first_score`='22:25',`two_score`='23:31',`three_score`='30:31',`four_score`='26:30',`add_score`='0:0',`full_score`='101:117' WHERE `lotttime` = '2018-04-30' AND `ballid` = '1301' AND `source` = 'from163 ' [ RunTime:0.0141s ]

[ 2018-05-01T10:52:20+08:00 ] 117.87.119.149 /index.php/Home/Result/lancai
INFO: [ app_init ] --START--
INFO: Run Behavior\BuildLiteBehavior [ RunTime:0.000010s ]
INFO: [ app_init ] --END-- [ RunTime:0.000230s ]
INFO: [ app_begin ] --START--
INFO: Run Behavior\ReadHtmlCacheBehavior [ RunTime:0.000326s ]
INFO: [ app_begin ] --END-- [ RunTime:0.000359s ]
NOTIC: [2048] Declaration of Home\Controller\ResultController::saveToDB() should be compatible with Home\Controller\BaseController::saveToDB($model, $data, $type = 'basketball') /home/wwwroot/prize.zhiying365.com/Application/Home/Controller/ResultController.class.php 第 4 行.
SQL: SHOW COLUMNS FROM `tab_lottery_result_lancai` [ RunTime:0.0005s ]
SQL: SELECT * FROM `tab_lottery_result_lancai` WHERE `lotttime` = '2018-04-30' GROUP BY lotttime,ballid,first_score,two_score,three_score,four_score,add_score,full_score  [ RunTime:0.0036s ]
SQL: SELECT * FROM `tab_lottery_result_lancai` WHERE `lotttime` = '2018-04-30' GROUP BY lotttime,ballid,first_score,two_score,three_score,four_score,add_score,full_score HAVING count(*)<3 LIMIT 0,20   [ RunTime:0.0035s ]
INFO: [ view_parse ] --START--
INFO: [ template_filter ] --START--
INFO: Run Behavior\ContentReplaceBehavior [ RunTime:0.000031s ]
INFO: [ template_filter ] --END-- [ RunTime:0.000060s ]
INFO: Run Behavior\ParseTemplateBehavior [ RunTime:0.005265s ]
INFO: [ view_parse ] --END-- [ RunTime:0.005292s ]
INFO: [ view_filter ] --START--
INFO: Run Behavior\WriteHtmlCacheBehavior [ RunTime:0.000118s ]
INFO: [ view_filter ] --END-- [ RunTime:0.000139s ]
INFO: [ app_end ] --START--
INFO: Run Behavior\ShowPageTraceBehavior [ RunTime:0.000270s ]
INFO: [ app_end ] --END-- [ RunTime:0.000303s ]

[ 2018-05-01T18:11:24+08:00 ] 121.233.92.18 /index.php/Home/
INFO: [ app_init ] --START--
INFO: Run Behavior\BuildLiteBehavior [ RunTime:0.000011s ]
INFO: [ app_init ] --END-- [ RunTime:0.000242s ]
INFO: [ app_begin ] --START--
INFO: Run Behavior\ReadHtmlCacheBehavior [ RunTime:0.000321s ]
INFO: [ app_begin ] --END-- [ RunTime:0.000355s ]

[ 2018-05-01T18:11:25+08:00 ] 121.233.92.18 /index.php/Home/User/login.html
INFO: [ app_init ] --START--
INFO: Run Behavior\BuildLiteBehavior [ RunTime:0.000012s ]
INFO: [ app_init ] --END-- [ RunTime:0.000237s ]
INFO: [ app_begin ] --START--
INFO: Run Behavior\ReadHtmlCacheBehavior [ RunTime:0.000322s ]
INFO: [ app_begin ] --END-- [ RunTime:0.000356s ]
INFO: [ view_parse ] --START--
INFO: [ template_filter ] --START--
INFO: Run Behavior\ContentReplaceBehavior [ RunTime:0.000024s ]
INFO: [ template_filter ] --END-- [ RunTime:0.000053s ]
NOTIC: [8] Undefined variable: msg /home/wwwroot/prize.zhiying365.com/Application/Runtime/Cache/Home/5c9ee6d19cd41add49f97afe3aef0b25.php 第 11 行.
INFO: Run Behavior\ParseTemplateBehavior [ RunTime:0.003386s ]
INFO: [ view_parse ] --END-- [ RunTime:0.003415s ]
INFO: [ view_filter ] --START--
INFO: Run Behavior\WriteHtmlCacheBehavior [ RunTime:0.000118s ]
INFO: [ view_filter ] --END-- [ RunTime:0.000140s ]
INFO: [ app_end ] --START--
INFO: Run Behavior\ShowPageTraceBehavior [ RunTime:0.000286s ]
INFO: [ app_end ] --END-- [ RunTime:0.000311s ]

[ 2018-05-01T18:11:25+08:00 ] 121.233.92.18 /index.php/home/user/verify.html
INFO: [ app_init ] --START--
INFO: Run Behavior\BuildLiteBehavior [ RunTime:0.000010s ]
INFO: [ app_init ] --END-- [ RunTime:0.000215s ]
INFO: [ app_begin ] --START--
INFO: Run Behavior\ReadHtmlCacheBehavior [ RunTime:0.000303s ]
INFO: [ app_begin ] --END-- [ RunTime:0.000333s ]
INFO: [ app_end ] --START--
INFO: Run Behavior\ShowPageTraceBehavior [ RunTime:0.000310s ]
INFO: [ app_end ] --END-- [ RunTime:0.000344s ]

[ 2018-05-01T18:11:27+08:00 ] 121.233.92.18 /index.php/home/user/verify.html&timestamp=1525169486892
INFO: [ app_init ] --START--
INFO: Run Behavior\BuildLiteBehavior [ RunTime:0.000010s ]
INFO: [ app_init ] --END-- [ RunTime:0.000228s ]
INFO: [ app_begin ] --START--
INFO: Run Behavior\ReadHtmlCacheBehavior [ RunTime:0.000301s ]
INFO: [ app_begin ] --END-- [ RunTime:0.000332s ]
INFO: [ app_end ] --START--
INFO: Run Behavior\ShowPageTraceBehavior [ RunTime:0.000307s ]
INFO: [ app_end ] --END-- [ RunTime:0.000342s ]

[ 2018-05-01T18:11:31+08:00 ] 121.233.92.18 /index.php/home/user/checklogin.html
INFO: [ app_init ] --START--
INFO: Run Behavior\BuildLiteBehavior [ RunTime:0.000010s ]
INFO: [ app_init ] --END-- [ RunTime:0.000216s ]
INFO: [ app_begin ] --START--
INFO: Run Behavior\ReadHtmlCacheBehavior [ RunTime:0.000293s ]
INFO: [ app_begin ] --END-- [ RunTime:0.000324s ]
SQL: SHOW COLUMNS FROM `user` [ RunTime:0.0005s ]
SQL: SELECT * FROM `user` WHERE `username` = 'zy_admin' LIMIT 1   [ RunTime:0.0002s ]
NOTIC: [8] iconv(): Unknown error (22) /home/wwwroot/prize.zhiying365.com/Application/Home/Controller/UserController.class.php 第 54 行.
INFO: [ view_parse ] --START--
INFO: [ template_filter ] --START--
INFO: Run Behavior\ContentReplaceBehavior [ RunTime:0.000021s ]
INFO: [ template_filter ] --END-- [ RunTime:0.000049s ]
INFO: Run Behavior\ParseTemplateBehavior [ RunTime:0.002911s ]
INFO: [ view_parse ] --END-- [ RunTime:0.002940s ]
INFO: [ view_filter ] --START--
INFO: Run Behavior\WriteHtmlCacheBehavior [ RunTime:0.000145s ]
INFO: [ view_filter ] --END-- [ RunTime:0.000167s ]
INFO: [ app_end ] --START--
INFO: Run Behavior\ShowPageTraceBehavior [ RunTime:0.000292s ]
INFO: [ app_end ] --END-- [ RunTime:0.000317s ]

[ 2018-05-01T18:11:32+08:00 ] 121.233.92.18 /index.php/Home/
INFO: [ app_init ] --START--
INFO: Run Behavior\BuildLiteBehavior [ RunTime:0.000010s ]
INFO: [ app_init ] --END-- [ RunTime:0.000224s ]
INFO: [ app_begin ] --START--
INFO: Run Behavior\ReadHtmlCacheBehavior [ RunTime:0.000282s ]
INFO: [ app_begin ] --END-- [ RunTime:0.000310s ]
SQL: SHOW COLUMNS FROM `user` [ RunTime:0.0005s ]
INFO: [ view_parse ] --START--
INFO: [ template_filter ] --START--
INFO: Run Behavior\ContentReplaceBehavior [ RunTime:0.000040s ]
INFO: [ template_filter ] --END-- [ RunTime:0.000070s ]
INFO: Run Behavior\ParseTemplateBehavior [ RunTime:0.004306s ]
INFO: [ view_parse ] --END-- [ RunTime:0.004335s ]
INFO: [ view_filter ] --START--
INFO: Run Behavior\WriteHtmlCacheBehavior [ RunTime:0.000128s ]
INFO: [ view_filter ] --END-- [ RunTime:0.000151s ]
INFO: [ app_end ] --START--
INFO: Run Behavior\ShowPageTraceBehavior [ RunTime:0.000280s ]
INFO: [ app_end ] --END-- [ RunTime:0.000307s ]

[ 2018-05-01T18:11:33+08:00 ] 121.233.92.18 /index.php/Home/Result/lancai?_=1525169493573
INFO: [ app_init ] --START--
INFO: Run Behavior\BuildLiteBehavior [ RunTime:0.000010s ]
INFO: [ app_init ] --END-- [ RunTime:0.000215s ]
INFO: [ app_begin ] --START--
INFO: Run Behavior\ReadHtmlCacheBehavior [ RunTime:0.000293s ]
INFO: [ app_begin ] --END-- [ RunTime:0.000320s ]
NOTIC: [2048] Declaration of Home\Controller\ResultController::saveToDB() should be compatible with Home\Controller\BaseController::saveToDB($model, $data, $type = 'basketball') /home/wwwroot/prize.zhiying365.com/Application/Home/Controller/ResultController.class.php 第 4 行.
NOTIC: [8] Undefined variable: act /home/wwwroot/prize.zhiying365.com/Application/Home/Controller/ResultController.class.php 第 68 行.
INFO: [ view_parse ] --START--
INFO: [ template_filter ] --START--
INFO: Run Behavior\ContentReplaceBehavior [ RunTime:0.000031s ]
INFO: [ template_filter ] --END-- [ RunTime:0.000057s ]
NOTIC: [8] Undefined variable: currentPage /home/wwwroot/prize.zhiying365.com/Application/Runtime/Cache/Home/4639d739043498a0d832a6053955b10f.php 第 6 行.
NOTIC: [8] Undefined variable: numPerPage /home/wwwroot/prize.zhiying365.com/Application/Runtime/Cache/Home/4639d739043498a0d832a6053955b10f.php 第 7 行.
NOTIC: [8] Undefined variable: resultlist /home/wwwroot/prize.zhiying365.com/Application/Runtime/Cache/Home/4639d739043498a0d832a6053955b10f.php 第 67 行.
NOTIC: [8] Undefined variable: numPerPage /home/wwwroot/prize.zhiying365.com/Application/Runtime/Cache/Home/4639d739043498a0d832a6053955b10f.php 第 91 行.
NOTIC: [8] Undefined variable: numPerPage /home/wwwroot/prize.zhiying365.com/Application/Runtime/Cache/Home/4639d739043498a0d832a6053955b10f.php 第 92 行.
NOTIC: [8] Undefined variable: numPerPage /home/wwwroot/prize.zhiying365.com/Application/Runtime/Cache/Home/4639d739043498a0d832a6053955b10f.php 第 93 行.
NOTIC: [8] Undefined variable: numPerPage /home/wwwroot/prize.zhiying365.com/Application/Runtime/Cache/Home/4639d739043498a0d832a6053955b10f.php 第 94 行.
NOTIC: [8] Undefined variable: pageTotal /home/wwwroot/prize.zhiying365.com/Application/Runtime/Cache/Home/4639d739043498a0d832a6053955b10f.php 第 96 行.
NOTIC: [8] Undefined variable: totalCount /home/wwwroot/prize.zhiying365.com/Application/Runtime/Cache/Home/4639d739043498a0d832a6053955b10f.php 第 98 行.
NOTIC: [8] Undefined variable: numPerPage /home/wwwroot/prize.zhiying365.com/Application/Runtime/Cache/Home/4639d739043498a0d832a6053955b10f.php 第 98 行.
NOTIC: [8] Undefined variable: pageNumShown /home/wwwroot/prize.zhiying365.com/Application/Runtime/Cache/Home/4639d739043498a0d832a6053955b10f.php 第 98 行.
NOTIC: [8] Undefined variable: currentPage /home/wwwroot/prize.zhiying365.com/Application/Runtime/Cache/Home/4639d739043498a0d832a6053955b10f.php 第 98 行.
INFO: Run Behavior\ParseTemplateBehavior [ RunTime:0.005280s ]
INFO: [ view_parse ] --END-- [ RunTime:0.005302s ]
INFO: [ view_filter ] --START--
INFO: Run Behavior\WriteHtmlCacheBehavior [ RunTime:0.000121s ]
INFO: [ view_filter ] --END-- [ RunTime:0.000141s ]
INFO: [ app_end ] --START--
INFO: Run Behavior\ShowPageTraceBehavior [ RunTime:0.000288s ]
INFO: [ app_end ] --END-- [ RunTime:0.000311s ]

[ 2018-05-01T18:11:34+08:00 ] 121.233.92.18 /index.php/Home/Result/lancai
INFO: [ app_init ] --START--
INFO: Run Behavior\BuildLiteBehavior [ RunTime:0.000010s ]
INFO: [ app_init ] --END-- [ RunTime:0.000217s ]
INFO: [ app_begin ] --START--
INFO: Run Behavior\ReadHtmlCacheBehavior [ RunTime:0.000284s ]
INFO: [ app_begin ] --END-- [ RunTime:0.000312s ]
NOTIC: [2048] Declaration of Home\Controller\ResultController::saveToDB() should be compatible with Home\Controller\BaseController::saveToDB($model, $data, $type = 'basketball') /home/wwwroot/prize.zhiying365.com/Application/Home/Controller/ResultController.class.php 第 4 行.
SQL: SHOW COLUMNS FROM `tab_lottery_result_lancai` [ RunTime:0.0006s ]
SQL: SELECT * FROM `tab_lottery_result_lancai` WHERE `lotttime` = '2018-04-30' GROUP BY lotttime,ballid,first_score,two_score,three_score,four_score,add_score,full_score  [ RunTime:0.0032s ]
SQL: SELECT * FROM `tab_lottery_result_lancai` WHERE `lotttime` = '2018-04-30' GROUP BY lotttime,ballid,first_score,two_score,three_score,four_score,add_score,full_score HAVING count(*)<3 LIMIT 0,20   [ RunTime:0.0031s ]
INFO: [ view_parse ] --START--
INFO: [ template_filter ] --START--
INFO: Run Behavior\ContentReplaceBehavior [ RunTime:0.000030s ]
INFO: [ template_filter ] --END-- [ RunTime:0.000059s ]
INFO: Run Behavior\ParseTemplateBehavior [ RunTime:0.005294s ]
INFO: [ view_parse ] --END-- [ RunTime:0.005330s ]
INFO: [ view_filter ] --START--
INFO: Run Behavior\WriteHtmlCacheBehavior [ RunTime:0.000121s ]
INFO: [ view_filter ] --END-- [ RunTime:0.000142s ]
INFO: [ app_end ] --START--
INFO: Run Behavior\ShowPageTraceBehavior [ RunTime:0.000295s ]
INFO: [ app_end ] --END-- [ RunTime:0.000319s ]

[ 2018-05-01T18:11:35+08:00 ] 121.233.92.18 /index.php/Home/Result/jingcai?_=1525169495285
INFO: [ app_init ] --START--
INFO: Run Behavior\BuildLiteBehavior [ RunTime:0.000011s ]
INFO: [ app_init ] --END-- [ RunTime:0.000249s ]
INFO: [ app_begin ] --START--
INFO: Run Behavior\ReadHtmlCacheBehavior [ RunTime:0.000333s ]
INFO: [ app_begin ] --END-- [ RunTime:0.000364s ]
NOTIC: [2048] Declaration of Home\Controller\ResultController::saveToDB() should be compatible with Home\Controller\BaseController::saveToDB($model, $data, $type = 'basketball') /home/wwwroot/prize.zhiying365.com/Application/Home/Controller/ResultController.class.php 第 4 行.
NOTIC: [8] Undefined variable: act /home/wwwroot/prize.zhiying365.com/Application/Home/Controller/ResultController.class.php 第 16 行.
INFO: [ view_parse ] --START--
INFO: [ template_filter ] --START--
INFO: Run Behavior\ContentReplaceBehavior [ RunTime:0.000031s ]
INFO: [ template_filter ] --END-- [ RunTime:0.000057s ]
NOTIC: [8] Undefined variable: currentPage /home/wwwroot/prize.zhiying365.com/Application/Runtime/Cache/Home/08dbf0cc8beabc0370dff644d2c962d6.php 第 6 行.
NOTIC: [8] Undefined variable: numPerPage /home/wwwroot/prize.zhiying365.com/Application/Runtime/Cache/Home/08dbf0cc8beabc0370dff644d2c962d6.php 第 7 行.
NOTIC: [8] Undefined variable: resultlist /home/wwwroot/prize.zhiying365.com/Application/Runtime/Cache/Home/08dbf0cc8beabc0370dff644d2c962d6.php 第 63 行.
NOTIC: [8] Undefined variable: numPerPage /home/wwwroot/prize.zhiying365.com/Application/Runtime/Cache/Home/08dbf0cc8beabc0370dff644d2c962d6.php 第 83 行.
NOTIC: [8] Undefined variable: numPerPage /home/wwwroot/prize.zhiying365.com/Application/Runtime/Cache/Home/08dbf0cc8beabc0370dff644d2c962d6.php 第 84 行.
NOTIC: [8] Undefined variable: numPerPage /home/wwwroot/prize.zhiying365.com/Application/Runtime/Cache/Home/08dbf0cc8beabc0370dff644d2c962d6.php 第 85 行.
NOTIC: [8] Undefined variable: numPerPage /home/wwwroot/prize.zhiying365.com/Application/Runtime/Cache/Home/08dbf0cc8beabc0370dff644d2c962d6.php 第 86 行.
NOTIC: [8] Undefined variable: pageTotal /home/wwwroot/prize.zhiying365.com/Application/Runtime/Cache/Home/08dbf0cc8beabc0370dff644d2c962d6.php 第 88 行.
NOTIC: [8] Undefined variable: totalCount /home/wwwroot/prize.zhiying365.com/Application/Runtime/Cache/Home/08dbf0cc8beabc0370dff644d2c962d6.php 第 90 行.
NOTIC: [8] Undefined variable: numPerPage /home/wwwroot/prize.zhiying365.com/Application/Runtime/Cache/Home/08dbf0cc8beabc0370dff644d2c962d6.php 第 90 行.
NOTIC: [8] Undefined variable: pageNumShown /home/wwwroot/prize.zhiying365.com/Application/Runtime/Cache/Home/08dbf0cc8beabc0370dff644d2c962d6.php 第 90 行.
NOTIC: [8] Undefined variable: currentPage /home/wwwroot/prize.zhiying365.com/Application/Runtime/Cache/Home/08dbf0cc8beabc0370dff644d2c962d6.php 第 90 行.
INFO: Run Behavior\ParseTemplateBehavior [ RunTime:0.005271s ]
INFO: [ view_parse ] --END-- [ RunTime:0.005296s ]
INFO: [ view_filter ] --START--
INFO: Run Behavior\WriteHtmlCacheBehavior [ RunTime:0.000121s ]
INFO: [ view_filter ] --END-- [ RunTime:0.000141s ]
INFO: [ app_end ] --START--
INFO: Run Behavior\ShowPageTraceBehavior [ RunTime:0.000317s ]
INFO: [ app_end ] --END-- [ RunTime:0.000341s ]

[ 2018-05-01T18:11:36+08:00 ] 121.233.92.18 /index.php/Home/Result/jingcai
INFO: [ app_init ] --START--
INFO: Run Behavior\BuildLiteBehavior [ RunTime:0.000011s ]
INFO: [ app_init ] --END-- [ RunTime:0.000244s ]
INFO: [ app_begin ] --START--
INFO: Run Behavior\ReadHtmlCacheBehavior [ RunTime:0.000313s ]
INFO: [ app_begin ] --END-- [ RunTime:0.000345s ]
NOTIC: [2048] Declaration of Home\Controller\ResultController::saveToDB() should be compatible with Home\Controller\BaseController::saveToDB($model, $data, $type = 'basketball') /home/wwwroot/prize.zhiying365.com/Application/Home/Controller/ResultController.class.php 第 4 行.
SQL: SELECT * FROM `tab_lottery_result` WHERE `lotttime` = '2018-04-30' GROUP BY lotttime,ballid,half_score,full_score  [ RunTime:0.0149s ]
SQL: SELECT `lotteryid`,`lotttime`,`ballid`,`source`,`half_score`,`full_score`,`match_starttime`,`result`,`addtime`,`status` FROM `tab_lottery_result` WHERE `lotttime` = '2018-04-30' GROUP BY lotttime,ballid,half_score,full_score HAVING count(*)<3 LIMIT 0,20   [ RunTime:0.0145s ]
INFO: [ view_parse ] --START--
INFO: [ template_filter ] --START--
INFO: Run Behavior\ContentReplaceBehavior [ RunTime:0.000039s ]
INFO: [ template_filter ] --END-- [ RunTime:0.000067s ]
INFO: Run Behavior\ParseTemplateBehavior [ RunTime:0.005865s ]
INFO: [ view_parse ] --END-- [ RunTime:0.005896s ]
INFO: [ view_filter ] --START--
INFO: Run Behavior\WriteHtmlCacheBehavior [ RunTime:0.000139s ]
INFO: [ view_filter ] --END-- [ RunTime:0.000188s ]
INFO: [ app_end ] --START--
INFO: Run Behavior\ShowPageTraceBehavior [ RunTime:0.000327s ]
INFO: [ app_end ] --END-- [ RunTime:0.000355s ]

[ 2018-05-01T18:39:34+08:00 ] 121.233.92.18 /index.php/Home/Result/lancai?_=1525171174363
INFO: [ app_init ] --START--
INFO: Run Behavior\BuildLiteBehavior [ RunTime:0.000010s ]
INFO: [ app_init ] --END-- [ RunTime:0.000220s ]
INFO: [ app_begin ] --START--
INFO: Run Behavior\ReadHtmlCacheBehavior [ RunTime:0.000294s ]
INFO: [ app_begin ] --END-- [ RunTime:0.000322s ]
NOTIC: [2048] Declaration of Home\Controller\ResultController::saveToDB() should be compatible with Home\Controller\BaseController::saveToDB($model, $data, $type = 'basketball') /home/wwwroot/prize.zhiying365.com/Application/Home/Controller/ResultController.class.php 第 4 行.
NOTIC: [8] Undefined variable: act /home/wwwroot/prize.zhiying365.com/Application/Home/Controller/ResultController.class.php 第 68 行.
INFO: [ view_parse ] --START--
INFO: [ template_filter ] --START--
INFO: Run Behavior\ContentReplaceBehavior [ RunTime:0.000030s ]
INFO: [ template_filter ] --END-- [ RunTime:0.000055s ]
NOTIC: [8] Undefined variable: currentPage /home/wwwroot/prize.zhiying365.com/Application/Runtime/Cache/Home/4639d739043498a0d832a6053955b10f.php 第 6 行.
NOTIC: [8] Undefined variable: numPerPage /home/wwwroot/prize.zhiying365.com/Application/Runtime/Cache/Home/4639d739043498a0d832a6053955b10f.php 第 7 行.
NOTIC: [8] Undefined variable: resultlist /home/wwwroot/prize.zhiying365.com/Application/Runtime/Cache/Home/4639d739043498a0d832a6053955b10f.php 第 67 行.
NOTIC: [8] Undefined variable: numPerPage /home/wwwroot/prize.zhiying365.com/Application/Runtime/Cache/Home/4639d739043498a0d832a6053955b10f.php 第 91 行.
NOTIC: [8] Undefined variable: numPerPage /home/wwwroot/prize.zhiying365.com/Application/Runtime/Cache/Home/4639d739043498a0d832a6053955b10f.php 第 92 行.
NOTIC: [8] Undefined variable: numPerPage /home/wwwroot/prize.zhiying365.com/Application/Runtime/Cache/Home/4639d739043498a0d832a6053955b10f.php 第 93 行.
NOTIC: [8] Undefined variable: numPerPage /home/wwwroot/prize.zhiying365.com/Application/Runtime/Cache/Home/4639d739043498a0d832a6053955b10f.php 第 94 行.
NOTIC: [8] Undefined variable: pageTotal /home/wwwroot/prize.zhiying365.com/Application/Runtime/Cache/Home/4639d739043498a0d832a6053955b10f.php 第 96 行.
NOTIC: [8] Undefined variable: totalCount /home/wwwroot/prize.zhiying365.com/Application/Runtime/Cache/Home/4639d739043498a0d832a6053955b10f.php 第 98 行.
NOTIC: [8] Undefined variable: numPerPage /home/wwwroot/prize.zhiying365.com/Application/Runtime/Cache/Home/4639d739043498a0d832a6053955b10f.php 第 98 行.
NOTIC: [8] Undefined variable: pageNumShown /home/wwwroot/prize.zhiying365.com/Application/Runtime/Cache/Home/4639d739043498a0d832a6053955b10f.php 第 98 行.
NOTIC: [8] Undefined variable: currentPage /home/wwwroot/prize.zhiying365.com/Application/Runtime/Cache/Home/4639d739043498a0d832a6053955b10f.php 第 98 行.
INFO: Run Behavior\ParseTemplateBehavior [ RunTime:0.005296s ]
INFO: [ view_parse ] --END-- [ RunTime:0.005319s ]
INFO: [ view_filter ] --START--
INFO: Run Behavior\WriteHtmlCacheBehavior [ RunTime:0.000120s ]
INFO: [ view_filter ] --END-- [ RunTime:0.000140s ]
INFO: [ app_end ] --START--
INFO: Run Behavior\ShowPageTraceBehavior [ RunTime:0.000284s ]
INFO: [ app_end ] --END-- [ RunTime:0.000309s ]

[ 2018-05-01T18:39:36+08:00 ] 121.233.92.18 /index.php/Home/Result/lancai
INFO: [ app_init ] --START--
INFO: Run Behavior\BuildLiteBehavior [ RunTime:0.000010s ]
INFO: [ app_init ] --END-- [ RunTime:0.000220s ]
INFO: [ app_begin ] --START--
INFO: Run Behavior\ReadHtmlCacheBehavior [ RunTime:0.000286s ]
INFO: [ app_begin ] --END-- [ RunTime:0.000315s ]
NOTIC: [2048] Declaration of Home\Controller\ResultController::saveToDB() should be compatible with Home\Controller\BaseController::saveToDB($model, $data, $type = 'basketball') /home/wwwroot/prize.zhiying365.com/Application/Home/Controller/ResultController.class.php 第 4 行.
SQL: SHOW COLUMNS FROM `tab_lottery_result_lancai` [ RunTime:0.0005s ]
SQL: SELECT * FROM `tab_lottery_result_lancai` WHERE `lotttime` = '2018-04-30' GROUP BY lotttime,ballid,first_score,two_score,three_score,four_score,add_score,full_score  [ RunTime:0.0032s ]
SQL: SELECT * FROM `tab_lottery_result_lancai` WHERE `lotttime` = '2018-04-30' GROUP BY lotttime,ballid,first_score,two_score,three_score,four_score,add_score,full_score HAVING count(*)<3 LIMIT 0,20   [ RunTime:0.0030s ]
INFO: [ view_parse ] --START--
INFO: [ template_filter ] --START--
INFO: Run Behavior\ContentReplaceBehavior [ RunTime:0.000029s ]
INFO: [ template_filter ] --END-- [ RunTime:0.000058s ]
INFO: Run Behavior\ParseTemplateBehavior [ RunTime:0.005302s ]
INFO: [ view_parse ] --END-- [ RunTime:0.005329s ]
INFO: [ view_filter ] --START--
INFO: Run Behavior\WriteHtmlCacheBehavior [ RunTime:0.000120s ]
INFO: [ view_filter ] --END-- [ RunTime:0.000142s ]
INFO: [ app_end ] --START--
INFO: Run Behavior\ShowPageTraceBehavior [ RunTime:0.000278s ]
INFO: [ app_end ] --END-- [ RunTime:0.000316s ]

[ 2018-05-01T18:39:36+08:00 ] 121.233.92.18 /index.php/Home/Result/jingcai?_=1525171176768
INFO: [ app_init ] --START--
INFO: Run Behavior\BuildLiteBehavior [ RunTime:0.000010s ]
INFO: [ app_init ] --END-- [ RunTime:0.000233s ]
INFO: [ app_begin ] --START--
INFO: Run Behavior\ReadHtmlCacheBehavior [ RunTime:0.000332s ]
INFO: [ app_begin ] --END-- [ RunTime:0.000362s ]
NOTIC: [2048] Declaration of Home\Controller\ResultController::saveToDB() should be compatible with Home\Controller\BaseController::saveToDB($model, $data, $type = 'basketball') /home/wwwroot/prize.zhiying365.com/Application/Home/Controller/ResultController.class.php 第 4 行.
NOTIC: [8] Undefined variable: act /home/wwwroot/prize.zhiying365.com/Application/Home/Controller/ResultController.class.php 第 16 行.
INFO: [ view_parse ] --START--
INFO: [ template_filter ] --START--
INFO: Run Behavior\ContentReplaceBehavior [ RunTime:0.000030s ]
INFO: [ template_filter ] --END-- [ RunTime:0.000056s ]
NOTIC: [8] Undefined variable: currentPage /home/wwwroot/prize.zhiying365.com/Application/Runtime/Cache/Home/08dbf0cc8beabc0370dff644d2c962d6.php 第 6 行.
NOTIC: [8] Undefined variable: numPerPage /home/wwwroot/prize.zhiying365.com/Application/Runtime/Cache/Home/08dbf0cc8beabc0370dff644d2c962d6.php 第 7 行.
NOTIC: [8] Undefined variable: resultlist /home/wwwroot/prize.zhiying365.com/Application/Runtime/Cache/Home/08dbf0cc8beabc0370dff644d2c962d6.php 第 63 行.
NOTIC: [8] Undefined variable: numPerPage /home/wwwroot/prize.zhiying365.com/Application/Runtime/Cache/Home/08dbf0cc8beabc0370dff644d2c962d6.php 第 83 行.
NOTIC: [8] Undefined variable: numPerPage /home/wwwroot/prize.zhiying365.com/Application/Runtime/Cache/Home/08dbf0cc8beabc0370dff644d2c962d6.php 第 84 行.
NOTIC: [8] Undefined variable: numPerPage /home/wwwroot/prize.zhiying365.com/Application/Runtime/Cache/Home/08dbf0cc8beabc0370dff644d2c962d6.php 第 85 行.
NOTIC: [8] Undefined variable: numPerPage /home/wwwroot/prize.zhiying365.com/Application/Runtime/Cache/Home/08dbf0cc8beabc0370dff644d2c962d6.php 第 86 行.
NOTIC: [8] Undefined variable: pageTotal /home/wwwroot/prize.zhiying365.com/Application/Runtime/Cache/Home/08dbf0cc8beabc0370dff644d2c962d6.php 第 88 行.
NOTIC: [8] Undefined variable: totalCount /home/wwwroot/prize.zhiying365.com/Application/Runtime/Cache/Home/08dbf0cc8beabc0370dff644d2c962d6.php 第 90 行.
NOTIC: [8] Undefined variable: numPerPage /home/wwwroot/prize.zhiying365.com/Application/Runtime/Cache/Home/08dbf0cc8beabc0370dff644d2c962d6.php 第 90 行.
NOTIC: [8] Undefined variable: pageNumShown /home/wwwroot/prize.zhiying365.com/Application/Runtime/Cache/Home/08dbf0cc8beabc0370dff644d2c962d6.php 第 90 行.
NOTIC: [8] Undefined variable: currentPage /home/wwwroot/prize.zhiying365.com/Application/Runtime/Cache/Home/08dbf0cc8beabc0370dff644d2c962d6.php 第 90 行.
INFO: Run Behavior\ParseTemplateBehavior [ RunTime:0.005218s ]
INFO: [ view_parse ] --END-- [ RunTime:0.005242s ]
INFO: [ view_filter ] --START--
INFO: Run Behavior\WriteHtmlCacheBehavior [ RunTime:0.000121s ]
INFO: [ view_filter ] --END-- [ RunTime:0.000140s ]
INFO: [ app_end ] --START--
INFO: Run Behavior\ShowPageTraceBehavior [ RunTime:0.000284s ]
INFO: [ app_end ] --END-- [ RunTime:0.000307s ]

[ 2018-05-01T18:39:37+08:00 ] 121.233.92.18 /index.php/Home/Result/jingcai
INFO: [ app_init ] --START--
INFO: Run Behavior\BuildLiteBehavior [ RunTime:0.000010s ]
INFO: [ app_init ] --END-- [ RunTime:0.000216s ]
INFO: [ app_begin ] --START--
INFO: Run Behavior\ReadHtmlCacheBehavior [ RunTime:0.000294s ]
INFO: [ app_begin ] --END-- [ RunTime:0.000323s ]
NOTIC: [2048] Declaration of Home\Controller\ResultController::saveToDB() should be compatible with Home\Controller\BaseController::saveToDB($model, $data, $type = 'basketball') /home/wwwroot/prize.zhiying365.com/Application/Home/Controller/ResultController.class.php 第 4 行.
SQL: SELECT * FROM `tab_lottery_result` WHERE `lotttime` = '2018-04-30' GROUP BY lotttime,ballid,half_score,full_score  [ RunTime:0.0162s ]
SQL: SELECT `lotteryid`,`lotttime`,`ballid`,`source`,`half_score`,`full_score`,`match_starttime`,`result`,`addtime`,`status` FROM `tab_lottery_result` WHERE `lotttime` = '2018-04-30' GROUP BY lotttime,ballid,half_score,full_score HAVING count(*)<3 LIMIT 0,20   [ RunTime:0.0143s ]
INFO: [ view_parse ] --START--
INFO: [ template_filter ] --START--
INFO: Run Behavior\ContentReplaceBehavior [ RunTime:0.000033s ]
INFO: [ template_filter ] --END-- [ RunTime:0.000063s ]
INFO: Run Behavior\ParseTemplateBehavior [ RunTime:0.005719s ]
INFO: [ view_parse ] --END-- [ RunTime:0.005750s ]
INFO: [ view_filter ] --START--
INFO: Run Behavior\WriteHtmlCacheBehavior [ RunTime:0.000144s ]
INFO: [ view_filter ] --END-- [ RunTime:0.000168s ]
INFO: [ app_end ] --START--
INFO: Run Behavior\ShowPageTraceBehavior [ RunTime:0.000331s ]
INFO: [ app_end ] --END-- [ RunTime:0.000359s ]

[ 2018-05-01T18:41:54+08:00 ] 121.233.92.18 /index.php/Home/Result/lancai?_=1525171314809
INFO: [ app_init ] --START--
INFO: Run Behavior\BuildLiteBehavior [ RunTime:0.000011s ]
INFO: [ app_init ] --END-- [ RunTime:0.000255s ]
INFO: [ app_begin ] --START--
INFO: Run Behavior\ReadHtmlCacheBehavior [ RunTime:0.000322s ]
INFO: [ app_begin ] --END-- [ RunTime:0.000353s ]
NOTIC: [2048] Declaration of Home\Controller\ResultController::saveToDB() should be compatible with Home\Controller\BaseController::saveToDB($model, $data, $type = 'basketball') /home/wwwroot/prize.zhiying365.com/Application/Home/Controller/ResultController.class.php 第 4 行.
NOTIC: [8] Undefined variable: act /home/wwwroot/prize.zhiying365.com/Application/Home/Controller/ResultController.class.php 第 68 行.
INFO: [ view_parse ] --START--
INFO: [ template_filter ] --START--
INFO: Run Behavior\ContentReplaceBehavior [ RunTime:0.000032s ]
INFO: [ template_filter ] --END-- [ RunTime:0.000058s ]
NOTIC: [8] Undefined variable: currentPage /home/wwwroot/prize.zhiying365.com/Application/Runtime/Cache/Home/4639d739043498a0d832a6053955b10f.php 第 6 行.
NOTIC: [8] Undefined variable: numPerPage /home/wwwroot/prize.zhiying365.com/Application/Runtime/Cache/Home/4639d739043498a0d832a6053955b10f.php 第 7 行.
NOTIC: [8] Undefined variable: resultlist /home/wwwroot/prize.zhiying365.com/Application/Runtime/Cache/Home/4639d739043498a0d832a6053955b10f.php 第 67 行.
NOTIC: [8] Undefined variable: numPerPage /home/wwwroot/prize.zhiying365.com/Application/Runtime/Cache/Home/4639d739043498a0d832a6053955b10f.php 第 91 行.
NOTIC: [8] Undefined variable: numPerPage /home/wwwroot/prize.zhiying365.com/Application/Runtime/Cache/Home/4639d739043498a0d832a6053955b10f.php 第 92 行.
NOTIC: [8] Undefined variable: numPerPage /home/wwwroot/prize.zhiying365.com/Application/Runtime/Cache/Home/4639d739043498a0d832a6053955b10f.php 第 93 行.
NOTIC: [8] Undefined variable: numPerPage /home/wwwroot/prize.zhiying365.com/Application/Runtime/Cache/Home/4639d739043498a0d832a6053955b10f.php 第 94 行.
NOTIC: [8] Undefined variable: pageTotal /home/wwwroot/prize.zhiying365.com/Application/Runtime/Cache/Home/4639d739043498a0d832a6053955b10f.php 第 96 行.
NOTIC: [8] Undefined variable: totalCount /home/wwwroot/prize.zhiying365.com/Application/Runtime/Cache/Home/4639d739043498a0d832a6053955b10f.php 第 98 行.
NOTIC: [8] Undefined variable: numPerPage /home/wwwroot/prize.zhiying365.com/Application/Runtime/Cache/Home/4639d739043498a0d832a6053955b10f.php 第 98 行.
NOTIC: [8] Undefined variable: pageNumShown /home/wwwroot/prize.zhiying365.com/Application/Runtime/Cache/Home/4639d739043498a0d832a6053955b10f.php 第 98 行.
NOTIC: [8] Undefined variable: currentPage /home/wwwroot/prize.zhiying365.com/Application/Runtime/Cache/Home/4639d739043498a0d832a6053955b10f.php 第 98 行.
INFO: Run Behavior\ParseTemplateBehavior [ RunTime:0.005475s ]
INFO: [ view_parse ] --END-- [ RunTime:0.005499s ]
INFO: [ view_filter ] --START--
INFO: Run Behavior\WriteHtmlCacheBehavior [ RunTime:0.000121s ]
INFO: [ view_filter ] --END-- [ RunTime:0.000141s ]
INFO: [ app_end ] --START--
INFO: Run Behavior\ShowPageTraceBehavior [ RunTime:0.000274s ]
INFO: [ app_end ] --END-- [ RunTime:0.000297s ]

[ 2018-05-01T18:41:56+08:00 ] 121.233.92.18 /index.php/Home/Result/lancai
INFO: [ app_init ] --START--
INFO: Run Behavior\BuildLiteBehavior [ RunTime:0.000012s ]
INFO: [ app_init ] --END-- [ RunTime:0.000243s ]
INFO: [ app_begin ] --START--
INFO: Run Behavior\ReadHtmlCacheBehavior [ RunTime:0.000326s ]
INFO: [ app_begin ] --END-- [ RunTime:0.000359s ]
NOTIC: [2048] Declaration of Home\Controller\ResultController::saveToDB() should be compatible with Home\Controller\BaseController::saveToDB($model, $data, $type = 'basketball') /home/wwwroot/prize.zhiying365.com/Application/Home/Controller/ResultController.class.php 第 4 行.
SQL: SHOW COLUMNS FROM `tab_lottery_result_lancai` [ RunTime:0.0006s ]
SQL: SELECT * FROM `tab_lottery_result_lancai` WHERE `lotttime` = '2018-04-30' GROUP BY lotttime,ballid,first_score,two_score,three_score,four_score,add_score,full_score  [ RunTime:0.0037s ]
SQL: SELECT * FROM `tab_lottery_result_lancai` WHERE `lotttime` = '2018-04-30' GROUP BY lotttime,ballid,first_score,two_score,three_score,four_score,add_score,full_score HAVING count(*)<3 LIMIT 0,20   [ RunTime:0.0035s ]
INFO: [ view_parse ] --START--
INFO: [ template_filter ] --START--
INFO: Run Behavior\ContentReplaceBehavior [ RunTime:0.000029s ]
INFO: [ template_filter ] --END-- [ RunTime:0.000057s ]
INFO: Run Behavior\ParseTemplateBehavior [ RunTime:0.005227s ]
INFO: [ view_parse ] --END-- [ RunTime:0.005254s ]
INFO: [ view_filter ] --START--
INFO: Run Behavior\WriteHtmlCacheBehavior [ RunTime:0.000121s ]
INFO: [ view_filter ] --END-- [ RunTime:0.000151s ]
INFO: [ app_end ] --START--
INFO: Run Behavior\ShowPageTraceBehavior [ RunTime:0.000290s ]
INFO: [ app_end ] --END-- [ RunTime:0.000315s ]

