[ 2018-02-27T02:10:39+08:00 ] 58.217.192.54 /
INFO: [ app_init ] --START--
INFO: Run Behavior\BuildLiteBehavior [ RunTime:0.000013s ]
INFO: [ app_init ] --END-- [ RunTime:0.000357s ]
INFO: [ app_begin ] --START--
INFO: Run Behavior\ReadHtmlCacheBehavior [ RunTime:0.006449s ]
INFO: [ app_begin ] --END-- [ RunTime:0.006496s ]

[ 2018-02-27T08:37:44+08:00 ] 117.136.66.242 /index.php/Home/
INFO: [ app_init ] --START--
INFO: Run Behavior\BuildLiteBehavior [ RunTime:0.000017s ]
INFO: [ app_init ] --END-- [ RunTime:0.000463s ]
INFO: [ app_begin ] --START--
INFO: Run Behavior\ReadHtmlCacheBehavior [ RunTime:0.000506s ]
INFO: [ app_begin ] --END-- [ RunTime:0.000547s ]

[ 2018-02-27T08:37:44+08:00 ] 117.136.66.242 /index.php/Home/User/login.html
INFO: [ app_init ] --START--
INFO: Run Behavior\BuildLiteBehavior [ RunTime:0.000014s ]
INFO: [ app_init ] --END-- [ RunTime:0.000293s ]
INFO: [ app_begin ] --START--
INFO: Run Behavior\ReadHtmlCacheBehavior [ RunTime:0.000401s ]
INFO: [ app_begin ] --END-- [ RunTime:0.000444s ]
INFO: [ view_parse ] --START--
INFO: [ template_filter ] --START--
INFO: Run Behavior\ContentReplaceBehavior [ RunTime:0.000551s ]
INFO: [ template_filter ] --END-- [ RunTime:0.000608s ]
NOTIC: [8] Undefined variable: msg /home/wwwroot/prize.zhiying365.com/Application/Runtime/Cache/Home/5c9ee6d19cd41add49f97afe3aef0b25.php 第 11 行.
INFO: Run Behavior\ParseTemplateBehavior [ RunTime:0.016721s ]
INFO: [ view_parse ] --END-- [ RunTime:0.016771s ]
INFO: [ view_filter ] --START--
INFO: Run Behavior\WriteHtmlCacheBehavior [ RunTime:0.000383s ]
INFO: [ view_filter ] --END-- [ RunTime:0.000419s ]
INFO: [ app_end ] --START--
INFO: Run Behavior\ShowPageTraceBehavior [ RunTime:0.000604s ]
INFO: [ app_end ] --END-- [ RunTime:0.000646s ]

[ 2018-02-27T08:37:45+08:00 ] 117.136.66.242 /index.php/home/user/verify.html
INFO: [ app_init ] --START--
INFO: Run Behavior\BuildLiteBehavior [ RunTime:0.000023s ]
INFO: [ app_init ] --END-- [ RunTime:0.000608s ]
INFO: [ app_begin ] --START--
INFO: Run Behavior\ReadHtmlCacheBehavior [ RunTime:0.000593s ]
INFO: [ app_begin ] --END-- [ RunTime:0.000651s ]
INFO: [ app_end ] --START--
INFO: Run Behavior\ShowPageTraceBehavior [ RunTime:0.000469s ]
INFO: [ app_end ] --END-- [ RunTime:0.000524s ]

[ 2018-02-27T08:37:58+08:00 ] 117.136.66.242 /index.php/home/user/checklogin.html
INFO: [ app_init ] --START--
INFO: Run Behavior\BuildLiteBehavior [ RunTime:0.000016s ]
INFO: [ app_init ] --END-- [ RunTime:0.000347s ]
INFO: [ app_begin ] --START--
INFO: Run Behavior\ReadHtmlCacheBehavior [ RunTime:0.006472s ]
INFO: [ app_begin ] --END-- [ RunTime:0.006545s ]
SQL: SHOW COLUMNS FROM `user` [ RunTime:0.0015s ]
NOTIC: [8] iconv(): Unknown error (22) /home/wwwroot/prize.zhiying365.com/Application/Home/Controller/UserController.class.php 第 48 行.
INFO: [ view_parse ] --START--
INFO: [ template_filter ] --START--
INFO: Run Behavior\ContentReplaceBehavior [ RunTime:0.000084s ]
INFO: [ template_filter ] --END-- [ RunTime:0.000144s ]
INFO: Run Behavior\ParseTemplateBehavior [ RunTime:0.004920s ]
INFO: [ view_parse ] --END-- [ RunTime:0.005007s ]
INFO: [ view_filter ] --START--
INFO: Run Behavior\WriteHtmlCacheBehavior [ RunTime:0.000228s ]
INFO: [ view_filter ] --END-- [ RunTime:0.000270s ]

[ 2018-02-27T08:38:02+08:00 ] 117.136.66.242 /index.php/Home/User/login.html
INFO: [ app_init ] --START--
INFO: Run Behavior\BuildLiteBehavior [ RunTime:0.000023s ]
INFO: [ app_init ] --END-- [ RunTime:0.000500s ]
INFO: [ app_begin ] --START--
INFO: Run Behavior\ReadHtmlCacheBehavior [ RunTime:0.000458s ]
INFO: [ app_begin ] --END-- [ RunTime:0.000499s ]
INFO: [ view_parse ] --START--
INFO: [ template_filter ] --START--
INFO: Run Behavior\ContentReplaceBehavior [ RunTime:0.000055s ]
INFO: [ template_filter ] --END-- [ RunTime:0.000143s ]
NOTIC: [8] Undefined variable: msg /home/wwwroot/prize.zhiying365.com/Application/Runtime/Cache/Home/5c9ee6d19cd41add49f97afe3aef0b25.php 第 11 行.
INFO: Run Behavior\ParseTemplateBehavior [ RunTime:0.043136s ]
INFO: [ view_parse ] --END-- [ RunTime:0.043259s ]
INFO: [ view_filter ] --START--
INFO: Run Behavior\WriteHtmlCacheBehavior [ RunTime:0.000292s ]
INFO: [ view_filter ] --END-- [ RunTime:0.000341s ]
INFO: [ app_end ] --START--
INFO: Run Behavior\ShowPageTraceBehavior [ RunTime:0.000508s ]
INFO: [ app_end ] --END-- [ RunTime:0.000554s ]

[ 2018-02-27T08:38:02+08:00 ] 117.136.66.242 /index.php/home/user/verify.html
INFO: [ app_init ] --START--
INFO: Run Behavior\BuildLiteBehavior [ RunTime:0.000018s ]
INFO: [ app_init ] --END-- [ RunTime:0.000383s ]
INFO: [ app_begin ] --START--
INFO: Run Behavior\ReadHtmlCacheBehavior [ RunTime:0.000599s ]
INFO: [ app_begin ] --END-- [ RunTime:0.000648s ]
INFO: [ app_end ] --START--
INFO: Run Behavior\ShowPageTraceBehavior [ RunTime:0.000785s ]
INFO: [ app_end ] --END-- [ RunTime:0.000846s ]

[ 2018-02-27T08:38:06+08:00 ] 117.136.66.242 /index.php/home/user/checklogin.html
INFO: [ app_init ] --START--
INFO: Run Behavior\BuildLiteBehavior [ RunTime:0.000016s ]
INFO: [ app_init ] --END-- [ RunTime:0.000322s ]
INFO: [ app_begin ] --START--
INFO: Run Behavior\ReadHtmlCacheBehavior [ RunTime:0.000399s ]
INFO: [ app_begin ] --END-- [ RunTime:0.000466s ]
SQL: SHOW COLUMNS FROM `user` [ RunTime:0.0006s ]
SQL: SELECT * FROM `user` WHERE `username` = 'zy_admin' LIMIT 1   [ RunTime:0.0005s ]
NOTIC: [8] iconv(): Unknown error (22) /home/wwwroot/prize.zhiying365.com/Application/Home/Controller/UserController.class.php 第 54 行.
INFO: [ view_parse ] --START--
INFO: [ template_filter ] --START--
INFO: Run Behavior\ContentReplaceBehavior [ RunTime:0.000044s ]
INFO: [ template_filter ] --END-- [ RunTime:0.000108s ]
INFO: Run Behavior\ParseTemplateBehavior [ RunTime:0.004547s ]
INFO: [ view_parse ] --END-- [ RunTime:0.004587s ]
INFO: [ view_filter ] --START--
INFO: Run Behavior\WriteHtmlCacheBehavior [ RunTime:0.000202s ]
INFO: [ view_filter ] --END-- [ RunTime:0.000237s ]
INFO: [ app_end ] --START--
INFO: Run Behavior\ShowPageTraceBehavior [ RunTime:0.000449s ]
INFO: [ app_end ] --END-- [ RunTime:0.000486s ]

[ 2018-02-27T08:38:07+08:00 ] 117.136.66.242 /index.php/Home/
INFO: [ app_init ] --START--
INFO: Run Behavior\BuildLiteBehavior [ RunTime:0.000016s ]
INFO: [ app_init ] --END-- [ RunTime:0.000326s ]
INFO: [ app_begin ] --START--
INFO: Run Behavior\ReadHtmlCacheBehavior [ RunTime:0.000445s ]
INFO: [ app_begin ] --END-- [ RunTime:0.000485s ]
SQL: SHOW COLUMNS FROM `user` [ RunTime:0.0006s ]
INFO: [ view_parse ] --START--
INFO: [ template_filter ] --START--
INFO: Run Behavior\ContentReplaceBehavior [ RunTime:0.000067s ]
INFO: [ template_filter ] --END-- [ RunTime:0.000174s ]
INFO: Run Behavior\ParseTemplateBehavior [ RunTime:0.011221s ]
INFO: [ view_parse ] --END-- [ RunTime:0.011484s ]
INFO: [ view_filter ] --START--
INFO: Run Behavior\WriteHtmlCacheBehavior [ RunTime:0.000231s ]
INFO: [ view_filter ] --END-- [ RunTime:0.000265s ]
INFO: [ app_end ] --START--
INFO: Run Behavior\ShowPageTraceBehavior [ RunTime:0.000834s ]
INFO: [ app_end ] --END-- [ RunTime:0.000877s ]

[ 2018-02-27T08:38:11+08:00 ] 117.136.66.242 /index.php/Home/Result/jingcai?_=1519691891250
INFO: [ app_init ] --START--
INFO: Run Behavior\BuildLiteBehavior [ RunTime:0.000016s ]
INFO: [ app_init ] --END-- [ RunTime:0.000317s ]
INFO: [ app_begin ] --START--
INFO: Run Behavior\ReadHtmlCacheBehavior [ RunTime:0.000409s ]
INFO: [ app_begin ] --END-- [ RunTime:0.000446s ]
NOTIC: [2048] Declaration of Home\Controller\ResultController::saveToDB() should be compatible with Home\Controller\BaseController::saveToDB($model, $data, $type = 'basketball') /home/wwwroot/prize.zhiying365.com/Application/Home/Controller/ResultController.class.php 第 4 行.
NOTIC: [8] Undefined variable: act /home/wwwroot/prize.zhiying365.com/Application/Home/Controller/ResultController.class.php 第 16 行.
INFO: [ view_parse ] --START--
INFO: [ template_filter ] --START--
INFO: Run Behavior\ContentReplaceBehavior [ RunTime:0.000053s ]
INFO: [ template_filter ] --END-- [ RunTime:0.000107s ]
NOTIC: [8] Undefined variable: currentPage /home/wwwroot/prize.zhiying365.com/Application/Runtime/Cache/Home/08dbf0cc8beabc0370dff644d2c962d6.php 第 6 行.
NOTIC: [8] Undefined variable: numPerPage /home/wwwroot/prize.zhiying365.com/Application/Runtime/Cache/Home/08dbf0cc8beabc0370dff644d2c962d6.php 第 7 行.
NOTIC: [8] Undefined variable: resultlist /home/wwwroot/prize.zhiying365.com/Application/Runtime/Cache/Home/08dbf0cc8beabc0370dff644d2c962d6.php 第 63 行.
NOTIC: [8] Undefined variable: numPerPage /home/wwwroot/prize.zhiying365.com/Application/Runtime/Cache/Home/08dbf0cc8beabc0370dff644d2c962d6.php 第 83 行.
NOTIC: [8] Undefined variable: numPerPage /home/wwwroot/prize.zhiying365.com/Application/Runtime/Cache/Home/08dbf0cc8beabc0370dff644d2c962d6.php 第 84 行.
NOTIC: [8] Undefined variable: numPerPage /home/wwwroot/prize.zhiying365.com/Application/Runtime/Cache/Home/08dbf0cc8beabc0370dff644d2c962d6.php 第 85 行.
NOTIC: [8] Undefined variable: numPerPage /home/wwwroot/prize.zhiying365.com/Application/Runtime/Cache/Home/08dbf0cc8beabc0370dff644d2c962d6.php 第 86 行.
NOTIC: [8] Undefined variable: pageTotal /home/wwwroot/prize.zhiying365.com/Application/Runtime/Cache/Home/08dbf0cc8beabc0370dff644d2c962d6.php 第 88 行.
NOTIC: [8] Undefined variable: totalCount /home/wwwroot/prize.zhiying365.com/Application/Runtime/Cache/Home/08dbf0cc8beabc0370dff644d2c962d6.php 第 90 行.
NOTIC: [8] Undefined variable: numPerPage /home/wwwroot/prize.zhiying365.com/Application/Runtime/Cache/Home/08dbf0cc8beabc0370dff644d2c962d6.php 第 90 行.
NOTIC: [8] Undefined variable: pageNumShown /home/wwwroot/prize.zhiying365.com/Application/Runtime/Cache/Home/08dbf0cc8beabc0370dff644d2c962d6.php 第 90 行.
NOTIC: [8] Undefined variable: currentPage /home/wwwroot/prize.zhiying365.com/Application/Runtime/Cache/Home/08dbf0cc8beabc0370dff644d2c962d6.php 第 90 行.
INFO: Run Behavior\ParseTemplateBehavior [ RunTime:0.018595s ]
INFO: [ view_parse ] --END-- [ RunTime:0.018639s ]
INFO: [ view_filter ] --START--
INFO: Run Behavior\WriteHtmlCacheBehavior [ RunTime:0.000195s ]
INFO: [ view_filter ] --END-- [ RunTime:0.000225s ]
INFO: [ app_end ] --START--
INFO: Run Behavior\ShowPageTraceBehavior [ RunTime:0.000443s ]
INFO: [ app_end ] --END-- [ RunTime:0.000489s ]

[ 2018-02-27T08:38:13+08:00 ] 117.136.66.242 /index.php/Home/Result/jingcai
INFO: [ app_init ] --START--
INFO: Run Behavior\BuildLiteBehavior [ RunTime:0.000015s ]
INFO: [ app_init ] --END-- [ RunTime:0.000317s ]
INFO: [ app_begin ] --START--
INFO: Run Behavior\ReadHtmlCacheBehavior [ RunTime:0.000421s ]
INFO: [ app_begin ] --END-- [ RunTime:0.000484s ]
NOTIC: [2048] Declaration of Home\Controller\ResultController::saveToDB() should be compatible with Home\Controller\BaseController::saveToDB($model, $data, $type = 'basketball') /home/wwwroot/prize.zhiying365.com/Application/Home/Controller/ResultController.class.php 第 4 行.
SQL: SHOW COLUMNS FROM `tab_lottery_result` [ RunTime:0.0006s ]
SQL: SELECT * FROM `tab_lottery_result` WHERE `lotttime` = '2018-02-26' GROUP BY lotttime,ballid,half_score,full_score  [ RunTime:0.0297s ]
SQL: SELECT * FROM `tab_lottery_result` WHERE `lotttime` = '2018-02-26' GROUP BY lotttime,ballid,half_score,full_score HAVING count(*)<3 LIMIT 0,20   [ RunTime:0.0285s ]
INFO: [ view_parse ] --START--
INFO: [ template_filter ] --START--
INFO: Run Behavior\ContentReplaceBehavior [ RunTime:0.000074s ]
INFO: [ template_filter ] --END-- [ RunTime:0.000133s ]
INFO: Run Behavior\ParseTemplateBehavior [ RunTime:0.008429s ]
INFO: [ view_parse ] --END-- [ RunTime:0.008470s ]
INFO: [ view_filter ] --START--
INFO: Run Behavior\WriteHtmlCacheBehavior [ RunTime:0.000176s ]
INFO: [ view_filter ] --END-- [ RunTime:0.000207s ]
INFO: [ app_end ] --START--
INFO: Run Behavior\ShowPageTraceBehavior [ RunTime:0.000505s ]
INFO: [ app_end ] --END-- [ RunTime:0.000540s ]

[ 2018-02-27T08:38:14+08:00 ] 117.136.66.242 /index.php/Home/Result/lancai?_=1519691894505
INFO: [ app_init ] --START--
INFO: Run Behavior\BuildLiteBehavior [ RunTime:0.000015s ]
INFO: [ app_init ] --END-- [ RunTime:0.000302s ]
INFO: [ app_begin ] --START--
INFO: Run Behavior\ReadHtmlCacheBehavior [ RunTime:0.000390s ]
INFO: [ app_begin ] --END-- [ RunTime:0.000428s ]
NOTIC: [2048] Declaration of Home\Controller\ResultController::saveToDB() should be compatible with Home\Controller\BaseController::saveToDB($model, $data, $type = 'basketball') /home/wwwroot/prize.zhiying365.com/Application/Home/Controller/ResultController.class.php 第 4 行.
NOTIC: [8] Undefined variable: act /home/wwwroot/prize.zhiying365.com/Application/Home/Controller/ResultController.class.php 第 68 行.
INFO: [ view_parse ] --START--
INFO: [ template_filter ] --START--
INFO: Run Behavior\ContentReplaceBehavior [ RunTime:0.000077s ]
INFO: [ template_filter ] --END-- [ RunTime:0.000128s ]
NOTIC: [8] Undefined variable: currentPage /home/wwwroot/prize.zhiying365.com/Application/Runtime/Cache/Home/4639d739043498a0d832a6053955b10f.php 第 6 行.
NOTIC: [8] Undefined variable: numPerPage /home/wwwroot/prize.zhiying365.com/Application/Runtime/Cache/Home/4639d739043498a0d832a6053955b10f.php 第 7 行.
NOTIC: [8] Undefined variable: resultlist /home/wwwroot/prize.zhiying365.com/Application/Runtime/Cache/Home/4639d739043498a0d832a6053955b10f.php 第 67 行.
NOTIC: [8] Undefined variable: numPerPage /home/wwwroot/prize.zhiying365.com/Application/Runtime/Cache/Home/4639d739043498a0d832a6053955b10f.php 第 91 行.
NOTIC: [8] Undefined variable: numPerPage /home/wwwroot/prize.zhiying365.com/Application/Runtime/Cache/Home/4639d739043498a0d832a6053955b10f.php 第 92 行.
NOTIC: [8] Undefined variable: numPerPage /home/wwwroot/prize.zhiying365.com/Application/Runtime/Cache/Home/4639d739043498a0d832a6053955b10f.php 第 93 行.
NOTIC: [8] Undefined variable: numPerPage /home/wwwroot/prize.zhiying365.com/Application/Runtime/Cache/Home/4639d739043498a0d832a6053955b10f.php 第 94 行.
NOTIC: [8] Undefined variable: pageTotal /home/wwwroot/prize.zhiying365.com/Application/Runtime/Cache/Home/4639d739043498a0d832a6053955b10f.php 第 96 行.
NOTIC: [8] Undefined variable: totalCount /home/wwwroot/prize.zhiying365.com/Application/Runtime/Cache/Home/4639d739043498a0d832a6053955b10f.php 第 98 行.
NOTIC: [8] Undefined variable: numPerPage /home/wwwroot/prize.zhiying365.com/Application/Runtime/Cache/Home/4639d739043498a0d832a6053955b10f.php 第 98 行.
NOTIC: [8] Undefined variable: pageNumShown /home/wwwroot/prize.zhiying365.com/Application/Runtime/Cache/Home/4639d739043498a0d832a6053955b10f.php 第 98 行.
NOTIC: [8] Undefined variable: currentPage /home/wwwroot/prize.zhiying365.com/Application/Runtime/Cache/Home/4639d739043498a0d832a6053955b10f.php 第 98 行.
INFO: Run Behavior\ParseTemplateBehavior [ RunTime:0.008800s ]
INFO: [ view_parse ] --END-- [ RunTime:0.008835s ]
INFO: [ view_filter ] --START--
INFO: Run Behavior\WriteHtmlCacheBehavior [ RunTime:0.000188s ]
INFO: [ view_filter ] --END-- [ RunTime:0.000217s ]
INFO: [ app_end ] --START--
INFO: Run Behavior\ShowPageTraceBehavior [ RunTime:0.000414s ]
INFO: [ app_end ] --END-- [ RunTime:0.000450s ]

[ 2018-02-27T08:38:16+08:00 ] 117.136.66.242 /index.php/Home/Result/lancai
INFO: [ app_init ] --START--
INFO: Run Behavior\BuildLiteBehavior [ RunTime:0.000015s ]
INFO: [ app_init ] --END-- [ RunTime:0.000305s ]
INFO: [ app_begin ] --START--
INFO: Run Behavior\ReadHtmlCacheBehavior [ RunTime:0.007555s ]
INFO: [ app_begin ] --END-- [ RunTime:0.007620s ]
NOTIC: [2048] Declaration of Home\Controller\ResultController::saveToDB() should be compatible with Home\Controller\BaseController::saveToDB($model, $data, $type = 'basketball') /home/wwwroot/prize.zhiying365.com/Application/Home/Controller/ResultController.class.php 第 4 行.
SQL: SHOW COLUMNS FROM `tab_lottery_result_lancai` [ RunTime:0.0006s ]
SQL: SELECT * FROM `tab_lottery_result_lancai` WHERE `lotttime` = '2018-02-26' GROUP BY lotttime,ballid,first_score,two_score,three_score,four_score,add_score,full_score  [ RunTime:0.0062s ]
SQL: SELECT * FROM `tab_lottery_result_lancai` WHERE `lotttime` = '2018-02-26' GROUP BY lotttime,ballid,first_score,two_score,three_score,four_score,add_score,full_score HAVING count(*)<3 LIMIT 0,20   [ RunTime:0.0058s ]
NOTIC: [8] Undefined variable: pageTotal /home/wwwroot/prize.zhiying365.com/Application/Home/Controller/ResultController.class.php 第 99 行.
NOTIC: [8] Undefined variable: count /home/wwwroot/prize.zhiying365.com/Application/Home/Controller/ResultController.class.php 第 100 行.
INFO: [ view_parse ] --START--
INFO: [ template_filter ] --START--
INFO: Run Behavior\ContentReplaceBehavior [ RunTime:0.000054s ]
INFO: [ template_filter ] --END-- [ RunTime:0.000108s ]
INFO: Run Behavior\ParseTemplateBehavior [ RunTime:0.008500s ]
INFO: [ view_parse ] --END-- [ RunTime:0.008543s ]
INFO: [ view_filter ] --START--
INFO: Run Behavior\WriteHtmlCacheBehavior [ RunTime:0.000175s ]
INFO: [ view_filter ] --END-- [ RunTime:0.000204s ]
INFO: [ app_end ] --START--
INFO: Run Behavior\ShowPageTraceBehavior [ RunTime:0.000421s ]
INFO: [ app_end ] --END-- [ RunTime:0.000459s ]

[ 2018-02-27T11:10:44+08:00 ] 49.90.58.228 /index.php/Home/Result/jingcai?_=1519701044051
INFO: [ app_init ] --START--
INFO: Run Behavior\BuildLiteBehavior [ RunTime:0.000018s ]
INFO: [ app_init ] --END-- [ RunTime:0.000310s ]
INFO: [ app_begin ] --START--
INFO: Run Behavior\ReadHtmlCacheBehavior [ RunTime:0.000536s ]
INFO: [ app_begin ] --END-- [ RunTime:0.000608s ]
NOTIC: [2048] Declaration of Home\Controller\ResultController::saveToDB() should be compatible with Home\Controller\BaseController::saveToDB($model, $data, $type = 'basketball') /home/wwwroot/prize.zhiying365.com/Application/Home/Controller/ResultController.class.php 第 4 行.

[ 2018-02-27T11:10:45+08:00 ] 49.90.58.228 /
INFO: [ app_init ] --START--
INFO: Run Behavior\BuildLiteBehavior [ RunTime:0.000017s ]
INFO: [ app_init ] --END-- [ RunTime:0.000344s ]
INFO: [ app_begin ] --START--
INFO: Run Behavior\ReadHtmlCacheBehavior [ RunTime:0.000500s ]
INFO: [ app_begin ] --END-- [ RunTime:0.000549s ]

[ 2018-02-27T11:10:45+08:00 ] 49.90.58.228 /index.php/Home/User/login.html
INFO: [ app_init ] --START--
INFO: Run Behavior\BuildLiteBehavior [ RunTime:0.000017s ]
INFO: [ app_init ] --END-- [ RunTime:0.000311s ]
INFO: [ app_begin ] --START--
INFO: Run Behavior\ReadHtmlCacheBehavior [ RunTime:0.000452s ]
INFO: [ app_begin ] --END-- [ RunTime:0.000509s ]
INFO: [ view_parse ] --START--
INFO: [ template_filter ] --START--
INFO: Run Behavior\ContentReplaceBehavior [ RunTime:0.000070s ]
INFO: [ template_filter ] --END-- [ RunTime:0.000136s ]
NOTIC: [8] Undefined variable: msg /home/wwwroot/prize.zhiying365.com/Application/Runtime/Cache/Home/5c9ee6d19cd41add49f97afe3aef0b25.php 第 11 行.
INFO: Run Behavior\ParseTemplateBehavior [ RunTime:0.005185s ]
INFO: [ view_parse ] --END-- [ RunTime:0.005221s ]
INFO: [ view_filter ] --START--
INFO: Run Behavior\WriteHtmlCacheBehavior [ RunTime:0.000179s ]
INFO: [ view_filter ] --END-- [ RunTime:0.000211s ]
INFO: [ app_end ] --START--
INFO: Run Behavior\ShowPageTraceBehavior [ RunTime:0.000451s ]
INFO: [ app_end ] --END-- [ RunTime:0.000512s ]

[ 2018-02-27T11:10:45+08:00 ] 49.90.58.228 /index.php/home/user/verify.html
INFO: [ app_init ] --START--
INFO: Run Behavior\BuildLiteBehavior [ RunTime:0.000017s ]
INFO: [ app_init ] --END-- [ RunTime:0.000330s ]
INFO: [ app_begin ] --START--
INFO: Run Behavior\ReadHtmlCacheBehavior [ RunTime:0.000408s ]
INFO: [ app_begin ] --END-- [ RunTime:0.000476s ]
INFO: [ app_end ] --START--
INFO: Run Behavior\ShowPageTraceBehavior [ RunTime:0.000745s ]
INFO: [ app_end ] --END-- [ RunTime:0.000811s ]

[ 2018-02-27T11:10:58+08:00 ] 49.90.58.228 /index.php/home/user/checklogin.html
INFO: [ app_init ] --START--
INFO: Run Behavior\BuildLiteBehavior [ RunTime:0.000017s ]
INFO: [ app_init ] --END-- [ RunTime:0.000347s ]
INFO: [ app_begin ] --START--
INFO: Run Behavior\ReadHtmlCacheBehavior [ RunTime:0.000430s ]
INFO: [ app_begin ] --END-- [ RunTime:0.000480s ]
SQL: SHOW COLUMNS FROM `user` [ RunTime:0.0006s ]
SQL: SELECT * FROM `user` WHERE `username` = 'zy_admin' LIMIT 1   [ RunTime:0.0001s ]
NOTIC: [8] iconv(): Unknown error (22) /home/wwwroot/prize.zhiying365.com/Application/Home/Controller/UserController.class.php 第 54 行.
INFO: [ view_parse ] --START--
INFO: [ template_filter ] --START--
INFO: Run Behavior\ContentReplaceBehavior [ RunTime:0.000047s ]
INFO: [ template_filter ] --END-- [ RunTime:0.000105s ]
INFO: Run Behavior\ParseTemplateBehavior [ RunTime:0.005107s ]
INFO: [ view_parse ] --END-- [ RunTime:0.005147s ]
INFO: [ view_filter ] --START--
INFO: Run Behavior\WriteHtmlCacheBehavior [ RunTime:0.000206s ]
INFO: [ view_filter ] --END-- [ RunTime:0.000248s ]
INFO: [ app_end ] --START--
INFO: Run Behavior\ShowPageTraceBehavior [ RunTime:0.000522s ]
INFO: [ app_end ] --END-- [ RunTime:0.000560s ]

[ 2018-02-27T11:10:59+08:00 ] 49.90.58.228 /index.php/Home/
INFO: [ app_init ] --START--
INFO: Run Behavior\BuildLiteBehavior [ RunTime:0.000018s ]
INFO: [ app_init ] --END-- [ RunTime:0.000366s ]
INFO: [ app_begin ] --START--
INFO: Run Behavior\ReadHtmlCacheBehavior [ RunTime:0.000429s ]
INFO: [ app_begin ] --END-- [ RunTime:0.000471s ]
SQL: SHOW COLUMNS FROM `user` [ RunTime:0.0006s ]
INFO: [ view_parse ] --START--
INFO: [ template_filter ] --START--
INFO: Run Behavior\ContentReplaceBehavior [ RunTime:0.000067s ]
INFO: [ template_filter ] --END-- [ RunTime:0.000137s ]
INFO: Run Behavior\ParseTemplateBehavior [ RunTime:0.006804s ]
INFO: [ view_parse ] --END-- [ RunTime:0.006869s ]
INFO: [ view_filter ] --START--
INFO: Run Behavior\WriteHtmlCacheBehavior [ RunTime:0.000201s ]
INFO: [ view_filter ] --END-- [ RunTime:0.000236s ]
INFO: [ app_end ] --START--
INFO: Run Behavior\ShowPageTraceBehavior [ RunTime:0.000526s ]
INFO: [ app_end ] --END-- [ RunTime:0.000571s ]

[ 2018-02-27T11:11:14+08:00 ] 49.90.58.228 /index.php/Home/Result/lancai?_=1519701074130
INFO: [ app_init ] --START--
INFO: Run Behavior\BuildLiteBehavior [ RunTime:0.000017s ]
INFO: [ app_init ] --END-- [ RunTime:0.000337s ]
INFO: [ app_begin ] --START--
INFO: Run Behavior\ReadHtmlCacheBehavior [ RunTime:0.000453s ]
INFO: [ app_begin ] --END-- [ RunTime:0.000490s ]
NOTIC: [2048] Declaration of Home\Controller\ResultController::saveToDB() should be compatible with Home\Controller\BaseController::saveToDB($model, $data, $type = 'basketball') /home/wwwroot/prize.zhiying365.com/Application/Home/Controller/ResultController.class.php 第 4 行.
NOTIC: [8] Undefined variable: act /home/wwwroot/prize.zhiying365.com/Application/Home/Controller/ResultController.class.php 第 68 行.
INFO: [ view_parse ] --START--
INFO: [ template_filter ] --START--
INFO: Run Behavior\ContentReplaceBehavior [ RunTime:0.000058s ]
INFO: [ template_filter ] --END-- [ RunTime:0.000121s ]
NOTIC: [8] Undefined variable: currentPage /home/wwwroot/prize.zhiying365.com/Application/Runtime/Cache/Home/4639d739043498a0d832a6053955b10f.php 第 6 行.
NOTIC: [8] Undefined variable: numPerPage /home/wwwroot/prize.zhiying365.com/Application/Runtime/Cache/Home/4639d739043498a0d832a6053955b10f.php 第 7 行.
NOTIC: [8] Undefined variable: resultlist /home/wwwroot/prize.zhiying365.com/Application/Runtime/Cache/Home/4639d739043498a0d832a6053955b10f.php 第 67 行.
NOTIC: [8] Undefined variable: numPerPage /home/wwwroot/prize.zhiying365.com/Application/Runtime/Cache/Home/4639d739043498a0d832a6053955b10f.php 第 91 行.
NOTIC: [8] Undefined variable: numPerPage /home/wwwroot/prize.zhiying365.com/Application/Runtime/Cache/Home/4639d739043498a0d832a6053955b10f.php 第 92 行.
NOTIC: [8] Undefined variable: numPerPage /home/wwwroot/prize.zhiying365.com/Application/Runtime/Cache/Home/4639d739043498a0d832a6053955b10f.php 第 93 行.
NOTIC: [8] Undefined variable: numPerPage /home/wwwroot/prize.zhiying365.com/Application/Runtime/Cache/Home/4639d739043498a0d832a6053955b10f.php 第 94 行.
NOTIC: [8] Undefined variable: pageTotal /home/wwwroot/prize.zhiying365.com/Application/Runtime/Cache/Home/4639d739043498a0d832a6053955b10f.php 第 96 行.
NOTIC: [8] Undefined variable: totalCount /home/wwwroot/prize.zhiying365.com/Application/Runtime/Cache/Home/4639d739043498a0d832a6053955b10f.php 第 98 行.
NOTIC: [8] Undefined variable: numPerPage /home/wwwroot/prize.zhiying365.com/Application/Runtime/Cache/Home/4639d739043498a0d832a6053955b10f.php 第 98 行.
NOTIC: [8] Undefined variable: pageNumShown /home/wwwroot/prize.zhiying365.com/Application/Runtime/Cache/Home/4639d739043498a0d832a6053955b10f.php 第 98 行.
NOTIC: [8] Undefined variable: currentPage /home/wwwroot/prize.zhiying365.com/Application/Runtime/Cache/Home/4639d739043498a0d832a6053955b10f.php 第 98 行.
INFO: Run Behavior\ParseTemplateBehavior [ RunTime:0.008609s ]
INFO: [ view_parse ] --END-- [ RunTime:0.008647s ]
INFO: [ view_filter ] --START--
INFO: Run Behavior\WriteHtmlCacheBehavior [ RunTime:0.000228s ]
INFO: [ view_filter ] --END-- [ RunTime:0.000260s ]
INFO: [ app_end ] --START--
INFO: Run Behavior\ShowPageTraceBehavior [ RunTime:0.000443s ]
INFO: [ app_end ] --END-- [ RunTime:0.000478s ]

[ 2018-02-27T11:11:15+08:00 ] 49.90.58.228 /index.php/Home/Result/lancai
INFO: [ app_init ] --START--
INFO: Run Behavior\BuildLiteBehavior [ RunTime:0.000012s ]
INFO: [ app_init ] --END-- [ RunTime:0.000406s ]
INFO: [ app_begin ] --START--
INFO: Run Behavior\ReadHtmlCacheBehavior [ RunTime:0.000396s ]
INFO: [ app_begin ] --END-- [ RunTime:0.000436s ]
NOTIC: [2048] Declaration of Home\Controller\ResultController::saveToDB() should be compatible with Home\Controller\BaseController::saveToDB($model, $data, $type = 'basketball') /home/wwwroot/prize.zhiying365.com/Application/Home/Controller/ResultController.class.php 第 4 行.
SQL: SHOW COLUMNS FROM `tab_lottery_result_lancai` [ RunTime:0.0007s ]
SQL: SELECT * FROM `tab_lottery_result_lancai` WHERE `lotttime` = '2018-02-26' GROUP BY lotttime,ballid,first_score,two_score,three_score,four_score,add_score,full_score  [ RunTime:0.0061s ]
SQL: SELECT * FROM `tab_lottery_result_lancai` WHERE `lotttime` = '2018-02-26' GROUP BY lotttime,ballid,first_score,two_score,three_score,four_score,add_score,full_score HAVING count(*)<3 LIMIT 0,20   [ RunTime:0.0060s ]
INFO: [ view_parse ] --START--
INFO: [ template_filter ] --START--
INFO: Run Behavior\ContentReplaceBehavior [ RunTime:0.000049s ]
INFO: [ template_filter ] --END-- [ RunTime:0.000090s ]
INFO: Run Behavior\ParseTemplateBehavior [ RunTime:0.009703s ]
INFO: [ view_parse ] --END-- [ RunTime:0.009744s ]
INFO: [ view_filter ] --START--
INFO: Run Behavior\WriteHtmlCacheBehavior [ RunTime:0.000205s ]
INFO: [ view_filter ] --END-- [ RunTime:0.000240s ]
INFO: [ app_end ] --START--
INFO: Run Behavior\ShowPageTraceBehavior [ RunTime:0.000436s ]
INFO: [ app_end ] --END-- [ RunTime:0.000472s ]

[ 2018-02-27T11:11:18+08:00 ] 49.90.58.228 /index.php/Home/Result/jingcai?_=1519701078416
INFO: [ app_init ] --START--
INFO: Run Behavior\BuildLiteBehavior [ RunTime:0.000011s ]
INFO: [ app_init ] --END-- [ RunTime:0.000293s ]
INFO: [ app_begin ] --START--
INFO: Run Behavior\ReadHtmlCacheBehavior [ RunTime:0.000405s ]
INFO: [ app_begin ] --END-- [ RunTime:0.000443s ]
NOTIC: [2048] Declaration of Home\Controller\ResultController::saveToDB() should be compatible with Home\Controller\BaseController::saveToDB($model, $data, $type = 'basketball') /home/wwwroot/prize.zhiying365.com/Application/Home/Controller/ResultController.class.php 第 4 行.
NOTIC: [8] Undefined variable: act /home/wwwroot/prize.zhiying365.com/Application/Home/Controller/ResultController.class.php 第 16 行.
INFO: [ view_parse ] --START--
INFO: [ template_filter ] --START--
INFO: Run Behavior\ContentReplaceBehavior [ RunTime:0.000044s ]
INFO: [ template_filter ] --END-- [ RunTime:0.000078s ]
NOTIC: [8] Undefined variable: currentPage /home/wwwroot/prize.zhiying365.com/Application/Runtime/Cache/Home/08dbf0cc8beabc0370dff644d2c962d6.php 第 6 行.
NOTIC: [8] Undefined variable: numPerPage /home/wwwroot/prize.zhiying365.com/Application/Runtime/Cache/Home/08dbf0cc8beabc0370dff644d2c962d6.php 第 7 行.
NOTIC: [8] Undefined variable: resultlist /home/wwwroot/prize.zhiying365.com/Application/Runtime/Cache/Home/08dbf0cc8beabc0370dff644d2c962d6.php 第 63 行.
NOTIC: [8] Undefined variable: numPerPage /home/wwwroot/prize.zhiying365.com/Application/Runtime/Cache/Home/08dbf0cc8beabc0370dff644d2c962d6.php 第 83 行.
NOTIC: [8] Undefined variable: numPerPage /home/wwwroot/prize.zhiying365.com/Application/Runtime/Cache/Home/08dbf0cc8beabc0370dff644d2c962d6.php 第 84 行.
NOTIC: [8] Undefined variable: numPerPage /home/wwwroot/prize.zhiying365.com/Application/Runtime/Cache/Home/08dbf0cc8beabc0370dff644d2c962d6.php 第 85 行.
NOTIC: [8] Undefined variable: numPerPage /home/wwwroot/prize.zhiying365.com/Application/Runtime/Cache/Home/08dbf0cc8beabc0370dff644d2c962d6.php 第 86 行.
NOTIC: [8] Undefined variable: pageTotal /home/wwwroot/prize.zhiying365.com/Application/Runtime/Cache/Home/08dbf0cc8beabc0370dff644d2c962d6.php 第 88 行.
NOTIC: [8] Undefined variable: totalCount /home/wwwroot/prize.zhiying365.com/Application/Runtime/Cache/Home/08dbf0cc8beabc0370dff644d2c962d6.php 第 90 行.
NOTIC: [8] Undefined variable: numPerPage /home/wwwroot/prize.zhiying365.com/Application/Runtime/Cache/Home/08dbf0cc8beabc0370dff644d2c962d6.php 第 90 行.
NOTIC: [8] Undefined variable: pageNumShown /home/wwwroot/prize.zhiying365.com/Application/Runtime/Cache/Home/08dbf0cc8beabc0370dff644d2c962d6.php 第 90 行.
NOTIC: [8] Undefined variable: currentPage /home/wwwroot/prize.zhiying365.com/Application/Runtime/Cache/Home/08dbf0cc8beabc0370dff644d2c962d6.php 第 90 行.
INFO: Run Behavior\ParseTemplateBehavior [ RunTime:0.008016s ]
INFO: [ view_parse ] --END-- [ RunTime:0.008050s ]
INFO: [ view_filter ] --START--
INFO: Run Behavior\WriteHtmlCacheBehavior [ RunTime:0.000170s ]
INFO: [ view_filter ] --END-- [ RunTime:0.000200s ]
INFO: [ app_end ] --START--
INFO: Run Behavior\ShowPageTraceBehavior [ RunTime:0.000424s ]
INFO: [ app_end ] --END-- [ RunTime:0.000458s ]

[ 2018-02-27T11:11:19+08:00 ] 49.90.58.228 /index.php/Home/Result/jingcai
INFO: [ app_init ] --START--
INFO: Run Behavior\BuildLiteBehavior [ RunTime:0.000015s ]
INFO: [ app_init ] --END-- [ RunTime:0.000353s ]
INFO: [ app_begin ] --START--
INFO: Run Behavior\ReadHtmlCacheBehavior [ RunTime:0.000469s ]
INFO: [ app_begin ] --END-- [ RunTime:0.000510s ]
NOTIC: [2048] Declaration of Home\Controller\ResultController::saveToDB() should be compatible with Home\Controller\BaseController::saveToDB($model, $data, $type = 'basketball') /home/wwwroot/prize.zhiying365.com/Application/Home/Controller/ResultController.class.php 第 4 行.
SQL: SHOW COLUMNS FROM `tab_lottery_result` [ RunTime:0.0006s ]
SQL: SELECT * FROM `tab_lottery_result` WHERE `lotttime` = '2018-02-26' GROUP BY lotttime,ballid,half_score,full_score  [ RunTime:0.0276s ]
SQL: SELECT * FROM `tab_lottery_result` WHERE `lotttime` = '2018-02-26' GROUP BY lotttime,ballid,half_score,full_score HAVING count(*)<3 LIMIT 0,20   [ RunTime:0.0273s ]
INFO: [ view_parse ] --START--
INFO: [ template_filter ] --START--
INFO: Run Behavior\ContentReplaceBehavior [ RunTime:0.000052s ]
INFO: [ template_filter ] --END-- [ RunTime:0.000095s ]
INFO: Run Behavior\ParseTemplateBehavior [ RunTime:0.009408s ]
INFO: [ view_parse ] --END-- [ RunTime:0.009454s ]
INFO: [ view_filter ] --START--
INFO: Run Behavior\WriteHtmlCacheBehavior [ RunTime:0.000192s ]
INFO: [ view_filter ] --END-- [ RunTime:0.000225s ]
INFO: [ app_end ] --START--
INFO: Run Behavior\ShowPageTraceBehavior [ RunTime:0.000428s ]
INFO: [ app_end ] --END-- [ RunTime:0.000473s ]

[ 2018-02-27T11:13:33+08:00 ] 49.90.58.228 /index.php/Home/Result/jingcai
INFO: [ app_init ] --START--
INFO: Run Behavior\BuildLiteBehavior [ RunTime:0.000016s ]
INFO: [ app_init ] --END-- [ RunTime:0.000300s ]
INFO: [ app_begin ] --START--
INFO: Run Behavior\ReadHtmlCacheBehavior [ RunTime:0.000520s ]
INFO: [ app_begin ] --END-- [ RunTime:0.000588s ]
NOTIC: [2048] Declaration of Home\Controller\ResultController::saveToDB() should be compatible with Home\Controller\BaseController::saveToDB($model, $data, $type = 'basketball') /home/wwwroot/prize.zhiying365.com/Application/Home/Controller/ResultController.class.php 第 4 行.
SQL: SHOW COLUMNS FROM `tab_lottery_result` [ RunTime:0.0006s ]
SQL: SELECT * FROM `tab_lottery_result` WHERE `lotttime` = '2018-02-26' GROUP BY lotttime,ballid,half_score,full_score  [ RunTime:0.0001s ]
SQL: SELECT * FROM `tab_lottery_result` WHERE `lotttime` = '2018-02-26' GROUP BY lotttime,ballid,half_score,full_score HAVING count(*)<3 LIMIT 0,20   [ RunTime:0.0001s ]
INFO: [ view_parse ] --START--
INFO: [ template_filter ] --START--
INFO: Run Behavior\ContentReplaceBehavior [ RunTime:0.000066s ]
INFO: [ template_filter ] --END-- [ RunTime:0.000126s ]
INFO: Run Behavior\ParseTemplateBehavior [ RunTime:0.014239s ]
INFO: [ view_parse ] --END-- [ RunTime:0.014286s ]
INFO: [ view_filter ] --START--
INFO: Run Behavior\WriteHtmlCacheBehavior [ RunTime:0.000198s ]
INFO: [ view_filter ] --END-- [ RunTime:0.000229s ]
INFO: [ app_end ] --START--
INFO: Run Behavior\ShowPageTraceBehavior [ RunTime:0.000468s ]
INFO: [ app_end ] --END-- [ RunTime:0.000503s ]

[ 2018-02-27T11:13:34+08:00 ] 49.90.58.228 /index.php/Home/Result/lancai?_=1519701214381
INFO: [ app_init ] --START--
INFO: Run Behavior\BuildLiteBehavior [ RunTime:0.000022s ]
INFO: [ app_init ] --END-- [ RunTime:0.000480s ]
INFO: [ app_begin ] --START--
INFO: Run Behavior\ReadHtmlCacheBehavior [ RunTime:0.000573s ]
INFO: [ app_begin ] --END-- [ RunTime:0.000622s ]
NOTIC: [2048] Declaration of Home\Controller\ResultController::saveToDB() should be compatible with Home\Controller\BaseController::saveToDB($model, $data, $type = 'basketball') /home/wwwroot/prize.zhiying365.com/Application/Home/Controller/ResultController.class.php 第 4 行.
NOTIC: [8] Undefined variable: act /home/wwwroot/prize.zhiying365.com/Application/Home/Controller/ResultController.class.php 第 68 行.
INFO: [ view_parse ] --START--
INFO: [ template_filter ] --START--
INFO: Run Behavior\ContentReplaceBehavior [ RunTime:0.000085s ]
INFO: [ template_filter ] --END-- [ RunTime:0.000172s ]
NOTIC: [8] Undefined variable: currentPage /home/wwwroot/prize.zhiying365.com/Application/Runtime/Cache/Home/4639d739043498a0d832a6053955b10f.php 第 6 行.
NOTIC: [8] Undefined variable: numPerPage /home/wwwroot/prize.zhiying365.com/Application/Runtime/Cache/Home/4639d739043498a0d832a6053955b10f.php 第 7 行.
NOTIC: [8] Undefined variable: resultlist /home/wwwroot/prize.zhiying365.com/Application/Runtime/Cache/Home/4639d739043498a0d832a6053955b10f.php 第 67 行.
NOTIC: [8] Undefined variable: numPerPage /home/wwwroot/prize.zhiying365.com/Application/Runtime/Cache/Home/4639d739043498a0d832a6053955b10f.php 第 91 行.
NOTIC: [8] Undefined variable: numPerPage /home/wwwroot/prize.zhiying365.com/Application/Runtime/Cache/Home/4639d739043498a0d832a6053955b10f.php 第 92 行.
NOTIC: [8] Undefined variable: numPerPage /home/wwwroot/prize.zhiying365.com/Application/Runtime/Cache/Home/4639d739043498a0d832a6053955b10f.php 第 93 行.
NOTIC: [8] Undefined variable: numPerPage /home/wwwroot/prize.zhiying365.com/Application/Runtime/Cache/Home/4639d739043498a0d832a6053955b10f.php 第 94 行.
NOTIC: [8] Undefined variable: pageTotal /home/wwwroot/prize.zhiying365.com/Application/Runtime/Cache/Home/4639d739043498a0d832a6053955b10f.php 第 96 行.
NOTIC: [8] Undefined variable: totalCount /home/wwwroot/prize.zhiying365.com/Application/Runtime/Cache/Home/4639d739043498a0d832a6053955b10f.php 第 98 行.
NOTIC: [8] Undefined variable: numPerPage /home/wwwroot/prize.zhiying365.com/Application/Runtime/Cache/Home/4639d739043498a0d832a6053955b10f.php 第 98 行.
NOTIC: [8] Undefined variable: pageNumShown /home/wwwroot/prize.zhiying365.com/Application/Runtime/Cache/Home/4639d739043498a0d832a6053955b10f.php 第 98 行.
NOTIC: [8] Undefined variable: currentPage /home/wwwroot/prize.zhiying365.com/Application/Runtime/Cache/Home/4639d739043498a0d832a6053955b10f.php 第 98 行.
INFO: Run Behavior\ParseTemplateBehavior [ RunTime:0.011419s ]
INFO: [ view_parse ] --END-- [ RunTime:0.011481s ]
INFO: [ view_filter ] --START--
INFO: Run Behavior\WriteHtmlCacheBehavior [ RunTime:0.000312s ]
INFO: [ view_filter ] --END-- [ RunTime:0.000352s ]
INFO: [ app_end ] --START--
INFO: Run Behavior\ShowPageTraceBehavior [ RunTime:0.000596s ]
INFO: [ app_end ] --END-- [ RunTime:0.000644s ]

[ 2018-02-27T11:13:35+08:00 ] 49.90.58.228 /index.php/Home/Result/lancai
INFO: [ app_init ] --START--
INFO: Run Behavior\BuildLiteBehavior [ RunTime:0.000017s ]
INFO: [ app_init ] --END-- [ RunTime:0.000312s ]
INFO: [ app_begin ] --START--
INFO: Run Behavior\ReadHtmlCacheBehavior [ RunTime:0.000448s ]
INFO: [ app_begin ] --END-- [ RunTime:0.000488s ]
NOTIC: [2048] Declaration of Home\Controller\ResultController::saveToDB() should be compatible with Home\Controller\BaseController::saveToDB($model, $data, $type = 'basketball') /home/wwwroot/prize.zhiying365.com/Application/Home/Controller/ResultController.class.php 第 4 行.
SQL: SHOW COLUMNS FROM `tab_lottery_result_lancai` [ RunTime:0.0006s ]
SQL: SELECT * FROM `tab_lottery_result_lancai` WHERE `lotttime` = '2018-02-26' GROUP BY lotttime,ballid,first_score,two_score,three_score,four_score,add_score,full_score  [ RunTime:0.0001s ]
SQL: SELECT * FROM `tab_lottery_result_lancai` WHERE `lotttime` = '2018-02-26' GROUP BY lotttime,ballid,first_score,two_score,three_score,four_score,add_score,full_score HAVING count(*)<3 LIMIT 0,20   [ RunTime:0.0001s ]
INFO: [ view_parse ] --START--
INFO: [ template_filter ] --START--
INFO: Run Behavior\ContentReplaceBehavior [ RunTime:0.000052s ]
INFO: [ template_filter ] --END-- [ RunTime:0.000108s ]
INFO: Run Behavior\ParseTemplateBehavior [ RunTime:0.008390s ]
INFO: [ view_parse ] --END-- [ RunTime:0.008436s ]
INFO: [ view_filter ] --START--
INFO: Run Behavior\WriteHtmlCacheBehavior [ RunTime:0.000218s ]
INFO: [ view_filter ] --END-- [ RunTime:0.000250s ]
INFO: [ app_end ] --START--
INFO: Run Behavior\ShowPageTraceBehavior [ RunTime:0.000414s ]
INFO: [ app_end ] --END-- [ RunTime:0.000472s ]

[ 2018-02-27T11:13:57+08:00 ] 49.90.58.228 /index.php/Home/Result/view?recid=2018-02-26_1304&act=edit&source=lc&_=1519701237331
INFO: [ app_init ] --START--
INFO: Run Behavior\BuildLiteBehavior [ RunTime:0.000017s ]
INFO: [ app_init ] --END-- [ RunTime:0.000362s ]
INFO: [ app_begin ] --START--
INFO: Run Behavior\ReadHtmlCacheBehavior [ RunTime:0.000424s ]
INFO: [ app_begin ] --END-- [ RunTime:0.000462s ]
NOTIC: [2048] Declaration of Home\Controller\ResultController::saveToDB() should be compatible with Home\Controller\BaseController::saveToDB($model, $data, $type = 'basketball') /home/wwwroot/prize.zhiying365.com/Application/Home/Controller/ResultController.class.php 第 4 行.
SQL: SHOW COLUMNS FROM `tab_lottery_result` [ RunTime:0.0006s ]
SQL: SHOW COLUMNS FROM `tab_lottery_result_lancai` [ RunTime:0.0004s ]
SQL: SELECT * FROM `tab_lottery_result_lancai` WHERE `lotttime` = '2018-02-26' AND `ballid` = '1304'  [ RunTime:0.0066s ]
SQL: SELECT COUNT(*) AS tp_count FROM `tab_lottery_result_lancai` WHERE `lotttime` = '2018-02-26' AND `ballid` = '1304' LIMIT 1   [ RunTime:0.0074s ]
INFO: [ view_parse ] --START--
INFO: [ template_filter ] --START--
INFO: Run Behavior\ContentReplaceBehavior [ RunTime:0.000053s ]
INFO: [ template_filter ] --END-- [ RunTime:0.000117s ]
INFO: Run Behavior\ParseTemplateBehavior [ RunTime:0.008444s ]
INFO: [ view_parse ] --END-- [ RunTime:0.008494s ]
INFO: [ view_filter ] --START--
INFO: Run Behavior\WriteHtmlCacheBehavior [ RunTime:0.000205s ]
INFO: [ view_filter ] --END-- [ RunTime:0.000240s ]
INFO: [ app_end ] --START--
INFO: Run Behavior\ShowPageTraceBehavior [ RunTime:0.000522s ]
INFO: [ app_end ] --END-- [ RunTime:0.000579s ]

[ 2018-02-27T11:15:29+08:00 ] 49.90.58.228 /index.php/Home/Result/view?recid=2018-02-26_1304&act=edit&source=lc&_=1519701328823
INFO: [ app_init ] --START--
INFO: Run Behavior\BuildLiteBehavior [ RunTime:0.000019s ]
INFO: [ app_init ] --END-- [ RunTime:0.000333s ]
INFO: [ app_begin ] --START--
INFO: Run Behavior\ReadHtmlCacheBehavior [ RunTime:0.000436s ]
INFO: [ app_begin ] --END-- [ RunTime:0.000475s ]
NOTIC: [2048] Declaration of Home\Controller\ResultController::saveToDB() should be compatible with Home\Controller\BaseController::saveToDB($model, $data, $type = 'basketball') /home/wwwroot/prize.zhiying365.com/Application/Home/Controller/ResultController.class.php 第 4 行.
SQL: SHOW COLUMNS FROM `tab_lottery_result` [ RunTime:0.0007s ]
SQL: SHOW COLUMNS FROM `tab_lottery_result_lancai` [ RunTime:0.0004s ]
SQL: SELECT * FROM `tab_lottery_result_lancai` WHERE `lotttime` = '2018-02-26' AND `ballid` = '1304'  [ RunTime:0.0070s ]
SQL: SELECT COUNT(*) AS tp_count FROM `tab_lottery_result_lancai` WHERE `lotttime` = '2018-02-26' AND `ballid` = '1304' LIMIT 1   [ RunTime:0.0078s ]
INFO: [ view_parse ] --START--
INFO: [ template_filter ] --START--
INFO: Run Behavior\ContentReplaceBehavior [ RunTime:0.000052s ]
INFO: [ template_filter ] --END-- [ RunTime:0.000120s ]
INFO: Run Behavior\ParseTemplateBehavior [ RunTime:0.006827s ]
INFO: [ view_parse ] --END-- [ RunTime:0.006874s ]
INFO: [ view_filter ] --START--
INFO: Run Behavior\WriteHtmlCacheBehavior [ RunTime:0.000211s ]
INFO: [ view_filter ] --END-- [ RunTime:0.000243s ]
INFO: [ app_end ] --START--
INFO: Run Behavior\ShowPageTraceBehavior [ RunTime:0.000432s ]
INFO: [ app_end ] --END-- [ RunTime:0.000468s ]

[ 2018-02-27T11:16:40+08:00 ] 49.90.58.228 /index.php/Home/Result/view?recid=2018-02-26_1305&act=edit&source=lc&_=1519701399968
INFO: [ app_init ] --START--
INFO: Run Behavior\BuildLiteBehavior [ RunTime:0.000013s ]
INFO: [ app_init ] --END-- [ RunTime:0.000346s ]
INFO: [ app_begin ] --START--
INFO: Run Behavior\ReadHtmlCacheBehavior [ RunTime:0.000444s ]
INFO: [ app_begin ] --END-- [ RunTime:0.000482s ]
NOTIC: [2048] Declaration of Home\Controller\ResultController::saveToDB() should be compatible with Home\Controller\BaseController::saveToDB($model, $data, $type = 'basketball') /home/wwwroot/prize.zhiying365.com/Application/Home/Controller/ResultController.class.php 第 4 行.
SQL: SHOW COLUMNS FROM `tab_lottery_result` [ RunTime:0.0007s ]
SQL: SHOW COLUMNS FROM `tab_lottery_result_lancai` [ RunTime:0.0004s ]
SQL: SELECT * FROM `tab_lottery_result_lancai` WHERE `lotttime` = '2018-02-26' AND `ballid` = '1305'  [ RunTime:0.0062s ]
SQL: SELECT COUNT(*) AS tp_count FROM `tab_lottery_result_lancai` WHERE `lotttime` = '2018-02-26' AND `ballid` = '1305' LIMIT 1   [ RunTime:0.0073s ]
INFO: [ view_parse ] --START--
INFO: [ template_filter ] --START--
INFO: Run Behavior\ContentReplaceBehavior [ RunTime:0.000043s ]
INFO: [ template_filter ] --END-- [ RunTime:0.000078s ]
INFO: Run Behavior\ParseTemplateBehavior [ RunTime:0.005967s ]
INFO: [ view_parse ] --END-- [ RunTime:0.006007s ]
INFO: [ view_filter ] --START--
INFO: Run Behavior\WriteHtmlCacheBehavior [ RunTime:0.000198s ]
INFO: [ view_filter ] --END-- [ RunTime:0.000229s ]
INFO: [ app_end ] --START--
INFO: Run Behavior\ShowPageTraceBehavior [ RunTime:0.000411s ]
INFO: [ app_end ] --END-- [ RunTime:0.000446s ]

[ 2018-02-27T11:20:29+08:00 ] 49.90.58.228 /index.php/Home/Result/lancai
INFO: [ app_init ] --START--
INFO: Run Behavior\BuildLiteBehavior [ RunTime:0.000017s ]
INFO: [ app_init ] --END-- [ RunTime:0.000336s ]
INFO: [ app_begin ] --START--
INFO: Run Behavior\ReadHtmlCacheBehavior [ RunTime:0.000415s ]
INFO: [ app_begin ] --END-- [ RunTime:0.000453s ]
NOTIC: [2048] Declaration of Home\Controller\ResultController::saveToDB() should be compatible with Home\Controller\BaseController::saveToDB($model, $data, $type = 'basketball') /home/wwwroot/prize.zhiying365.com/Application/Home/Controller/ResultController.class.php 第 4 行.
SQL: SHOW COLUMNS FROM `tab_lottery_result_lancai` [ RunTime:0.0007s ]
SQL: SELECT * FROM `tab_lottery_result_lancai` WHERE `lotttime` = '2018-02-26' GROUP BY lotttime,ballid,first_score,two_score,three_score,four_score,add_score,full_score  [ RunTime:0.0066s ]
SQL: SELECT * FROM `tab_lottery_result_lancai` WHERE `lotttime` = '2018-02-26' GROUP BY lotttime,ballid,first_score,two_score,three_score,four_score,add_score,full_score HAVING count(*)<3 LIMIT 0,20   [ RunTime:0.0065s ]
INFO: [ view_parse ] --START--
INFO: [ template_filter ] --START--
INFO: Run Behavior\ContentReplaceBehavior [ RunTime:0.000064s ]
INFO: [ template_filter ] --END-- [ RunTime:0.000125s ]
INFO: Run Behavior\ParseTemplateBehavior [ RunTime:0.008690s ]
INFO: [ view_parse ] --END-- [ RunTime:0.008738s ]
INFO: [ view_filter ] --START--
INFO: Run Behavior\WriteHtmlCacheBehavior [ RunTime:0.000213s ]
INFO: [ view_filter ] --END-- [ RunTime:0.000245s ]
INFO: [ app_end ] --START--
INFO: Run Behavior\ShowPageTraceBehavior [ RunTime:0.000423s ]
INFO: [ app_end ] --END-- [ RunTime:0.000458s ]

[ 2018-02-27T11:20:35+08:00 ] 49.90.58.228 /index.php/Home/Result/view?recid=2018-02-26_1304&act=edit&source=lc&_=1519701634831
INFO: [ app_init ] --START--
INFO: Run Behavior\BuildLiteBehavior [ RunTime:0.000019s ]
INFO: [ app_init ] --END-- [ RunTime:0.000333s ]
INFO: [ app_begin ] --START--
INFO: Run Behavior\ReadHtmlCacheBehavior [ RunTime:0.000407s ]
INFO: [ app_begin ] --END-- [ RunTime:0.000447s ]
NOTIC: [2048] Declaration of Home\Controller\ResultController::saveToDB() should be compatible with Home\Controller\BaseController::saveToDB($model, $data, $type = 'basketball') /home/wwwroot/prize.zhiying365.com/Application/Home/Controller/ResultController.class.php 第 4 行.
SQL: SHOW COLUMNS FROM `tab_lottery_result` [ RunTime:0.0006s ]
SQL: SHOW COLUMNS FROM `tab_lottery_result_lancai` [ RunTime:0.0004s ]
SQL: SELECT * FROM `tab_lottery_result_lancai` WHERE `lotttime` = '2018-02-26' AND `ballid` = '1304'  [ RunTime:0.0061s ]
SQL: SELECT COUNT(*) AS tp_count FROM `tab_lottery_result_lancai` WHERE `lotttime` = '2018-02-26' AND `ballid` = '1304' LIMIT 1   [ RunTime:0.0073s ]
INFO: [ view_parse ] --START--
INFO: [ template_filter ] --START--
INFO: Run Behavior\ContentReplaceBehavior [ RunTime:0.000045s ]
INFO: [ template_filter ] --END-- [ RunTime:0.000122s ]
INFO: Run Behavior\ParseTemplateBehavior [ RunTime:0.006666s ]
INFO: [ view_parse ] --END-- [ RunTime:0.006711s ]
INFO: [ view_filter ] --START--
INFO: Run Behavior\WriteHtmlCacheBehavior [ RunTime:0.000222s ]
INFO: [ view_filter ] --END-- [ RunTime:0.000256s ]
INFO: [ app_end ] --START--
INFO: Run Behavior\ShowPageTraceBehavior [ RunTime:0.000464s ]
INFO: [ app_end ] --END-- [ RunTime:0.000501s ]

[ 2018-02-27T11:23:40+08:00 ] 49.90.58.228 /index.php/Home/Result/view?recid=2018-02-26_1304&act=edit&source=lc&_=1519701820662
INFO: [ app_init ] --START--
INFO: Run Behavior\BuildLiteBehavior [ RunTime:0.000018s ]
INFO: [ app_init ] --END-- [ RunTime:0.000319s ]
INFO: [ app_begin ] --START--
INFO: Run Behavior\ReadHtmlCacheBehavior [ RunTime:0.000589s ]
INFO: [ app_begin ] --END-- [ RunTime:0.000628s ]
NOTIC: [2048] Declaration of Home\Controller\ResultController::saveToDB() should be compatible with Home\Controller\BaseController::saveToDB($model, $data, $type = 'basketball') /home/wwwroot/prize.zhiying365.com/Application/Home/Controller/ResultController.class.php 第 4 行.
SQL: SHOW COLUMNS FROM `tab_lottery_result` [ RunTime:0.0007s ]
SQL: SHOW COLUMNS FROM `tab_lottery_result_lancai` [ RunTime:0.0004s ]
SQL: SELECT * FROM `tab_lottery_result_lancai` WHERE `lotttime` = '2018-02-26' AND `ballid` = '1304'  [ RunTime:0.0001s ]
SQL: SELECT COUNT(*) AS tp_count FROM `tab_lottery_result_lancai` WHERE `lotttime` = '2018-02-26' AND `ballid` = '1304' LIMIT 1   [ RunTime:0.0001s ]
INFO: [ view_parse ] --START--
INFO: [ template_filter ] --START--
INFO: Run Behavior\ContentReplaceBehavior [ RunTime:0.000065s ]
INFO: [ template_filter ] --END-- [ RunTime:0.000123s ]
INFO: Run Behavior\ParseTemplateBehavior [ RunTime:0.007066s ]
INFO: [ view_parse ] --END-- [ RunTime:0.007108s ]
INFO: [ view_filter ] --START--
INFO: Run Behavior\WriteHtmlCacheBehavior [ RunTime:0.000324s ]
INFO: [ view_filter ] --END-- [ RunTime:0.000353s ]
INFO: [ app_end ] --START--
INFO: Run Behavior\ShowPageTraceBehavior [ RunTime:0.000497s ]
INFO: [ app_end ] --END-- [ RunTime:0.000531s ]

[ 2018-02-27T11:24:00+08:00 ] 49.90.58.228 /index.php/Home/Result/edit_act_lc
INFO: [ app_init ] --START--
INFO: Run Behavior\BuildLiteBehavior [ RunTime:0.000017s ]
INFO: [ app_init ] --END-- [ RunTime:0.000350s ]
INFO: [ app_begin ] --START--
INFO: Run Behavior\ReadHtmlCacheBehavior [ RunTime:0.000428s ]
INFO: [ app_begin ] --END-- [ RunTime:0.000468s ]
NOTIC: [2048] Declaration of Home\Controller\ResultController::saveToDB() should be compatible with Home\Controller\BaseController::saveToDB($model, $data, $type = 'basketball') /home/wwwroot/prize.zhiying365.com/Application/Home/Controller/ResultController.class.php 第 4 行.
NOTIC: [8] Undefined offset: 2 /home/wwwroot/prize.zhiying365.com/Application/Home/Controller/ResultController.class.php 第 230 行.
NOTIC: [8] Undefined offset: 3 /home/wwwroot/prize.zhiying365.com/Application/Home/Controller/ResultController.class.php 第 230 行.
SQL: SHOW COLUMNS FROM `tab_lottery_result_lancai` [ RunTime:0.0008s ]
SQL: SELECT COUNT(*) AS tp_count FROM `tab_lottery_result_lancai` WHERE `lotttime` = '2018-02-26' AND `ballid` = '1304' AND `source` = '500wan' LIMIT 1   [ RunTime:0.0073s ]
NOTIC: [2] Illegal offset type in isset or empty /home/wwwroot/prize.zhiying365.com/ThinkPHP/Library/Think/Model.class.php 第 445 行.
SQL: UPDATE `tab_lottery_result_lancai` SET `first_score`='37:39',`two_score`='26:25',`three_score`='39:18',`four_score`='23:29',`add_score`='0:0',`full_score`='125:111' WHERE `lotttime` = '2018-02-26' AND `ballid` = '1304' AND `source` = '500wan' [ RunTime:0.0154s ]

[ 2018-02-27T11:24:00+08:00 ] 49.90.58.228 /index.php/Home/Result/lancai
INFO: [ app_init ] --START--
INFO: Run Behavior\BuildLiteBehavior [ RunTime:0.000016s ]
INFO: [ app_init ] --END-- [ RunTime:0.000336s ]
INFO: [ app_begin ] --START--
INFO: Run Behavior\ReadHtmlCacheBehavior [ RunTime:0.000420s ]
INFO: [ app_begin ] --END-- [ RunTime:0.000459s ]
NOTIC: [2048] Declaration of Home\Controller\ResultController::saveToDB() should be compatible with Home\Controller\BaseController::saveToDB($model, $data, $type = 'basketball') /home/wwwroot/prize.zhiying365.com/Application/Home/Controller/ResultController.class.php 第 4 行.
SQL: SHOW COLUMNS FROM `tab_lottery_result_lancai` [ RunTime:0.0007s ]
SQL: SELECT * FROM `tab_lottery_result_lancai` WHERE `lotttime` = '2018-02-26' GROUP BY lotttime,ballid,first_score,two_score,three_score,four_score,add_score,full_score  [ RunTime:0.0062s ]
SQL: SELECT * FROM `tab_lottery_result_lancai` WHERE `lotttime` = '2018-02-26' GROUP BY lotttime,ballid,first_score,two_score,three_score,four_score,add_score,full_score HAVING count(*)<3 LIMIT 0,20   [ RunTime:0.0063s ]
INFO: [ view_parse ] --START--
INFO: [ template_filter ] --START--
INFO: Run Behavior\ContentReplaceBehavior [ RunTime:0.000056s ]
INFO: [ template_filter ] --END-- [ RunTime:0.000135s ]
INFO: Run Behavior\ParseTemplateBehavior [ RunTime:0.009060s ]
INFO: [ view_parse ] --END-- [ RunTime:0.009135s ]
INFO: [ view_filter ] --START--
INFO: Run Behavior\WriteHtmlCacheBehavior [ RunTime:0.000199s ]
INFO: [ view_filter ] --END-- [ RunTime:0.000231s ]
INFO: [ app_end ] --START--
INFO: Run Behavior\ShowPageTraceBehavior [ RunTime:0.000466s ]
INFO: [ app_end ] --END-- [ RunTime:0.000501s ]

[ 2018-02-27T11:24:07+08:00 ] 49.90.58.228 /index.php/Home/Result/view?recid=2018-02-26_1305&act=edit&source=lc&_=1519701847092
INFO: [ app_init ] --START--
INFO: Run Behavior\BuildLiteBehavior [ RunTime:0.000017s ]
INFO: [ app_init ] --END-- [ RunTime:0.000342s ]
INFO: [ app_begin ] --START--
INFO: Run Behavior\ReadHtmlCacheBehavior [ RunTime:0.000465s ]
INFO: [ app_begin ] --END-- [ RunTime:0.000505s ]
NOTIC: [2048] Declaration of Home\Controller\ResultController::saveToDB() should be compatible with Home\Controller\BaseController::saveToDB($model, $data, $type = 'basketball') /home/wwwroot/prize.zhiying365.com/Application/Home/Controller/ResultController.class.php 第 4 行.
SQL: SHOW COLUMNS FROM `tab_lottery_result` [ RunTime:0.0007s ]
SQL: SHOW COLUMNS FROM `tab_lottery_result_lancai` [ RunTime:0.0004s ]
SQL: SELECT * FROM `tab_lottery_result_lancai` WHERE `lotttime` = '2018-02-26' AND `ballid` = '1305'  [ RunTime:0.0069s ]
SQL: SELECT COUNT(*) AS tp_count FROM `tab_lottery_result_lancai` WHERE `lotttime` = '2018-02-26' AND `ballid` = '1305' LIMIT 1   [ RunTime:0.0079s ]
INFO: [ view_parse ] --START--
INFO: [ template_filter ] --START--
INFO: Run Behavior\ContentReplaceBehavior [ RunTime:0.000066s ]
INFO: [ template_filter ] --END-- [ RunTime:0.000146s ]
INFO: Run Behavior\ParseTemplateBehavior [ RunTime:0.008961s ]
INFO: [ view_parse ] --END-- [ RunTime:0.009024s ]
INFO: [ view_filter ] --START--
INFO: Run Behavior\WriteHtmlCacheBehavior [ RunTime:0.000267s ]
INFO: [ view_filter ] --END-- [ RunTime:0.000309s ]
INFO: [ app_end ] --START--
INFO: Run Behavior\ShowPageTraceBehavior [ RunTime:0.000644s ]
INFO: [ app_end ] --END-- [ RunTime:0.000691s ]

[ 2018-02-27T11:24:50+08:00 ] 49.90.58.228 /index.php/Home/Result/edit_act_lc
INFO: [ app_init ] --START--
INFO: Run Behavior\BuildLiteBehavior [ RunTime:0.000019s ]
INFO: [ app_init ] --END-- [ RunTime:0.000345s ]
INFO: [ app_begin ] --START--
INFO: Run Behavior\ReadHtmlCacheBehavior [ RunTime:0.000433s ]
INFO: [ app_begin ] --END-- [ RunTime:0.000476s ]
NOTIC: [2048] Declaration of Home\Controller\ResultController::saveToDB() should be compatible with Home\Controller\BaseController::saveToDB($model, $data, $type = 'basketball') /home/wwwroot/prize.zhiying365.com/Application/Home/Controller/ResultController.class.php 第 4 行.
NOTIC: [8] Undefined offset: 2 /home/wwwroot/prize.zhiying365.com/Application/Home/Controller/ResultController.class.php 第 230 行.
NOTIC: [8] Undefined offset: 3 /home/wwwroot/prize.zhiying365.com/Application/Home/Controller/ResultController.class.php 第 230 行.
SQL: SHOW COLUMNS FROM `tab_lottery_result_lancai` [ RunTime:0.0007s ]
SQL: SELECT COUNT(*) AS tp_count FROM `tab_lottery_result_lancai` WHERE `lotttime` = '2018-02-26' AND `ballid` = '1305' AND `source` = '500wan' LIMIT 1   [ RunTime:0.0074s ]
NOTIC: [2] Illegal offset type in isset or empty /home/wwwroot/prize.zhiying365.com/ThinkPHP/Library/Think/Model.class.php 第 445 行.
SQL: UPDATE `tab_lottery_result_lancai` SET `first_score`='26:30',`two_score`='27:29',`three_score`='22:34',`four_score`='19:30',`add_score`='0:0',`full_score`='94:123' WHERE `lotttime` = '2018-02-26' AND `ballid` = '1305' AND `source` = '500wan' [ RunTime:0.0148s ]

[ 2018-02-27T11:24:50+08:00 ] 49.90.58.228 /index.php/Home/Result/lancai
INFO: [ app_init ] --START--
INFO: Run Behavior\BuildLiteBehavior [ RunTime:0.000017s ]
INFO: [ app_init ] --END-- [ RunTime:0.000365s ]
INFO: [ app_begin ] --START--
INFO: Run Behavior\ReadHtmlCacheBehavior [ RunTime:0.000426s ]
INFO: [ app_begin ] --END-- [ RunTime:0.000467s ]
NOTIC: [2048] Declaration of Home\Controller\ResultController::saveToDB() should be compatible with Home\Controller\BaseController::saveToDB($model, $data, $type = 'basketball') /home/wwwroot/prize.zhiying365.com/Application/Home/Controller/ResultController.class.php 第 4 行.
SQL: SHOW COLUMNS FROM `tab_lottery_result_lancai` [ RunTime:0.0007s ]
SQL: SELECT * FROM `tab_lottery_result_lancai` WHERE `lotttime` = '2018-02-26' GROUP BY lotttime,ballid,first_score,two_score,three_score,four_score,add_score,full_score  [ RunTime:0.0062s ]
SQL: SELECT * FROM `tab_lottery_result_lancai` WHERE `lotttime` = '2018-02-26' GROUP BY lotttime,ballid,first_score,two_score,three_score,four_score,add_score,full_score HAVING count(*)<3 LIMIT 0,20   [ RunTime:0.0062s ]
INFO: [ view_parse ] --START--
INFO: [ template_filter ] --START--
INFO: Run Behavior\ContentReplaceBehavior [ RunTime:0.000054s ]
INFO: [ template_filter ] --END-- [ RunTime:0.000114s ]
INFO: Run Behavior\ParseTemplateBehavior [ RunTime:0.008614s ]
INFO: [ view_parse ] --END-- [ RunTime:0.008661s ]
INFO: [ view_filter ] --START--
INFO: Run Behavior\WriteHtmlCacheBehavior [ RunTime:0.000201s ]
INFO: [ view_filter ] --END-- [ RunTime:0.000233s ]
INFO: [ app_end ] --START--
INFO: Run Behavior\ShowPageTraceBehavior [ RunTime:0.000691s ]
INFO: [ app_end ] --END-- [ RunTime:0.000729s ]

[ 2018-02-27T11:25:00+08:00 ] 49.90.58.228 /index.php/Home/Result/lancai
INFO: [ app_init ] --START--
INFO: Run Behavior\BuildLiteBehavior [ RunTime:0.000017s ]
INFO: [ app_init ] --END-- [ RunTime:0.000353s ]
INFO: [ app_begin ] --START--
INFO: Run Behavior\ReadHtmlCacheBehavior [ RunTime:0.000417s ]
INFO: [ app_begin ] --END-- [ RunTime:0.000455s ]
NOTIC: [2048] Declaration of Home\Controller\ResultController::saveToDB() should be compatible with Home\Controller\BaseController::saveToDB($model, $data, $type = 'basketball') /home/wwwroot/prize.zhiying365.com/Application/Home/Controller/ResultController.class.php 第 4 行.
SQL: SHOW COLUMNS FROM `tab_lottery_result_lancai` [ RunTime:0.0007s ]
SQL: SELECT * FROM `tab_lottery_result_lancai` WHERE `lotttime` = '2018-02-26' GROUP BY lotttime,ballid,first_score,two_score,three_score,four_score,add_score,full_score  [ RunTime:0.0002s ]
SQL: SELECT * FROM `tab_lottery_result_lancai` WHERE `lotttime` = '2018-02-26' GROUP BY lotttime,ballid,first_score,two_score,three_score,four_score,add_score,full_score HAVING count(*)<3 LIMIT 0,20   [ RunTime:0.0001s ]
INFO: [ view_parse ] --START--
INFO: [ template_filter ] --START--
INFO: Run Behavior\ContentReplaceBehavior [ RunTime:0.000057s ]
INFO: [ template_filter ] --END-- [ RunTime:0.000120s ]
INFO: Run Behavior\ParseTemplateBehavior [ RunTime:0.008498s ]
INFO: [ view_parse ] --END-- [ RunTime:0.008543s ]
INFO: [ view_filter ] --START--
INFO: Run Behavior\WriteHtmlCacheBehavior [ RunTime:0.000247s ]
INFO: [ view_filter ] --END-- [ RunTime:0.000281s ]
INFO: [ app_end ] --START--
INFO: Run Behavior\ShowPageTraceBehavior [ RunTime:0.000437s ]
INFO: [ app_end ] --END-- [ RunTime:0.000475s ]

[ 2018-02-27T11:25:00+08:00 ] 49.90.58.228 /index.php/Home/Result/jingcai?_=1519701900627
INFO: [ app_init ] --START--
INFO: Run Behavior\BuildLiteBehavior [ RunTime:0.000018s ]
INFO: [ app_init ] --END-- [ RunTime:0.000307s ]
INFO: [ app_begin ] --START--
INFO: Run Behavior\ReadHtmlCacheBehavior [ RunTime:0.000414s ]
INFO: [ app_begin ] --END-- [ RunTime:0.000451s ]
NOTIC: [2048] Declaration of Home\Controller\ResultController::saveToDB() should be compatible with Home\Controller\BaseController::saveToDB($model, $data, $type = 'basketball') /home/wwwroot/prize.zhiying365.com/Application/Home/Controller/ResultController.class.php 第 4 行.
NOTIC: [8] Undefined variable: act /home/wwwroot/prize.zhiying365.com/Application/Home/Controller/ResultController.class.php 第 16 行.
INFO: [ view_parse ] --START--
INFO: [ template_filter ] --START--
INFO: Run Behavior\ContentReplaceBehavior [ RunTime:0.000086s ]
INFO: [ template_filter ] --END-- [ RunTime:0.000154s ]
NOTIC: [8] Undefined variable: currentPage /home/wwwroot/prize.zhiying365.com/Application/Runtime/Cache/Home/08dbf0cc8beabc0370dff644d2c962d6.php 第 6 行.
NOTIC: [8] Undefined variable: numPerPage /home/wwwroot/prize.zhiying365.com/Application/Runtime/Cache/Home/08dbf0cc8beabc0370dff644d2c962d6.php 第 7 行.
NOTIC: [8] Undefined variable: resultlist /home/wwwroot/prize.zhiying365.com/Application/Runtime/Cache/Home/08dbf0cc8beabc0370dff644d2c962d6.php 第 63 行.
NOTIC: [8] Undefined variable: numPerPage /home/wwwroot/prize.zhiying365.com/Application/Runtime/Cache/Home/08dbf0cc8beabc0370dff644d2c962d6.php 第 83 行.
NOTIC: [8] Undefined variable: numPerPage /home/wwwroot/prize.zhiying365.com/Application/Runtime/Cache/Home/08dbf0cc8beabc0370dff644d2c962d6.php 第 84 行.
NOTIC: [8] Undefined variable: numPerPage /home/wwwroot/prize.zhiying365.com/Application/Runtime/Cache/Home/08dbf0cc8beabc0370dff644d2c962d6.php 第 85 行.
NOTIC: [8] Undefined variable: numPerPage /home/wwwroot/prize.zhiying365.com/Application/Runtime/Cache/Home/08dbf0cc8beabc0370dff644d2c962d6.php 第 86 行.
NOTIC: [8] Undefined variable: pageTotal /home/wwwroot/prize.zhiying365.com/Application/Runtime/Cache/Home/08dbf0cc8beabc0370dff644d2c962d6.php 第 88 行.
NOTIC: [8] Undefined variable: totalCount /home/wwwroot/prize.zhiying365.com/Application/Runtime/Cache/Home/08dbf0cc8beabc0370dff644d2c962d6.php 第 90 行.
NOTIC: [8] Undefined variable: numPerPage /home/wwwroot/prize.zhiying365.com/Application/Runtime/Cache/Home/08dbf0cc8beabc0370dff644d2c962d6.php 第 90 行.
NOTIC: [8] Undefined variable: pageNumShown /home/wwwroot/prize.zhiying365.com/Application/Runtime/Cache/Home/08dbf0cc8beabc0370dff644d2c962d6.php 第 90 行.
NOTIC: [8] Undefined variable: currentPage /home/wwwroot/prize.zhiying365.com/Application/Runtime/Cache/Home/08dbf0cc8beabc0370dff644d2c962d6.php 第 90 行.
INFO: Run Behavior\ParseTemplateBehavior [ RunTime:0.008434s ]
INFO: [ view_parse ] --END-- [ RunTime:0.008471s ]
INFO: [ view_filter ] --START--
INFO: Run Behavior\WriteHtmlCacheBehavior [ RunTime:0.000194s ]
INFO: [ view_filter ] --END-- [ RunTime:0.000223s ]
INFO: [ app_end ] --START--
INFO: Run Behavior\ShowPageTraceBehavior [ RunTime:0.000474s ]
INFO: [ app_end ] --END-- [ RunTime:0.000509s ]

[ 2018-02-27T11:25:01+08:00 ] 49.90.58.228 /index.php/Home/Result/jingcai
INFO: [ app_init ] --START--
INFO: Run Behavior\BuildLiteBehavior [ RunTime:0.000018s ]
INFO: [ app_init ] --END-- [ RunTime:0.000366s ]
INFO: [ app_begin ] --START--
INFO: Run Behavior\ReadHtmlCacheBehavior [ RunTime:0.000434s ]
INFO: [ app_begin ] --END-- [ RunTime:0.000476s ]
NOTIC: [2048] Declaration of Home\Controller\ResultController::saveToDB() should be compatible with Home\Controller\BaseController::saveToDB($model, $data, $type = 'basketball') /home/wwwroot/prize.zhiying365.com/Application/Home/Controller/ResultController.class.php 第 4 行.
SQL: SHOW COLUMNS FROM `tab_lottery_result` [ RunTime:0.0007s ]
SQL: SELECT * FROM `tab_lottery_result` WHERE `lotttime` = '2018-02-26' GROUP BY lotttime,ballid,half_score,full_score  [ RunTime:0.0001s ]
SQL: SELECT * FROM `tab_lottery_result` WHERE `lotttime` = '2018-02-26' GROUP BY lotttime,ballid,half_score,full_score HAVING count(*)<3 LIMIT 0,20   [ RunTime:0.0001s ]
INFO: [ view_parse ] --START--
INFO: [ template_filter ] --START--
INFO: Run Behavior\ContentReplaceBehavior [ RunTime:0.000080s ]
INFO: [ template_filter ] --END-- [ RunTime:0.000163s ]
INFO: Run Behavior\ParseTemplateBehavior [ RunTime:0.008947s ]
INFO: [ view_parse ] --END-- [ RunTime:0.008994s ]
INFO: [ view_filter ] --START--
INFO: Run Behavior\WriteHtmlCacheBehavior [ RunTime:0.000229s ]
INFO: [ view_filter ] --END-- [ RunTime:0.000262s ]
INFO: [ app_end ] --START--
INFO: Run Behavior\ShowPageTraceBehavior [ RunTime:0.000459s ]
INFO: [ app_end ] --END-- [ RunTime:0.000497s ]

[ 2018-02-27T12:20:55+08:00 ] 49.90.58.228 /index.php/Home/Result/lancai?_=1519705255444
INFO: [ app_init ] --START--
INFO: Run Behavior\BuildLiteBehavior [ RunTime:0.000019s ]
INFO: [ app_init ] --END-- [ RunTime:0.000356s ]
INFO: [ app_begin ] --START--
INFO: Run Behavior\ReadHtmlCacheBehavior [ RunTime:0.000468s ]
INFO: [ app_begin ] --END-- [ RunTime:0.000527s ]
NOTIC: [2048] Declaration of Home\Controller\ResultController::saveToDB() should be compatible with Home\Controller\BaseController::saveToDB($model, $data, $type = 'basketball') /home/wwwroot/prize.zhiying365.com/Application/Home/Controller/ResultController.class.php 第 4 行.

[ 2018-02-27T12:20:57+08:00 ] 49.90.58.228 /
INFO: [ app_init ] --START--
INFO: Run Behavior\BuildLiteBehavior [ RunTime:0.000018s ]
INFO: [ app_init ] --END-- [ RunTime:0.000354s ]
INFO: [ app_begin ] --START--
INFO: Run Behavior\ReadHtmlCacheBehavior [ RunTime:0.000473s ]
INFO: [ app_begin ] --END-- [ RunTime:0.000518s ]

[ 2018-02-27T12:20:57+08:00 ] 49.90.58.228 /index.php/Home/User/login.html
INFO: [ app_init ] --START--
INFO: Run Behavior\BuildLiteBehavior [ RunTime:0.000040s ]
INFO: [ app_init ] --END-- [ RunTime:0.000359s ]
INFO: [ app_begin ] --START--
INFO: Run Behavior\ReadHtmlCacheBehavior [ RunTime:0.000455s ]
INFO: [ app_begin ] --END-- [ RunTime:0.000515s ]
INFO: [ view_parse ] --START--
INFO: [ template_filter ] --START--
INFO: Run Behavior\ContentReplaceBehavior [ RunTime:0.000049s ]
INFO: [ template_filter ] --END-- [ RunTime:0.000111s ]
NOTIC: [8] Undefined variable: msg /home/wwwroot/prize.zhiying365.com/Application/Runtime/Cache/Home/5c9ee6d19cd41add49f97afe3aef0b25.php 第 11 行.
INFO: Run Behavior\ParseTemplateBehavior [ RunTime:0.005377s ]
INFO: [ view_parse ] --END-- [ RunTime:0.005418s ]
INFO: [ view_filter ] --START--
INFO: Run Behavior\WriteHtmlCacheBehavior [ RunTime:0.000199s ]
INFO: [ view_filter ] --END-- [ RunTime:0.000231s ]
INFO: [ app_end ] --START--
INFO: Run Behavior\ShowPageTraceBehavior [ RunTime:0.000471s ]
INFO: [ app_end ] --END-- [ RunTime:0.000509s ]

[ 2018-02-27T12:20:57+08:00 ] 49.90.58.228 /index.php/home/user/verify.html
INFO: [ app_init ] --START--
INFO: Run Behavior\BuildLiteBehavior [ RunTime:0.000017s ]
INFO: [ app_init ] --END-- [ RunTime:0.000352s ]
INFO: [ app_begin ] --START--
INFO: Run Behavior\ReadHtmlCacheBehavior [ RunTime:0.000471s ]
INFO: [ app_begin ] --END-- [ RunTime:0.000516s ]
INFO: [ app_end ] --START--
INFO: Run Behavior\ShowPageTraceBehavior [ RunTime:0.000597s ]
INFO: [ app_end ] --END-- [ RunTime:0.000661s ]

[ 2018-02-27T12:21:05+08:00 ] 49.90.58.228 /index.php/home/user/checklogin.html
INFO: [ app_init ] --START--
INFO: Run Behavior\BuildLiteBehavior [ RunTime:0.000019s ]
INFO: [ app_init ] --END-- [ RunTime:0.000328s ]
INFO: [ app_begin ] --START--
INFO: Run Behavior\ReadHtmlCacheBehavior [ RunTime:0.000443s ]
INFO: [ app_begin ] --END-- [ RunTime:0.000495s ]
SQL: SHOW COLUMNS FROM `user` [ RunTime:0.0007s ]
SQL: SELECT * FROM `user` WHERE `username` = 'zy_admin' LIMIT 1   [ RunTime:0.0040s ]
NOTIC: [8] iconv(): Unknown error (22) /home/wwwroot/prize.zhiying365.com/Application/Home/Controller/UserController.class.php 第 54 行.
INFO: [ view_parse ] --START--
INFO: [ template_filter ] --START--
INFO: Run Behavior\ContentReplaceBehavior [ RunTime:0.000073s ]
INFO: [ template_filter ] --END-- [ RunTime:0.000136s ]
INFO: Run Behavior\ParseTemplateBehavior [ RunTime:0.005161s ]
INFO: [ view_parse ] --END-- [ RunTime:0.005205s ]
INFO: [ view_filter ] --START--
INFO: Run Behavior\WriteHtmlCacheBehavior [ RunTime:0.000193s ]
INFO: [ view_filter ] --END-- [ RunTime:0.001044s ]
INFO: [ app_end ] --START--
INFO: Run Behavior\ShowPageTraceBehavior [ RunTime:0.000527s ]
INFO: [ app_end ] --END-- [ RunTime:0.000569s ]

[ 2018-02-27T12:21:06+08:00 ] 49.90.58.228 /index.php/Home/
INFO: [ app_init ] --START--
INFO: Run Behavior\BuildLiteBehavior [ RunTime:0.000018s ]
INFO: [ app_init ] --END-- [ RunTime:0.000327s ]
INFO: [ app_begin ] --START--
INFO: Run Behavior\ReadHtmlCacheBehavior [ RunTime:0.000425s ]
INFO: [ app_begin ] --END-- [ RunTime:0.000470s ]
SQL: SHOW COLUMNS FROM `user` [ RunTime:0.0006s ]
INFO: [ view_parse ] --START--
INFO: [ template_filter ] --START--
INFO: Run Behavior\ContentReplaceBehavior [ RunTime:0.000090s ]
INFO: [ template_filter ] --END-- [ RunTime:0.000169s ]
INFO: Run Behavior\ParseTemplateBehavior [ RunTime:0.016812s ]
INFO: [ view_parse ] --END-- [ RunTime:0.016858s ]
INFO: [ view_filter ] --START--
INFO: Run Behavior\WriteHtmlCacheBehavior [ RunTime:0.000204s ]
INFO: [ view_filter ] --END-- [ RunTime:0.000236s ]
INFO: [ app_end ] --START--
INFO: Run Behavior\ShowPageTraceBehavior [ RunTime:0.000461s ]
INFO: [ app_end ] --END-- [ RunTime:0.000502s ]

[ 2018-02-27T12:21:08+08:00 ] 49.90.58.228 /index.php/Home/Result/lancai?_=1519705268325
INFO: [ app_init ] --START--
INFO: Run Behavior\BuildLiteBehavior [ RunTime:0.000019s ]
INFO: [ app_init ] --END-- [ RunTime:0.000324s ]
INFO: [ app_begin ] --START--
INFO: Run Behavior\ReadHtmlCacheBehavior [ RunTime:0.000504s ]
INFO: [ app_begin ] --END-- [ RunTime:0.000566s ]
NOTIC: [2048] Declaration of Home\Controller\ResultController::saveToDB() should be compatible with Home\Controller\BaseController::saveToDB($model, $data, $type = 'basketball') /home/wwwroot/prize.zhiying365.com/Application/Home/Controller/ResultController.class.php 第 4 行.
NOTIC: [8] Undefined variable: act /home/wwwroot/prize.zhiying365.com/Application/Home/Controller/ResultController.class.php 第 68 行.
INFO: [ view_parse ] --START--
INFO: [ template_filter ] --START--
INFO: Run Behavior\ContentReplaceBehavior [ RunTime:0.000051s ]
INFO: [ template_filter ] --END-- [ RunTime:0.000111s ]
NOTIC: [8] Undefined variable: currentPage /home/wwwroot/prize.zhiying365.com/Application/Runtime/Cache/Home/4639d739043498a0d832a6053955b10f.php 第 6 行.
NOTIC: [8] Undefined variable: numPerPage /home/wwwroot/prize.zhiying365.com/Application/Runtime/Cache/Home/4639d739043498a0d832a6053955b10f.php 第 7 行.
NOTIC: [8] Undefined variable: resultlist /home/wwwroot/prize.zhiying365.com/Application/Runtime/Cache/Home/4639d739043498a0d832a6053955b10f.php 第 67 行.
NOTIC: [8] Undefined variable: numPerPage /home/wwwroot/prize.zhiying365.com/Application/Runtime/Cache/Home/4639d739043498a0d832a6053955b10f.php 第 91 行.
NOTIC: [8] Undefined variable: numPerPage /home/wwwroot/prize.zhiying365.com/Application/Runtime/Cache/Home/4639d739043498a0d832a6053955b10f.php 第 92 行.
NOTIC: [8] Undefined variable: numPerPage /home/wwwroot/prize.zhiying365.com/Application/Runtime/Cache/Home/4639d739043498a0d832a6053955b10f.php 第 93 行.
NOTIC: [8] Undefined variable: numPerPage /home/wwwroot/prize.zhiying365.com/Application/Runtime/Cache/Home/4639d739043498a0d832a6053955b10f.php 第 94 行.
NOTIC: [8] Undefined variable: pageTotal /home/wwwroot/prize.zhiying365.com/Application/Runtime/Cache/Home/4639d739043498a0d832a6053955b10f.php 第 96 行.
NOTIC: [8] Undefined variable: totalCount /home/wwwroot/prize.zhiying365.com/Application/Runtime/Cache/Home/4639d739043498a0d832a6053955b10f.php 第 98 行.
NOTIC: [8] Undefined variable: numPerPage /home/wwwroot/prize.zhiying365.com/Application/Runtime/Cache/Home/4639d739043498a0d832a6053955b10f.php 第 98 行.
NOTIC: [8] Undefined variable: pageNumShown /home/wwwroot/prize.zhiying365.com/Application/Runtime/Cache/Home/4639d739043498a0d832a6053955b10f.php 第 98 行.
NOTIC: [8] Undefined variable: currentPage /home/wwwroot/prize.zhiying365.com/Application/Runtime/Cache/Home/4639d739043498a0d832a6053955b10f.php 第 98 行.
INFO: Run Behavior\ParseTemplateBehavior [ RunTime:0.014685s ]
INFO: [ view_parse ] --END-- [ RunTime:0.014728s ]
INFO: [ view_filter ] --START--
INFO: Run Behavior\WriteHtmlCacheBehavior [ RunTime:0.000217s ]
INFO: [ view_filter ] --END-- [ RunTime:0.000248s ]
INFO: [ app_end ] --START--
INFO: Run Behavior\ShowPageTraceBehavior [ RunTime:0.000476s ]
INFO: [ app_end ] --END-- [ RunTime:0.000512s ]

[ 2018-02-27T12:21:10+08:00 ] 49.90.58.228 /index.php/Home/Result/lancai
INFO: [ app_init ] --START--
INFO: Run Behavior\BuildLiteBehavior [ RunTime:0.000017s ]
INFO: [ app_init ] --END-- [ RunTime:0.000317s ]
INFO: [ app_begin ] --START--
INFO: Run Behavior\ReadHtmlCacheBehavior [ RunTime:0.000418s ]
INFO: [ app_begin ] --END-- [ RunTime:0.000462s ]
NOTIC: [2048] Declaration of Home\Controller\ResultController::saveToDB() should be compatible with Home\Controller\BaseController::saveToDB($model, $data, $type = 'basketball') /home/wwwroot/prize.zhiying365.com/Application/Home/Controller/ResultController.class.php 第 4 行.
SQL: SHOW COLUMNS FROM `tab_lottery_result_lancai` [ RunTime:0.0012s ]
SQL: SELECT * FROM `tab_lottery_result_lancai` WHERE `lotttime` = '2018-02-26' GROUP BY lotttime,ballid,first_score,two_score,three_score,four_score,add_score,full_score  [ RunTime:0.0111s ]
SQL: SELECT * FROM `tab_lottery_result_lancai` WHERE `lotttime` = '2018-02-26' GROUP BY lotttime,ballid,first_score,two_score,three_score,four_score,add_score,full_score HAVING count(*)<3 LIMIT 0,20   [ RunTime:0.0070s ]
INFO: [ view_parse ] --START--
INFO: [ template_filter ] --START--
INFO: Run Behavior\ContentReplaceBehavior [ RunTime:0.000078s ]
INFO: [ template_filter ] --END-- [ RunTime:0.000143s ]
INFO: Run Behavior\ParseTemplateBehavior [ RunTime:0.009579s ]
INFO: [ view_parse ] --END-- [ RunTime:0.009631s ]
INFO: [ view_filter ] --START--
INFO: Run Behavior\WriteHtmlCacheBehavior [ RunTime:0.000195s ]
INFO: [ view_filter ] --END-- [ RunTime:0.000227s ]
INFO: [ app_end ] --START--
INFO: Run Behavior\ShowPageTraceBehavior [ RunTime:0.000479s ]
INFO: [ app_end ] --END-- [ RunTime:0.000515s ]

[ 2018-02-27T12:21:13+08:00 ] 49.90.58.228 /index.php/Home/Result/view?recid=2018-02-26_1308&source=lc&_=1519705273466
INFO: [ app_init ] --START--
INFO: Run Behavior\BuildLiteBehavior [ RunTime:0.009194s ]
INFO: [ app_init ] --END-- [ RunTime:0.009559s ]
INFO: [ app_begin ] --START--
INFO: Run Behavior\ReadHtmlCacheBehavior [ RunTime:0.000532s ]
INFO: [ app_begin ] --END-- [ RunTime:0.000587s ]
NOTIC: [2048] Declaration of Home\Controller\ResultController::saveToDB() should be compatible with Home\Controller\BaseController::saveToDB($model, $data, $type = 'basketball') /home/wwwroot/prize.zhiying365.com/Application/Home/Controller/ResultController.class.php 第 4 行.
SQL: SHOW COLUMNS FROM `tab_lottery_result` [ RunTime:0.0007s ]
SQL: SHOW COLUMNS FROM `tab_lottery_result_lancai` [ RunTime:0.0009s ]
SQL: SELECT * FROM `tab_lottery_result_lancai` WHERE `lotttime` = '2018-02-26' AND `ballid` = '1308'  [ RunTime:0.0125s ]
SQL: SELECT COUNT(*) AS tp_count FROM `tab_lottery_result_lancai` WHERE `lotttime` = '2018-02-26' AND `ballid` = '1308' LIMIT 1   [ RunTime:0.0132s ]
INFO: [ view_parse ] --START--
INFO: [ template_filter ] --START--
INFO: Run Behavior\ContentReplaceBehavior [ RunTime:0.000056s ]
INFO: [ template_filter ] --END-- [ RunTime:0.000149s ]
INFO: Run Behavior\ParseTemplateBehavior [ RunTime:0.006758s ]
INFO: [ view_parse ] --END-- [ RunTime:0.006806s ]
INFO: [ view_filter ] --START--
INFO: Run Behavior\WriteHtmlCacheBehavior [ RunTime:0.000515s ]
INFO: [ view_filter ] --END-- [ RunTime:0.000547s ]
INFO: [ app_end ] --START--
INFO: Run Behavior\ShowPageTraceBehavior [ RunTime:0.000477s ]
INFO: [ app_end ] --END-- [ RunTime:0.000516s ]

[ 2018-02-27T12:21:42+08:00 ] 49.90.58.228 /index.php/Home/Result/view?recid=2018-02-26_1308&source=lc&_=1519705302271
INFO: [ app_init ] --START--
INFO: Run Behavior\BuildLiteBehavior [ RunTime:0.000016s ]
INFO: [ app_init ] --END-- [ RunTime:0.000312s ]
INFO: [ app_begin ] --START--
INFO: Run Behavior\ReadHtmlCacheBehavior [ RunTime:0.000408s ]
INFO: [ app_begin ] --END-- [ RunTime:0.000447s ]
NOTIC: [2048] Declaration of Home\Controller\ResultController::saveToDB() should be compatible with Home\Controller\BaseController::saveToDB($model, $data, $type = 'basketball') /home/wwwroot/prize.zhiying365.com/Application/Home/Controller/ResultController.class.php 第 4 行.
SQL: SHOW COLUMNS FROM `tab_lottery_result` [ RunTime:0.0009s ]
SQL: SHOW COLUMNS FROM `tab_lottery_result_lancai` [ RunTime:0.0005s ]
SQL: SELECT * FROM `tab_lottery_result_lancai` WHERE `lotttime` = '2018-02-26' AND `ballid` = '1308'  [ RunTime:0.0002s ]
SQL: SELECT COUNT(*) AS tp_count FROM `tab_lottery_result_lancai` WHERE `lotttime` = '2018-02-26' AND `ballid` = '1308' LIMIT 1   [ RunTime:0.0001s ]
INFO: [ view_parse ] --START--
INFO: [ template_filter ] --START--
INFO: Run Behavior\ContentReplaceBehavior [ RunTime:0.000047s ]
INFO: [ template_filter ] --END-- [ RunTime:0.000102s ]
INFO: Run Behavior\ParseTemplateBehavior [ RunTime:0.006716s ]
INFO: [ view_parse ] --END-- [ RunTime:0.006763s ]
INFO: [ view_filter ] --START--
INFO: Run Behavior\WriteHtmlCacheBehavior [ RunTime:0.000201s ]
INFO: [ view_filter ] --END-- [ RunTime:0.000231s ]
INFO: [ app_end ] --START--
INFO: Run Behavior\ShowPageTraceBehavior [ RunTime:0.000483s ]
INFO: [ app_end ] --END-- [ RunTime:0.000519s ]

[ 2018-02-27T12:23:02+08:00 ] 49.90.58.228 /index.php/Home/Result/view?recid=2018-02-26_1308&act=edit&source=lc&_=1519705382312
INFO: [ app_init ] --START--
INFO: Run Behavior\BuildLiteBehavior [ RunTime:0.000014s ]
INFO: [ app_init ] --END-- [ RunTime:0.000319s ]
INFO: [ app_begin ] --START--
INFO: Run Behavior\ReadHtmlCacheBehavior [ RunTime:0.000386s ]
INFO: [ app_begin ] --END-- [ RunTime:0.000424s ]
NOTIC: [2048] Declaration of Home\Controller\ResultController::saveToDB() should be compatible with Home\Controller\BaseController::saveToDB($model, $data, $type = 'basketball') /home/wwwroot/prize.zhiying365.com/Application/Home/Controller/ResultController.class.php 第 4 行.
SQL: SHOW COLUMNS FROM `tab_lottery_result` [ RunTime:0.0006s ]
SQL: SHOW COLUMNS FROM `tab_lottery_result_lancai` [ RunTime:0.0004s ]
SQL: SELECT * FROM `tab_lottery_result_lancai` WHERE `lotttime` = '2018-02-26' AND `ballid` = '1308'  [ RunTime:0.0001s ]
SQL: SELECT COUNT(*) AS tp_count FROM `tab_lottery_result_lancai` WHERE `lotttime` = '2018-02-26' AND `ballid` = '1308' LIMIT 1   [ RunTime:0.0001s ]
INFO: [ view_parse ] --START--
INFO: [ template_filter ] --START--
INFO: Run Behavior\ContentReplaceBehavior [ RunTime:0.000041s ]
INFO: [ template_filter ] --END-- [ RunTime:0.000075s ]
INFO: Run Behavior\ParseTemplateBehavior [ RunTime:0.005753s ]
INFO: [ view_parse ] --END-- [ RunTime:0.005790s ]
INFO: [ view_filter ] --START--
INFO: Run Behavior\WriteHtmlCacheBehavior [ RunTime:0.000185s ]
INFO: [ view_filter ] --END-- [ RunTime:0.000243s ]
INFO: [ app_end ] --START--
INFO: Run Behavior\ShowPageTraceBehavior [ RunTime:0.000408s ]
INFO: [ app_end ] --END-- [ RunTime:0.000442s ]

[ 2018-02-27T12:23:20+08:00 ] 49.90.58.228 /index.php/Home/Result/edit_act_lc
INFO: [ app_init ] --START--
INFO: Run Behavior\BuildLiteBehavior [ RunTime:0.000021s ]
INFO: [ app_init ] --END-- [ RunTime:0.000490s ]
INFO: [ app_begin ] --START--
INFO: Run Behavior\ReadHtmlCacheBehavior [ RunTime:0.000573s ]
INFO: [ app_begin ] --END-- [ RunTime:0.000628s ]
NOTIC: [2048] Declaration of Home\Controller\ResultController::saveToDB() should be compatible with Home\Controller\BaseController::saveToDB($model, $data, $type = 'basketball') /home/wwwroot/prize.zhiying365.com/Application/Home/Controller/ResultController.class.php 第 4 行.
NOTIC: [8] Undefined offset: 2 /home/wwwroot/prize.zhiying365.com/Application/Home/Controller/ResultController.class.php 第 230 行.
NOTIC: [8] Undefined offset: 3 /home/wwwroot/prize.zhiying365.com/Application/Home/Controller/ResultController.class.php 第 230 行.
SQL: SHOW COLUMNS FROM `tab_lottery_result_lancai` [ RunTime:0.0009s ]
SQL: SELECT COUNT(*) AS tp_count FROM `tab_lottery_result_lancai` WHERE `lotttime` = '2018-02-26' AND `ballid` = '1308' AND `source` = '500wan' LIMIT 1   [ RunTime:0.0072s ]
NOTIC: [2] Illegal offset type in isset or empty /home/wwwroot/prize.zhiying365.com/ThinkPHP/Library/Think/Model.class.php 第 445 行.
SQL: UPDATE `tab_lottery_result_lancai` SET `first_score`='23:23',`two_score`='20:26',`three_score`='22:19',`four_score`='38:41',`add_score`='0:0',`full_score`='103:109' WHERE `lotttime` = '2018-02-26' AND `ballid` = '1308' AND `source` = '500wan' [ RunTime:0.0155s ]

[ 2018-02-27T12:23:20+08:00 ] 49.90.58.228 /index.php/Home/Result/lancai
INFO: [ app_init ] --START--
INFO: Run Behavior\BuildLiteBehavior [ RunTime:0.000015s ]
INFO: [ app_init ] --END-- [ RunTime:0.000298s ]
INFO: [ app_begin ] --START--
INFO: Run Behavior\ReadHtmlCacheBehavior [ RunTime:0.000428s ]
INFO: [ app_begin ] --END-- [ RunTime:0.000483s ]
NOTIC: [2048] Declaration of Home\Controller\ResultController::saveToDB() should be compatible with Home\Controller\BaseController::saveToDB($model, $data, $type = 'basketball') /home/wwwroot/prize.zhiying365.com/Application/Home/Controller/ResultController.class.php 第 4 行.
SQL: SHOW COLUMNS FROM `tab_lottery_result_lancai` [ RunTime:0.0008s ]
SQL: SELECT * FROM `tab_lottery_result_lancai` WHERE `lotttime` = '2018-02-26' GROUP BY lotttime,ballid,first_score,two_score,three_score,four_score,add_score,full_score  [ RunTime:0.0062s ]
SQL: SELECT * FROM `tab_lottery_result_lancai` WHERE `lotttime` = '2018-02-26' GROUP BY lotttime,ballid,first_score,two_score,three_score,four_score,add_score,full_score HAVING count(*)<3 LIMIT 0,20   [ RunTime:0.0058s ]
INFO: [ view_parse ] --START--
INFO: [ template_filter ] --START--
INFO: Run Behavior\ContentReplaceBehavior [ RunTime:0.000093s ]
INFO: [ template_filter ] --END-- [ RunTime:0.000168s ]
INFO: Run Behavior\ParseTemplateBehavior [ RunTime:0.011636s ]
INFO: [ view_parse ] --END-- [ RunTime:0.011709s ]
INFO: [ view_filter ] --START--
INFO: Run Behavior\WriteHtmlCacheBehavior [ RunTime:0.000239s ]
INFO: [ view_filter ] --END-- [ RunTime:0.000279s ]
INFO: [ app_end ] --START--
INFO: Run Behavior\ShowPageTraceBehavior [ RunTime:0.000636s ]
INFO: [ app_end ] --END-- [ RunTime:0.000686s ]

[ 2018-02-27T21:07:23+08:00 ] 106.11.225.26 /
INFO: [ app_init ] --START--
INFO: Run Behavior\BuildLiteBehavior [ RunTime:0.000014s ]
INFO: [ app_init ] --END-- [ RunTime:0.000421s ]
INFO: [ app_begin ] --START--
INFO: Run Behavior\ReadHtmlCacheBehavior [ RunTime:0.000513s ]
INFO: [ app_begin ] --END-- [ RunTime:0.000555s ]

[ 2018-02-27T21:07:23+08:00 ] 106.11.225.67 /index.php/Home/User/login.html
INFO: [ app_init ] --START--
INFO: Run Behavior\BuildLiteBehavior [ RunTime:0.000013s ]
INFO: [ app_init ] --END-- [ RunTime:0.000293s ]
INFO: [ app_begin ] --START--
INFO: Run Behavior\ReadHtmlCacheBehavior [ RunTime:0.000390s ]
INFO: [ app_begin ] --END-- [ RunTime:0.000468s ]
INFO: [ view_parse ] --START--
INFO: [ template_filter ] --START--
INFO: Run Behavior\ContentReplaceBehavior [ RunTime:0.000470s ]
INFO: [ template_filter ] --END-- [ RunTime:0.000541s ]
NOTIC: [8] Undefined variable: msg /home/wwwroot/prize.zhiying365.com/Application/Runtime/Cache/Home/5c9ee6d19cd41add49f97afe3aef0b25.php 第 11 行.
INFO: Run Behavior\ParseTemplateBehavior [ RunTime:0.011978s ]
INFO: [ view_parse ] --END-- [ RunTime:0.012021s ]
INFO: [ view_filter ] --START--
INFO: Run Behavior\WriteHtmlCacheBehavior [ RunTime:0.000310s ]
INFO: [ view_filter ] --END-- [ RunTime:0.000347s ]
INFO: [ app_end ] --START--
INFO: Run Behavior\ShowPageTraceBehavior [ RunTime:0.000630s ]
INFO: [ app_end ] --END-- [ RunTime:0.000666s ]

