[ 2018-05-03T04:03:38+08:00 ] 106.11.225.221 /
INFO: [ app_init ] --START--
INFO: Run Behavior\BuildLiteBehavior [ RunTime:0.000011s ]
INFO: [ app_init ] --END-- [ RunTime:0.000243s ]
INFO: [ app_begin ] --START--
INFO: Run Behavior\ReadHtmlCacheBehavior [ RunTime:0.000338s ]
INFO: [ app_begin ] --END-- [ RunTime:0.000373s ]

[ 2018-05-03T04:03:38+08:00 ] 106.11.225.139 /index.php/Home/User/login.html
INFO: [ app_init ] --START--
INFO: Run Behavior\BuildLiteBehavior [ RunTime:0.000010s ]
INFO: [ app_init ] --END-- [ RunTime:0.000245s ]
INFO: [ app_begin ] --START--
INFO: Run Behavior\ReadHtmlCacheBehavior [ RunTime:0.000319s ]
INFO: [ app_begin ] --END-- [ RunTime:0.000353s ]
INFO: [ view_parse ] --START--
INFO: [ template_filter ] --START--
INFO: Run Behavior\ContentReplaceBehavior [ RunTime:0.000024s ]
INFO: [ template_filter ] --END-- [ RunTime:0.000066s ]
NOTIC: [8] Undefined variable: msg /home/wwwroot/prize.zhiying365.com/Application/Runtime/Cache/Home/5c9ee6d19cd41add49f97afe3aef0b25.php 第 11 行.
INFO: Run Behavior\ParseTemplateBehavior [ RunTime:0.003460s ]
INFO: [ view_parse ] --END-- [ RunTime:0.003489s ]
INFO: [ view_filter ] --START--
INFO: Run Behavior\WriteHtmlCacheBehavior [ RunTime:0.000123s ]
INFO: [ view_filter ] --END-- [ RunTime:0.000145s ]
INFO: [ app_end ] --START--
INFO: Run Behavior\ShowPageTraceBehavior [ RunTime:0.000291s ]
INFO: [ app_end ] --END-- [ RunTime:0.000316s ]

[ 2018-05-03T11:02:24+08:00 ] 49.90.141.109 /index.php/Home/User/login.html
INFO: [ app_init ] --START--
INFO: Run Behavior\BuildLiteBehavior [ RunTime:0.000012s ]
INFO: [ app_init ] --END-- [ RunTime:0.000245s ]
INFO: [ app_begin ] --START--
INFO: Run Behavior\ReadHtmlCacheBehavior [ RunTime:0.000322s ]
INFO: [ app_begin ] --END-- [ RunTime:0.000356s ]
INFO: [ view_parse ] --START--
INFO: [ template_filter ] --START--
INFO: Run Behavior\ContentReplaceBehavior [ RunTime:0.000026s ]
INFO: [ template_filter ] --END-- [ RunTime:0.000054s ]
NOTIC: [8] Undefined variable: msg /home/wwwroot/prize.zhiying365.com/Application/Runtime/Cache/Home/5c9ee6d19cd41add49f97afe3aef0b25.php 第 11 行.
INFO: Run Behavior\ParseTemplateBehavior [ RunTime:0.003374s ]
INFO: [ view_parse ] --END-- [ RunTime:0.003401s ]
INFO: [ view_filter ] --START--
INFO: Run Behavior\WriteHtmlCacheBehavior [ RunTime:0.000119s ]
INFO: [ view_filter ] --END-- [ RunTime:0.000142s ]
INFO: [ app_end ] --START--
INFO: Run Behavior\ShowPageTraceBehavior [ RunTime:0.000297s ]
INFO: [ app_end ] --END-- [ RunTime:0.000323s ]

[ 2018-05-03T11:02:24+08:00 ] 49.90.141.109 /index.php/home/user/verify.html
INFO: [ app_init ] --START--
INFO: Run Behavior\BuildLiteBehavior [ RunTime:0.000011s ]
INFO: [ app_init ] --END-- [ RunTime:0.000260s ]
INFO: [ app_begin ] --START--
INFO: Run Behavior\ReadHtmlCacheBehavior [ RunTime:0.000322s ]
INFO: [ app_begin ] --END-- [ RunTime:0.000365s ]
INFO: [ app_end ] --START--
INFO: Run Behavior\ShowPageTraceBehavior [ RunTime:0.000351s ]
INFO: [ app_end ] --END-- [ RunTime:0.000389s ]

[ 2018-05-03T11:12:34+08:00 ] 180.163.220.46 /
INFO: [ app_init ] --START--
INFO: Run Behavior\BuildLiteBehavior [ RunTime:0.000011s ]
INFO: [ app_init ] --END-- [ RunTime:0.000238s ]
INFO: [ app_begin ] --START--
INFO: Run Behavior\ReadHtmlCacheBehavior [ RunTime:0.000325s ]
INFO: [ app_begin ] --END-- [ RunTime:0.000357s ]

[ 2018-05-03T11:12:34+08:00 ] 180.163.220.46 /index.php/Home/User/login.html
INFO: [ app_init ] --START--
INFO: Run Behavior\BuildLiteBehavior [ RunTime:0.000011s ]
INFO: [ app_init ] --END-- [ RunTime:0.000239s ]
INFO: [ app_begin ] --START--
INFO: Run Behavior\ReadHtmlCacheBehavior [ RunTime:0.000317s ]
INFO: [ app_begin ] --END-- [ RunTime:0.000349s ]
INFO: [ view_parse ] --START--
INFO: [ template_filter ] --START--
INFO: Run Behavior\ContentReplaceBehavior [ RunTime:0.000023s ]
INFO: [ template_filter ] --END-- [ RunTime:0.000052s ]
NOTIC: [8] Undefined variable: msg /home/wwwroot/prize.zhiying365.com/Application/Runtime/Cache/Home/5c9ee6d19cd41add49f97afe3aef0b25.php 第 11 行.
INFO: Run Behavior\ParseTemplateBehavior [ RunTime:0.003424s ]
INFO: [ view_parse ] --END-- [ RunTime:0.003452s ]
INFO: [ view_filter ] --START--
INFO: Run Behavior\WriteHtmlCacheBehavior [ RunTime:0.000119s ]
INFO: [ view_filter ] --END-- [ RunTime:0.000141s ]
INFO: [ app_end ] --START--
INFO: Run Behavior\ShowPageTraceBehavior [ RunTime:0.000297s ]
INFO: [ app_end ] --END-- [ RunTime:0.000322s ]

[ 2018-05-03T11:12:34+08:00 ] 180.163.220.96 /index.php/home/user/verify.html
INFO: [ app_init ] --START--
INFO: Run Behavior\BuildLiteBehavior [ RunTime:0.000010s ]
INFO: [ app_init ] --END-- [ RunTime:0.000215s ]
INFO: [ app_begin ] --START--
INFO: Run Behavior\ReadHtmlCacheBehavior [ RunTime:0.000297s ]
INFO: [ app_begin ] --END-- [ RunTime:0.000325s ]
INFO: [ app_end ] --START--
INFO: Run Behavior\ShowPageTraceBehavior [ RunTime:0.000306s ]
INFO: [ app_end ] --END-- [ RunTime:0.000340s ]

[ 2018-05-03T11:27:59+08:00 ] 49.90.141.109 /index.php/Home/User/login.html
INFO: [ app_init ] --START--
INFO: Run Behavior\BuildLiteBehavior [ RunTime:0.000011s ]
INFO: [ app_init ] --END-- [ RunTime:0.000239s ]
INFO: [ app_begin ] --START--
INFO: Run Behavior\ReadHtmlCacheBehavior [ RunTime:0.000324s ]
INFO: [ app_begin ] --END-- [ RunTime:0.000375s ]
INFO: [ view_parse ] --START--
INFO: [ template_filter ] --START--
INFO: Run Behavior\ContentReplaceBehavior [ RunTime:0.000025s ]
INFO: [ template_filter ] --END-- [ RunTime:0.000052s ]
NOTIC: [8] Undefined variable: msg /home/wwwroot/prize.zhiying365.com/Application/Runtime/Cache/Home/5c9ee6d19cd41add49f97afe3aef0b25.php 第 11 行.
INFO: Run Behavior\ParseTemplateBehavior [ RunTime:0.003330s ]
INFO: [ view_parse ] --END-- [ RunTime:0.003358s ]
INFO: [ view_filter ] --START--
INFO: Run Behavior\WriteHtmlCacheBehavior [ RunTime:0.000153s ]
INFO: [ view_filter ] --END-- [ RunTime:0.000176s ]
INFO: [ app_end ] --START--
INFO: Run Behavior\ShowPageTraceBehavior [ RunTime:0.000289s ]
INFO: [ app_end ] --END-- [ RunTime:0.000315s ]

[ 2018-05-03T11:27:59+08:00 ] 49.90.141.109 /index.php/home/user/verify.html
INFO: [ app_init ] --START--
INFO: Run Behavior\BuildLiteBehavior [ RunTime:0.000011s ]
INFO: [ app_init ] --END-- [ RunTime:0.000253s ]
INFO: [ app_begin ] --START--
INFO: Run Behavior\ReadHtmlCacheBehavior [ RunTime:0.000347s ]
INFO: [ app_begin ] --END-- [ RunTime:0.000379s ]
INFO: [ app_end ] --START--
INFO: Run Behavior\ShowPageTraceBehavior [ RunTime:0.000311s ]
INFO: [ app_end ] --END-- [ RunTime:0.000346s ]

[ 2018-05-03T11:28:05+08:00 ] 49.90.141.109 /index.php/home/user/checklogin.html
INFO: [ app_init ] --START--
INFO: Run Behavior\BuildLiteBehavior [ RunTime:0.000012s ]
INFO: [ app_init ] --END-- [ RunTime:0.000238s ]
INFO: [ app_begin ] --START--
INFO: Run Behavior\ReadHtmlCacheBehavior [ RunTime:0.000317s ]
INFO: [ app_begin ] --END-- [ RunTime:0.000353s ]
SQL: SHOW COLUMNS FROM `user` [ RunTime:0.0006s ]
SQL: SELECT * FROM `user` WHERE `username` = 'zy_admin' LIMIT 1   [ RunTime:0.0002s ]
NOTIC: [8] iconv(): Unknown error (22) /home/wwwroot/prize.zhiying365.com/Application/Home/Controller/UserController.class.php 第 54 行.
INFO: [ view_parse ] --START--
INFO: [ template_filter ] --START--
INFO: Run Behavior\ContentReplaceBehavior [ RunTime:0.000023s ]
INFO: [ template_filter ] --END-- [ RunTime:0.000050s ]
INFO: Run Behavior\ParseTemplateBehavior [ RunTime:0.002962s ]
INFO: [ view_parse ] --END-- [ RunTime:0.002990s ]
INFO: [ view_filter ] --START--
INFO: Run Behavior\WriteHtmlCacheBehavior [ RunTime:0.000123s ]
INFO: [ view_filter ] --END-- [ RunTime:0.000144s ]
INFO: [ app_end ] --START--
INFO: Run Behavior\ShowPageTraceBehavior [ RunTime:0.000300s ]
INFO: [ app_end ] --END-- [ RunTime:0.000326s ]

[ 2018-05-03T11:28:07+08:00 ] 49.90.141.109 /index.php/Home/
INFO: [ app_init ] --START--
INFO: Run Behavior\BuildLiteBehavior [ RunTime:0.000011s ]
INFO: [ app_init ] --END-- [ RunTime:0.000251s ]
INFO: [ app_begin ] --START--
INFO: Run Behavior\ReadHtmlCacheBehavior [ RunTime:0.000321s ]
INFO: [ app_begin ] --END-- [ RunTime:0.000354s ]
SQL: SHOW COLUMNS FROM `user` [ RunTime:0.0006s ]
INFO: [ view_parse ] --START--
INFO: [ template_filter ] --START--
INFO: Run Behavior\ContentReplaceBehavior [ RunTime:0.000038s ]
INFO: [ template_filter ] --END-- [ RunTime:0.000070s ]
INFO: Run Behavior\ParseTemplateBehavior [ RunTime:0.004254s ]
INFO: [ view_parse ] --END-- [ RunTime:0.004283s ]
INFO: [ view_filter ] --START--
INFO: Run Behavior\WriteHtmlCacheBehavior [ RunTime:0.000118s ]
INFO: [ view_filter ] --END-- [ RunTime:0.000140s ]
INFO: [ app_end ] --START--
INFO: Run Behavior\ShowPageTraceBehavior [ RunTime:0.000287s ]
INFO: [ app_end ] --END-- [ RunTime:0.000315s ]

[ 2018-05-03T11:28:12+08:00 ] 49.90.141.109 /index.php/Home/Result/lancai?_=1525318093738
INFO: [ app_init ] --START--
INFO: Run Behavior\BuildLiteBehavior [ RunTime:0.000012s ]
INFO: [ app_init ] --END-- [ RunTime:0.000263s ]
INFO: [ app_begin ] --START--
INFO: Run Behavior\ReadHtmlCacheBehavior [ RunTime:0.000338s ]
INFO: [ app_begin ] --END-- [ RunTime:0.000370s ]
NOTIC: [2048] Declaration of Home\Controller\ResultController::saveToDB() should be compatible with Home\Controller\BaseController::saveToDB($model, $data, $type = 'basketball') /home/wwwroot/prize.zhiying365.com/Application/Home/Controller/ResultController.class.php 第 4 行.
NOTIC: [8] Undefined variable: act /home/wwwroot/prize.zhiying365.com/Application/Home/Controller/ResultController.class.php 第 68 行.
INFO: [ view_parse ] --START--
INFO: [ template_filter ] --START--
INFO: Run Behavior\ContentReplaceBehavior [ RunTime:0.000032s ]
INFO: [ template_filter ] --END-- [ RunTime:0.000057s ]
NOTIC: [8] Undefined variable: currentPage /home/wwwroot/prize.zhiying365.com/Application/Runtime/Cache/Home/4639d739043498a0d832a6053955b10f.php 第 6 行.
NOTIC: [8] Undefined variable: numPerPage /home/wwwroot/prize.zhiying365.com/Application/Runtime/Cache/Home/4639d739043498a0d832a6053955b10f.php 第 7 行.
NOTIC: [8] Undefined variable: resultlist /home/wwwroot/prize.zhiying365.com/Application/Runtime/Cache/Home/4639d739043498a0d832a6053955b10f.php 第 67 行.
NOTIC: [8] Undefined variable: numPerPage /home/wwwroot/prize.zhiying365.com/Application/Runtime/Cache/Home/4639d739043498a0d832a6053955b10f.php 第 91 行.
NOTIC: [8] Undefined variable: numPerPage /home/wwwroot/prize.zhiying365.com/Application/Runtime/Cache/Home/4639d739043498a0d832a6053955b10f.php 第 92 行.
NOTIC: [8] Undefined variable: numPerPage /home/wwwroot/prize.zhiying365.com/Application/Runtime/Cache/Home/4639d739043498a0d832a6053955b10f.php 第 93 行.
NOTIC: [8] Undefined variable: numPerPage /home/wwwroot/prize.zhiying365.com/Application/Runtime/Cache/Home/4639d739043498a0d832a6053955b10f.php 第 94 行.
NOTIC: [8] Undefined variable: pageTotal /home/wwwroot/prize.zhiying365.com/Application/Runtime/Cache/Home/4639d739043498a0d832a6053955b10f.php 第 96 行.
NOTIC: [8] Undefined variable: totalCount /home/wwwroot/prize.zhiying365.com/Application/Runtime/Cache/Home/4639d739043498a0d832a6053955b10f.php 第 98 行.
NOTIC: [8] Undefined variable: numPerPage /home/wwwroot/prize.zhiying365.com/Application/Runtime/Cache/Home/4639d739043498a0d832a6053955b10f.php 第 98 行.
NOTIC: [8] Undefined variable: pageNumShown /home/wwwroot/prize.zhiying365.com/Application/Runtime/Cache/Home/4639d739043498a0d832a6053955b10f.php 第 98 行.
NOTIC: [8] Undefined variable: currentPage /home/wwwroot/prize.zhiying365.com/Application/Runtime/Cache/Home/4639d739043498a0d832a6053955b10f.php 第 98 行.
INFO: Run Behavior\ParseTemplateBehavior [ RunTime:0.005476s ]
INFO: [ view_parse ] --END-- [ RunTime:0.005500s ]
INFO: [ view_filter ] --START--
INFO: Run Behavior\WriteHtmlCacheBehavior [ RunTime:0.000148s ]
INFO: [ view_filter ] --END-- [ RunTime:0.000169s ]
INFO: [ app_end ] --START--
INFO: Run Behavior\ShowPageTraceBehavior [ RunTime:0.000378s ]
INFO: [ app_end ] --END-- [ RunTime:0.000403s ]

[ 2018-05-03T11:28:13+08:00 ] 49.90.141.109 /index.php/Home/Result/lancai
INFO: [ app_init ] --START--
INFO: Run Behavior\BuildLiteBehavior [ RunTime:0.000011s ]
INFO: [ app_init ] --END-- [ RunTime:0.000240s ]
INFO: [ app_begin ] --START--
INFO: Run Behavior\ReadHtmlCacheBehavior [ RunTime:0.000319s ]
INFO: [ app_begin ] --END-- [ RunTime:0.000351s ]
NOTIC: [2048] Declaration of Home\Controller\ResultController::saveToDB() should be compatible with Home\Controller\BaseController::saveToDB($model, $data, $type = 'basketball') /home/wwwroot/prize.zhiying365.com/Application/Home/Controller/ResultController.class.php 第 4 行.
SQL: SHOW COLUMNS FROM `tab_lottery_result_lancai` [ RunTime:0.0005s ]
SQL: SELECT * FROM `tab_lottery_result_lancai` WHERE `lotttime` = '2018-05-02' GROUP BY lotttime,ballid,first_score,two_score,three_score,four_score,add_score,full_score  [ RunTime:0.0032s ]
SQL: SELECT * FROM `tab_lottery_result_lancai` WHERE `lotttime` = '2018-05-02' GROUP BY lotttime,ballid,first_score,two_score,three_score,four_score,add_score,full_score HAVING count(*)<3 LIMIT 0,20   [ RunTime:0.0030s ]
INFO: [ view_parse ] --START--
INFO: [ template_filter ] --START--
INFO: Run Behavior\ContentReplaceBehavior [ RunTime:0.000040s ]
INFO: [ template_filter ] --END-- [ RunTime:0.000072s ]
INFO: Run Behavior\ParseTemplateBehavior [ RunTime:0.006333s ]
INFO: [ view_parse ] --END-- [ RunTime:0.006362s ]
INFO: [ view_filter ] --START--
INFO: Run Behavior\WriteHtmlCacheBehavior [ RunTime:0.000139s ]
INFO: [ view_filter ] --END-- [ RunTime:0.000164s ]
INFO: [ app_end ] --START--
INFO: Run Behavior\ShowPageTraceBehavior [ RunTime:0.000326s ]
INFO: [ app_end ] --END-- [ RunTime:0.000355s ]

[ 2018-05-03T11:28:16+08:00 ] 49.90.141.109 /index.php/Home/Result/view?recid=2018-05-02_3301&act=edit&source=lc&_=1525318097812
INFO: [ app_init ] --START--
INFO: Run Behavior\BuildLiteBehavior [ RunTime:0.000011s ]
INFO: [ app_init ] --END-- [ RunTime:0.000239s ]
INFO: [ app_begin ] --START--
INFO: Run Behavior\ReadHtmlCacheBehavior [ RunTime:0.000320s ]
INFO: [ app_begin ] --END-- [ RunTime:0.000351s ]
NOTIC: [2048] Declaration of Home\Controller\ResultController::saveToDB() should be compatible with Home\Controller\BaseController::saveToDB($model, $data, $type = 'basketball') /home/wwwroot/prize.zhiying365.com/Application/Home/Controller/ResultController.class.php 第 4 行.
SQL: SHOW COLUMNS FROM `tab_lottery_result_lancai` [ RunTime:0.0006s ]
SQL: SELECT * FROM `tab_lottery_result_lancai` WHERE `lotttime` = '2018-05-02' AND `ballid` = '3301'  [ RunTime:0.0033s ]
SQL: SELECT COUNT(*) AS tp_count FROM `tab_lottery_result_lancai` WHERE `lotttime` = '2018-05-02' AND `ballid` = '3301' LIMIT 1   [ RunTime:0.0043s ]
INFO: [ view_parse ] --START--
INFO: [ template_filter ] --START--
INFO: Run Behavior\ContentReplaceBehavior [ RunTime:0.000029s ]
INFO: [ template_filter ] --END-- [ RunTime:0.000056s ]
NOTIC: [8] Undefined index: source /home/wwwroot/prize.zhiying365.com/Application/Runtime/Cache/Home/17ef99e91e24448d11b2f5ae992f7421.php 第 8 行.
NOTIC: [8] Undefined index: first_score /home/wwwroot/prize.zhiying365.com/Application/Runtime/Cache/Home/17ef99e91e24448d11b2f5ae992f7421.php 第 10 行.
NOTIC: [8] Undefined index: two_score /home/wwwroot/prize.zhiying365.com/Application/Runtime/Cache/Home/17ef99e91e24448d11b2f5ae992f7421.php 第 12 行.
NOTIC: [8] Undefined index: three_score /home/wwwroot/prize.zhiying365.com/Application/Runtime/Cache/Home/17ef99e91e24448d11b2f5ae992f7421.php 第 14 行.
NOTIC: [8] Undefined index: four_score /home/wwwroot/prize.zhiying365.com/Application/Runtime/Cache/Home/17ef99e91e24448d11b2f5ae992f7421.php 第 16 行.
NOTIC: [8] Undefined index: add_score /home/wwwroot/prize.zhiying365.com/Application/Runtime/Cache/Home/17ef99e91e24448d11b2f5ae992f7421.php 第 18 行.
NOTIC: [8] Undefined index: full_score /home/wwwroot/prize.zhiying365.com/Application/Runtime/Cache/Home/17ef99e91e24448d11b2f5ae992f7421.php 第 20 行.
NOTIC: [8] Undefined index: source /home/wwwroot/prize.zhiying365.com/Application/Runtime/Cache/Home/17ef99e91e24448d11b2f5ae992f7421.php 第 8 行.
NOTIC: [8] Undefined index: first_score /home/wwwroot/prize.zhiying365.com/Application/Runtime/Cache/Home/17ef99e91e24448d11b2f5ae992f7421.php 第 10 行.
NOTIC: [8] Undefined index: two_score /home/wwwroot/prize.zhiying365.com/Application/Runtime/Cache/Home/17ef99e91e24448d11b2f5ae992f7421.php 第 12 行.
NOTIC: [8] Undefined index: three_score /home/wwwroot/prize.zhiying365.com/Application/Runtime/Cache/Home/17ef99e91e24448d11b2f5ae992f7421.php 第 14 行.
NOTIC: [8] Undefined index: four_score /home/wwwroot/prize.zhiying365.com/Application/Runtime/Cache/Home/17ef99e91e24448d11b2f5ae992f7421.php 第 16 行.
NOTIC: [8] Undefined index: add_score /home/wwwroot/prize.zhiying365.com/Application/Runtime/Cache/Home/17ef99e91e24448d11b2f5ae992f7421.php 第 18 行.
NOTIC: [8] Undefined index: full_score /home/wwwroot/prize.zhiying365.com/Application/Runtime/Cache/Home/17ef99e91e24448d11b2f5ae992f7421.php 第 20 行.
INFO: Run Behavior\ParseTemplateBehavior [ RunTime:0.004105s ]
INFO: [ view_parse ] --END-- [ RunTime:0.004127s ]
INFO: [ view_filter ] --START--
INFO: Run Behavior\WriteHtmlCacheBehavior [ RunTime:0.000121s ]
INFO: [ view_filter ] --END-- [ RunTime:0.000141s ]
INFO: [ app_end ] --START--
INFO: Run Behavior\ShowPageTraceBehavior [ RunTime:0.000339s ]
INFO: [ app_end ] --END-- [ RunTime:0.000366s ]

[ 2018-05-03T11:28:59+08:00 ] 49.90.141.109 /index.php/Home/Result/edit_act_lc
INFO: [ app_init ] --START--
INFO: Run Behavior\BuildLiteBehavior [ RunTime:0.000010s ]
INFO: [ app_init ] --END-- [ RunTime:0.000216s ]
INFO: [ app_begin ] --START--
INFO: Run Behavior\ReadHtmlCacheBehavior [ RunTime:0.000283s ]
INFO: [ app_begin ] --END-- [ RunTime:0.000320s ]
NOTIC: [2048] Declaration of Home\Controller\ResultController::saveToDB() should be compatible with Home\Controller\BaseController::saveToDB($model, $data, $type = 'basketball') /home/wwwroot/prize.zhiying365.com/Application/Home/Controller/ResultController.class.php 第 4 行.
NOTIC: [8] Undefined offset: 1 /home/wwwroot/prize.zhiying365.com/Application/Home/Controller/ResultController.class.php 第 230 行.
NOTIC: [8] Undefined offset: 3 /home/wwwroot/prize.zhiying365.com/Application/Home/Controller/ResultController.class.php 第 230 行.
SQL: SHOW COLUMNS FROM `tab_lottery_result_lancai` [ RunTime:0.0006s ]
SQL: SELECT COUNT(*) AS tp_count FROM `tab_lottery_result_lancai` WHERE `lotttime` = '2018-05-02' AND `ballid` = '3301' AND `source` = 'fromOkooo' LIMIT 1   [ RunTime:0.0043s ]
SQL: INSERT INTO `tab_lottery_result_lancai` (`lotteryid`,`lotttime`,`ballid`,`source`,`first_score`,`two_score`,`three_score`,`four_score`,`addtime`,`status`) VALUES ('0','2018-05-02','3301','fromOkooo','36:28','28:27','22:30','30:23','2018-05-03 11:28:59','-1') [ RunTime:0.0002s ]

[ 2018-05-03T11:28:59+08:00 ] 49.90.141.109 /index.php/Home/Result/lancai
INFO: [ app_init ] --START--
INFO: Run Behavior\BuildLiteBehavior [ RunTime:0.000011s ]
INFO: [ app_init ] --END-- [ RunTime:0.000237s ]
INFO: [ app_begin ] --START--
INFO: Run Behavior\ReadHtmlCacheBehavior [ RunTime:0.000317s ]
INFO: [ app_begin ] --END-- [ RunTime:0.000349s ]
NOTIC: [2048] Declaration of Home\Controller\ResultController::saveToDB() should be compatible with Home\Controller\BaseController::saveToDB($model, $data, $type = 'basketball') /home/wwwroot/prize.zhiying365.com/Application/Home/Controller/ResultController.class.php 第 4 行.
SQL: SHOW COLUMNS FROM `tab_lottery_result_lancai` [ RunTime:0.0005s ]
SQL: SELECT * FROM `tab_lottery_result_lancai` WHERE `lotttime` = '2018-05-02' GROUP BY lotttime,ballid,first_score,two_score,three_score,four_score,add_score,full_score  [ RunTime:0.0037s ]
SQL: SELECT * FROM `tab_lottery_result_lancai` WHERE `lotttime` = '2018-05-02' GROUP BY lotttime,ballid,first_score,two_score,three_score,four_score,add_score,full_score HAVING count(*)<3 LIMIT 0,20   [ RunTime:0.0035s ]
INFO: [ view_parse ] --START--
INFO: [ template_filter ] --START--
INFO: Run Behavior\ContentReplaceBehavior [ RunTime:0.000032s ]
INFO: [ template_filter ] --END-- [ RunTime:0.000057s ]
INFO: Run Behavior\ParseTemplateBehavior [ RunTime:0.005242s ]
INFO: [ view_parse ] --END-- [ RunTime:0.005269s ]
INFO: [ view_filter ] --START--
INFO: Run Behavior\WriteHtmlCacheBehavior [ RunTime:0.000119s ]
INFO: [ view_filter ] --END-- [ RunTime:0.000141s ]
INFO: [ app_end ] --START--
INFO: Run Behavior\ShowPageTraceBehavior [ RunTime:0.000295s ]
INFO: [ app_end ] --END-- [ RunTime:0.000320s ]

[ 2018-05-03T11:29:04+08:00 ] 49.90.141.109 /index.php/Home/Result/view?recid=2018-05-02_3301&act=edit&source=lc&_=1525318145980
INFO: [ app_init ] --START--
INFO: Run Behavior\BuildLiteBehavior [ RunTime:0.000010s ]
INFO: [ app_init ] --END-- [ RunTime:0.000249s ]
INFO: [ app_begin ] --START--
INFO: Run Behavior\ReadHtmlCacheBehavior [ RunTime:0.000319s ]
INFO: [ app_begin ] --END-- [ RunTime:0.000349s ]
NOTIC: [2048] Declaration of Home\Controller\ResultController::saveToDB() should be compatible with Home\Controller\BaseController::saveToDB($model, $data, $type = 'basketball') /home/wwwroot/prize.zhiying365.com/Application/Home/Controller/ResultController.class.php 第 4 行.
SQL: SHOW COLUMNS FROM `tab_lottery_result_lancai` [ RunTime:0.0006s ]
SQL: SELECT * FROM `tab_lottery_result_lancai` WHERE `lotttime` = '2018-05-02' AND `ballid` = '3301'  [ RunTime:0.0033s ]
SQL: SELECT COUNT(*) AS tp_count FROM `tab_lottery_result_lancai` WHERE `lotttime` = '2018-05-02' AND `ballid` = '3301' LIMIT 1   [ RunTime:0.0041s ]
INFO: [ view_parse ] --START--
INFO: [ template_filter ] --START--
INFO: Run Behavior\ContentReplaceBehavior [ RunTime:0.000025s ]
INFO: [ template_filter ] --END-- [ RunTime:0.000050s ]
NOTIC: [8] Undefined index: source /home/wwwroot/prize.zhiying365.com/Application/Runtime/Cache/Home/17ef99e91e24448d11b2f5ae992f7421.php 第 8 行.
NOTIC: [8] Undefined index: first_score /home/wwwroot/prize.zhiying365.com/Application/Runtime/Cache/Home/17ef99e91e24448d11b2f5ae992f7421.php 第 10 行.
NOTIC: [8] Undefined index: two_score /home/wwwroot/prize.zhiying365.com/Application/Runtime/Cache/Home/17ef99e91e24448d11b2f5ae992f7421.php 第 12 行.
NOTIC: [8] Undefined index: three_score /home/wwwroot/prize.zhiying365.com/Application/Runtime/Cache/Home/17ef99e91e24448d11b2f5ae992f7421.php 第 14 行.
NOTIC: [8] Undefined index: four_score /home/wwwroot/prize.zhiying365.com/Application/Runtime/Cache/Home/17ef99e91e24448d11b2f5ae992f7421.php 第 16 行.
NOTIC: [8] Undefined index: add_score /home/wwwroot/prize.zhiying365.com/Application/Runtime/Cache/Home/17ef99e91e24448d11b2f5ae992f7421.php 第 18 行.
NOTIC: [8] Undefined index: full_score /home/wwwroot/prize.zhiying365.com/Application/Runtime/Cache/Home/17ef99e91e24448d11b2f5ae992f7421.php 第 20 行.
INFO: Run Behavior\ParseTemplateBehavior [ RunTime:0.003992s ]
INFO: [ view_parse ] --END-- [ RunTime:0.004014s ]
INFO: [ view_filter ] --START--
INFO: Run Behavior\WriteHtmlCacheBehavior [ RunTime:0.000119s ]
INFO: [ view_filter ] --END-- [ RunTime:0.000137s ]
INFO: [ app_end ] --START--
INFO: Run Behavior\ShowPageTraceBehavior [ RunTime:0.000298s ]
INFO: [ app_end ] --END-- [ RunTime:0.000321s ]

[ 2018-05-03T11:29:44+08:00 ] 49.90.141.109 /index.php/Home/Result/view?recid=2018-05-02_3301&act=edit&source=lc&_=1525318186028
INFO: [ app_init ] --START--
INFO: Run Behavior\BuildLiteBehavior [ RunTime:0.000011s ]
INFO: [ app_init ] --END-- [ RunTime:0.000252s ]
INFO: [ app_begin ] --START--
INFO: Run Behavior\ReadHtmlCacheBehavior [ RunTime:0.000334s ]
INFO: [ app_begin ] --END-- [ RunTime:0.000366s ]
NOTIC: [2048] Declaration of Home\Controller\ResultController::saveToDB() should be compatible with Home\Controller\BaseController::saveToDB($model, $data, $type = 'basketball') /home/wwwroot/prize.zhiying365.com/Application/Home/Controller/ResultController.class.php 第 4 行.
SQL: SHOW COLUMNS FROM `tab_lottery_result_lancai` [ RunTime:0.0005s ]
SQL: SELECT * FROM `tab_lottery_result_lancai` WHERE `lotttime` = '2018-05-02' AND `ballid` = '3301'  [ RunTime:0.0038s ]
SQL: SELECT COUNT(*) AS tp_count FROM `tab_lottery_result_lancai` WHERE `lotttime` = '2018-05-02' AND `ballid` = '3301' LIMIT 1   [ RunTime:0.0046s ]
INFO: [ view_parse ] --START--
INFO: [ template_filter ] --START--
INFO: Run Behavior\ContentReplaceBehavior [ RunTime:0.000030s ]
INFO: [ template_filter ] --END-- [ RunTime:0.000056s ]
NOTIC: [8] Undefined index: source /home/wwwroot/prize.zhiying365.com/Application/Runtime/Cache/Home/17ef99e91e24448d11b2f5ae992f7421.php 第 8 行.
NOTIC: [8] Undefined index: first_score /home/wwwroot/prize.zhiying365.com/Application/Runtime/Cache/Home/17ef99e91e24448d11b2f5ae992f7421.php 第 10 行.
NOTIC: [8] Undefined index: two_score /home/wwwroot/prize.zhiying365.com/Application/Runtime/Cache/Home/17ef99e91e24448d11b2f5ae992f7421.php 第 12 行.
NOTIC: [8] Undefined index: three_score /home/wwwroot/prize.zhiying365.com/Application/Runtime/Cache/Home/17ef99e91e24448d11b2f5ae992f7421.php 第 14 行.
NOTIC: [8] Undefined index: four_score /home/wwwroot/prize.zhiying365.com/Application/Runtime/Cache/Home/17ef99e91e24448d11b2f5ae992f7421.php 第 16 行.
NOTIC: [8] Undefined index: add_score /home/wwwroot/prize.zhiying365.com/Application/Runtime/Cache/Home/17ef99e91e24448d11b2f5ae992f7421.php 第 18 行.
NOTIC: [8] Undefined index: full_score /home/wwwroot/prize.zhiying365.com/Application/Runtime/Cache/Home/17ef99e91e24448d11b2f5ae992f7421.php 第 20 行.
INFO: Run Behavior\ParseTemplateBehavior [ RunTime:0.004296s ]
INFO: [ view_parse ] --END-- [ RunTime:0.004322s ]
INFO: [ view_filter ] --START--
INFO: Run Behavior\WriteHtmlCacheBehavior [ RunTime:0.000124s ]
INFO: [ view_filter ] --END-- [ RunTime:0.000143s ]
INFO: [ app_end ] --START--
INFO: Run Behavior\ShowPageTraceBehavior [ RunTime:0.000296s ]
INFO: [ app_end ] --END-- [ RunTime:0.000322s ]

[ 2018-05-03T11:29:52+08:00 ] 49.90.141.109 /index.php/Home/Result/edit_act_lc
INFO: [ app_init ] --START--
INFO: Run Behavior\BuildLiteBehavior [ RunTime:0.000010s ]
INFO: [ app_init ] --END-- [ RunTime:0.000214s ]
INFO: [ app_begin ] --START--
INFO: Run Behavior\ReadHtmlCacheBehavior [ RunTime:0.000297s ]
INFO: [ app_begin ] --END-- [ RunTime:0.000326s ]
NOTIC: [2048] Declaration of Home\Controller\ResultController::saveToDB() should be compatible with Home\Controller\BaseController::saveToDB($model, $data, $type = 'basketball') /home/wwwroot/prize.zhiying365.com/Application/Home/Controller/ResultController.class.php 第 4 行.
NOTIC: [8] Undefined offset: 1 /home/wwwroot/prize.zhiying365.com/Application/Home/Controller/ResultController.class.php 第 230 行.
NOTIC: [8] Undefined offset: 3 /home/wwwroot/prize.zhiying365.com/Application/Home/Controller/ResultController.class.php 第 230 行.
SQL: SHOW COLUMNS FROM `tab_lottery_result_lancai` [ RunTime:0.0006s ]
SQL: SELECT COUNT(*) AS tp_count FROM `tab_lottery_result_lancai` WHERE `lotttime` = '2018-05-02' AND `ballid` = '3301' AND `source` = 'fromOkooo' LIMIT 1   [ RunTime:0.0042s ]
NOTIC: [2] Illegal offset type in isset or empty /home/wwwroot/prize.zhiying365.com/ThinkPHP/Library/Think/Model.class.php 第 445 行.
SQL: UPDATE `tab_lottery_result_lancai` SET `first_score`='36:28',`two_score`='28:27',`three_score`='22:30',`four_score`='30:23',`add_score`='0:0',`full_score`='116:108' WHERE `lotttime` = '2018-05-02' AND `ballid` = '3301' AND `source` = 'fromOkooo' [ RunTime:0.0138s ]

[ 2018-05-03T11:29:52+08:00 ] 49.90.141.109 /index.php/Home/Result/lancai
INFO: [ app_init ] --START--
INFO: Run Behavior\BuildLiteBehavior [ RunTime:0.000010s ]
INFO: [ app_init ] --END-- [ RunTime:0.000219s ]
INFO: [ app_begin ] --START--
INFO: Run Behavior\ReadHtmlCacheBehavior [ RunTime:0.000280s ]
INFO: [ app_begin ] --END-- [ RunTime:0.000310s ]
NOTIC: [2048] Declaration of Home\Controller\ResultController::saveToDB() should be compatible with Home\Controller\BaseController::saveToDB($model, $data, $type = 'basketball') /home/wwwroot/prize.zhiying365.com/Application/Home/Controller/ResultController.class.php 第 4 行.
SQL: SHOW COLUMNS FROM `tab_lottery_result_lancai` [ RunTime:0.0006s ]
SQL: SELECT * FROM `tab_lottery_result_lancai` WHERE `lotttime` = '2018-05-02' GROUP BY lotttime,ballid,first_score,two_score,three_score,four_score,add_score,full_score  [ RunTime:0.0037s ]
SQL: SELECT * FROM `tab_lottery_result_lancai` WHERE `lotttime` = '2018-05-02' GROUP BY lotttime,ballid,first_score,two_score,three_score,four_score,add_score,full_score HAVING count(*)<3 LIMIT 0,20   [ RunTime:0.0035s ]
INFO: [ view_parse ] --START--
INFO: [ template_filter ] --START--
INFO: Run Behavior\ContentReplaceBehavior [ RunTime:0.000035s ]
INFO: [ template_filter ] --END-- [ RunTime:0.000060s ]
INFO: Run Behavior\ParseTemplateBehavior [ RunTime:0.005278s ]
INFO: [ view_parse ] --END-- [ RunTime:0.005305s ]
INFO: [ view_filter ] --START--
INFO: Run Behavior\WriteHtmlCacheBehavior [ RunTime:0.000137s ]
INFO: [ view_filter ] --END-- [ RunTime:0.000158s ]
INFO: [ app_end ] --START--
INFO: Run Behavior\ShowPageTraceBehavior [ RunTime:0.000283s ]
INFO: [ app_end ] --END-- [ RunTime:0.000309s ]

[ 2018-05-03T11:29:57+08:00 ] 49.90.141.109 /index.php/Home/Result/view?recid=2018-05-02_3301&act=edit&source=lc&_=1525318199241
INFO: [ app_init ] --START--
INFO: Run Behavior\BuildLiteBehavior [ RunTime:0.000010s ]
INFO: [ app_init ] --END-- [ RunTime:0.000245s ]
INFO: [ app_begin ] --START--
INFO: Run Behavior\ReadHtmlCacheBehavior [ RunTime:0.000322s ]
INFO: [ app_begin ] --END-- [ RunTime:0.000355s ]
NOTIC: [2048] Declaration of Home\Controller\ResultController::saveToDB() should be compatible with Home\Controller\BaseController::saveToDB($model, $data, $type = 'basketball') /home/wwwroot/prize.zhiying365.com/Application/Home/Controller/ResultController.class.php 第 4 行.
SQL: SHOW COLUMNS FROM `tab_lottery_result_lancai` [ RunTime:0.0006s ]
SQL: SELECT * FROM `tab_lottery_result_lancai` WHERE `lotttime` = '2018-05-02' AND `ballid` = '3301'  [ RunTime:0.0038s ]
SQL: SELECT COUNT(*) AS tp_count FROM `tab_lottery_result_lancai` WHERE `lotttime` = '2018-05-02' AND `ballid` = '3301' LIMIT 1   [ RunTime:0.0047s ]
INFO: [ view_parse ] --START--
INFO: [ template_filter ] --START--
INFO: Run Behavior\ContentReplaceBehavior [ RunTime:0.000026s ]
INFO: [ template_filter ] --END-- [ RunTime:0.000051s ]
NOTIC: [8] Undefined index: source /home/wwwroot/prize.zhiying365.com/Application/Runtime/Cache/Home/17ef99e91e24448d11b2f5ae992f7421.php 第 8 行.
NOTIC: [8] Undefined index: first_score /home/wwwroot/prize.zhiying365.com/Application/Runtime/Cache/Home/17ef99e91e24448d11b2f5ae992f7421.php 第 10 行.
NOTIC: [8] Undefined index: two_score /home/wwwroot/prize.zhiying365.com/Application/Runtime/Cache/Home/17ef99e91e24448d11b2f5ae992f7421.php 第 12 行.
NOTIC: [8] Undefined index: three_score /home/wwwroot/prize.zhiying365.com/Application/Runtime/Cache/Home/17ef99e91e24448d11b2f5ae992f7421.php 第 14 行.
NOTIC: [8] Undefined index: four_score /home/wwwroot/prize.zhiying365.com/Application/Runtime/Cache/Home/17ef99e91e24448d11b2f5ae992f7421.php 第 16 行.
NOTIC: [8] Undefined index: add_score /home/wwwroot/prize.zhiying365.com/Application/Runtime/Cache/Home/17ef99e91e24448d11b2f5ae992f7421.php 第 18 行.
NOTIC: [8] Undefined index: full_score /home/wwwroot/prize.zhiying365.com/Application/Runtime/Cache/Home/17ef99e91e24448d11b2f5ae992f7421.php 第 20 行.
INFO: Run Behavior\ParseTemplateBehavior [ RunTime:0.004042s ]
INFO: [ view_parse ] --END-- [ RunTime:0.004065s ]
INFO: [ view_filter ] --START--
INFO: Run Behavior\WriteHtmlCacheBehavior [ RunTime:0.000122s ]
INFO: [ view_filter ] --END-- [ RunTime:0.000142s ]
INFO: [ app_end ] --START--
INFO: Run Behavior\ShowPageTraceBehavior [ RunTime:0.000328s ]
INFO: [ app_end ] --END-- [ RunTime:0.000352s ]

[ 2018-05-03T11:30:21+08:00 ] 49.90.141.109 /index.php/Home/Result/edit_act_lc
INFO: [ app_init ] --START--
INFO: Run Behavior\BuildLiteBehavior [ RunTime:0.000012s ]
INFO: [ app_init ] --END-- [ RunTime:0.000256s ]
INFO: [ app_begin ] --START--
INFO: Run Behavior\ReadHtmlCacheBehavior [ RunTime:0.000334s ]
INFO: [ app_begin ] --END-- [ RunTime:0.000366s ]
NOTIC: [2048] Declaration of Home\Controller\ResultController::saveToDB() should be compatible with Home\Controller\BaseController::saveToDB($model, $data, $type = 'basketball') /home/wwwroot/prize.zhiying365.com/Application/Home/Controller/ResultController.class.php 第 4 行.
NOTIC: [8] Undefined offset: 1 /home/wwwroot/prize.zhiying365.com/Application/Home/Controller/ResultController.class.php 第 230 行.
NOTIC: [8] Undefined offset: 2 /home/wwwroot/prize.zhiying365.com/Application/Home/Controller/ResultController.class.php 第 230 行.
SQL: SHOW COLUMNS FROM `tab_lottery_result_lancai` [ RunTime:0.0005s ]
SQL: SELECT COUNT(*) AS tp_count FROM `tab_lottery_result_lancai` WHERE `lotttime` = '2018-05-02' AND `ballid` = '3301' AND `source` = 'from163 ' LIMIT 1   [ RunTime:0.0042s ]
SQL: INSERT INTO `tab_lottery_result_lancai` (`lotteryid`,`lotttime`,`ballid`,`source`,`first_score`,`two_score`,`three_score`,`four_score`,`addtime`,`status`) VALUES ('0','2018-05-02','3301','from163 ','36:28','28:27','22:30','30:23','2018-05-03 11:30:21','-1') [ RunTime:0.0002s ]

[ 2018-05-03T11:30:21+08:00 ] 49.90.141.109 /index.php/Home/Result/lancai
INFO: [ app_init ] --START--
INFO: Run Behavior\BuildLiteBehavior [ RunTime:0.000011s ]
INFO: [ app_init ] --END-- [ RunTime:0.000261s ]
INFO: [ app_begin ] --START--
INFO: Run Behavior\ReadHtmlCacheBehavior [ RunTime:0.000315s ]
INFO: [ app_begin ] --END-- [ RunTime:0.000356s ]
NOTIC: [2048] Declaration of Home\Controller\ResultController::saveToDB() should be compatible with Home\Controller\BaseController::saveToDB($model, $data, $type = 'basketball') /home/wwwroot/prize.zhiying365.com/Application/Home/Controller/ResultController.class.php 第 4 行.
SQL: SHOW COLUMNS FROM `tab_lottery_result_lancai` [ RunTime:0.0006s ]
SQL: SELECT * FROM `tab_lottery_result_lancai` WHERE `lotttime` = '2018-05-02' GROUP BY lotttime,ballid,first_score,two_score,three_score,four_score,add_score,full_score  [ RunTime:0.0035s ]
SQL: SELECT * FROM `tab_lottery_result_lancai` WHERE `lotttime` = '2018-05-02' GROUP BY lotttime,ballid,first_score,two_score,three_score,four_score,add_score,full_score HAVING count(*)<3 LIMIT 0,20   [ RunTime:0.0032s ]
INFO: [ view_parse ] --START--
INFO: [ template_filter ] --START--
INFO: Run Behavior\ContentReplaceBehavior [ RunTime:0.000033s ]
INFO: [ template_filter ] --END-- [ RunTime:0.000059s ]
INFO: Run Behavior\ParseTemplateBehavior [ RunTime:0.005306s ]
INFO: [ view_parse ] --END-- [ RunTime:0.005333s ]
INFO: [ view_filter ] --START--
INFO: Run Behavior\WriteHtmlCacheBehavior [ RunTime:0.000122s ]
INFO: [ view_filter ] --END-- [ RunTime:0.000143s ]
INFO: [ app_end ] --START--
INFO: Run Behavior\ShowPageTraceBehavior [ RunTime:0.000297s ]
INFO: [ app_end ] --END-- [ RunTime:0.000321s ]

[ 2018-05-03T11:30:27+08:00 ] 49.90.141.109 /index.php/Home/Result/view?recid=2018-05-02_3301&act=edit&source=lc&_=1525318228852
INFO: [ app_init ] --START--
INFO: Run Behavior\BuildLiteBehavior [ RunTime:0.000011s ]
INFO: [ app_init ] --END-- [ RunTime:0.000268s ]
INFO: [ app_begin ] --START--
INFO: Run Behavior\ReadHtmlCacheBehavior [ RunTime:0.000336s ]
INFO: [ app_begin ] --END-- [ RunTime:0.000367s ]
NOTIC: [2048] Declaration of Home\Controller\ResultController::saveToDB() should be compatible with Home\Controller\BaseController::saveToDB($model, $data, $type = 'basketball') /home/wwwroot/prize.zhiying365.com/Application/Home/Controller/ResultController.class.php 第 4 行.
SQL: SHOW COLUMNS FROM `tab_lottery_result_lancai` [ RunTime:0.0005s ]
SQL: SELECT * FROM `tab_lottery_result_lancai` WHERE `lotttime` = '2018-05-02' AND `ballid` = '3301'  [ RunTime:0.0033s ]
SQL: SELECT COUNT(*) AS tp_count FROM `tab_lottery_result_lancai` WHERE `lotttime` = '2018-05-02' AND `ballid` = '3301' LIMIT 1   [ RunTime:0.0041s ]
INFO: [ view_parse ] --START--
INFO: [ template_filter ] --START--
INFO: Run Behavior\ContentReplaceBehavior [ RunTime:0.000025s ]
INFO: [ template_filter ] --END-- [ RunTime:0.000050s ]
INFO: Run Behavior\ParseTemplateBehavior [ RunTime:0.004018s ]
INFO: [ view_parse ] --END-- [ RunTime:0.004045s ]
INFO: [ view_filter ] --START--
INFO: Run Behavior\WriteHtmlCacheBehavior [ RunTime:0.000119s ]
INFO: [ view_filter ] --END-- [ RunTime:0.000140s ]
INFO: [ app_end ] --START--
INFO: Run Behavior\ShowPageTraceBehavior [ RunTime:0.000301s ]
INFO: [ app_end ] --END-- [ RunTime:0.000329s ]

[ 2018-05-03T11:31:10+08:00 ] 49.90.141.109 /index.php/Home/Result/edit_act_lc
INFO: [ app_init ] --START--
INFO: Run Behavior\BuildLiteBehavior [ RunTime:0.000011s ]
INFO: [ app_init ] --END-- [ RunTime:0.000238s ]
INFO: [ app_begin ] --START--
INFO: Run Behavior\ReadHtmlCacheBehavior [ RunTime:0.000314s ]
INFO: [ app_begin ] --END-- [ RunTime:0.000346s ]
NOTIC: [2048] Declaration of Home\Controller\ResultController::saveToDB() should be compatible with Home\Controller\BaseController::saveToDB($model, $data, $type = 'basketball') /home/wwwroot/prize.zhiying365.com/Application/Home/Controller/ResultController.class.php 第 4 行.
NOTIC: [8] Undefined offset: 1 /home/wwwroot/prize.zhiying365.com/Application/Home/Controller/ResultController.class.php 第 230 行.
NOTIC: [8] Undefined offset: 2 /home/wwwroot/prize.zhiying365.com/Application/Home/Controller/ResultController.class.php 第 230 行.
SQL: SHOW COLUMNS FROM `tab_lottery_result_lancai` [ RunTime:0.0006s ]
SQL: SELECT COUNT(*) AS tp_count FROM `tab_lottery_result_lancai` WHERE `lotttime` = '2018-05-02' AND `ballid` = '3301' AND `source` = 'from163 ' LIMIT 1   [ RunTime:0.0042s ]
NOTIC: [2] Illegal offset type in isset or empty /home/wwwroot/prize.zhiying365.com/ThinkPHP/Library/Think/Model.class.php 第 445 行.
SQL: UPDATE `tab_lottery_result_lancai` SET `first_score`='36:28',`two_score`='28:27',`three_score`='22:30',`four_score`='30:23',`add_score`='0:0',`full_score`='116:108' WHERE `lotttime` = '2018-05-02' AND `ballid` = '3301' AND `source` = 'from163 ' [ RunTime:0.0138s ]

[ 2018-05-03T11:31:10+08:00 ] 49.90.141.109 /index.php/Home/Result/lancai
INFO: [ app_init ] --START--
INFO: Run Behavior\BuildLiteBehavior [ RunTime:0.000009s ]
INFO: [ app_init ] --END-- [ RunTime:0.000211s ]
INFO: [ app_begin ] --START--
INFO: Run Behavior\ReadHtmlCacheBehavior [ RunTime:0.000288s ]
INFO: [ app_begin ] --END-- [ RunTime:0.000319s ]
NOTIC: [2048] Declaration of Home\Controller\ResultController::saveToDB() should be compatible with Home\Controller\BaseController::saveToDB($model, $data, $type = 'basketball') /home/wwwroot/prize.zhiying365.com/Application/Home/Controller/ResultController.class.php 第 4 行.
SQL: SHOW COLUMNS FROM `tab_lottery_result_lancai` [ RunTime:0.0005s ]
SQL: SELECT * FROM `tab_lottery_result_lancai` WHERE `lotttime` = '2018-05-02' GROUP BY lotttime,ballid,first_score,two_score,three_score,four_score,add_score,full_score  [ RunTime:0.0037s ]
SQL: SELECT * FROM `tab_lottery_result_lancai` WHERE `lotttime` = '2018-05-02' GROUP BY lotttime,ballid,first_score,two_score,three_score,four_score,add_score,full_score HAVING count(*)<3 LIMIT 0,20   [ RunTime:0.0035s ]
INFO: [ view_parse ] --START--
INFO: [ template_filter ] --START--
INFO: Run Behavior\ContentReplaceBehavior [ RunTime:0.000032s ]
INFO: [ template_filter ] --END-- [ RunTime:0.000060s ]
INFO: Run Behavior\ParseTemplateBehavior [ RunTime:0.005300s ]
INFO: [ view_parse ] --END-- [ RunTime:0.005327s ]
INFO: [ view_filter ] --START--
INFO: Run Behavior\WriteHtmlCacheBehavior [ RunTime:0.000122s ]
INFO: [ view_filter ] --END-- [ RunTime:0.000142s ]
INFO: [ app_end ] --START--
INFO: Run Behavior\ShowPageTraceBehavior [ RunTime:0.000294s ]
INFO: [ app_end ] --END-- [ RunTime:0.000319s ]

[ 2018-05-03T11:31:14+08:00 ] 49.90.141.109 /index.php/Home/Result/jingcai?_=1525318276274
INFO: [ app_init ] --START--
INFO: Run Behavior\BuildLiteBehavior [ RunTime:0.000011s ]
INFO: [ app_init ] --END-- [ RunTime:0.000240s ]
INFO: [ app_begin ] --START--
INFO: Run Behavior\ReadHtmlCacheBehavior [ RunTime:0.000320s ]
INFO: [ app_begin ] --END-- [ RunTime:0.000351s ]
NOTIC: [2048] Declaration of Home\Controller\ResultController::saveToDB() should be compatible with Home\Controller\BaseController::saveToDB($model, $data, $type = 'basketball') /home/wwwroot/prize.zhiying365.com/Application/Home/Controller/ResultController.class.php 第 4 行.
NOTIC: [8] Undefined variable: act /home/wwwroot/prize.zhiying365.com/Application/Home/Controller/ResultController.class.php 第 16 行.
INFO: [ view_parse ] --START--
INFO: [ template_filter ] --START--
INFO: Run Behavior\ContentReplaceBehavior [ RunTime:0.000035s ]
INFO: [ template_filter ] --END-- [ RunTime:0.000060s ]
NOTIC: [8] Undefined variable: currentPage /home/wwwroot/prize.zhiying365.com/Application/Runtime/Cache/Home/08dbf0cc8beabc0370dff644d2c962d6.php 第 6 行.
NOTIC: [8] Undefined variable: numPerPage /home/wwwroot/prize.zhiying365.com/Application/Runtime/Cache/Home/08dbf0cc8beabc0370dff644d2c962d6.php 第 7 行.
NOTIC: [8] Undefined variable: resultlist /home/wwwroot/prize.zhiying365.com/Application/Runtime/Cache/Home/08dbf0cc8beabc0370dff644d2c962d6.php 第 63 行.
NOTIC: [8] Undefined variable: numPerPage /home/wwwroot/prize.zhiying365.com/Application/Runtime/Cache/Home/08dbf0cc8beabc0370dff644d2c962d6.php 第 83 行.
NOTIC: [8] Undefined variable: numPerPage /home/wwwroot/prize.zhiying365.com/Application/Runtime/Cache/Home/08dbf0cc8beabc0370dff644d2c962d6.php 第 84 行.
NOTIC: [8] Undefined variable: numPerPage /home/wwwroot/prize.zhiying365.com/Application/Runtime/Cache/Home/08dbf0cc8beabc0370dff644d2c962d6.php 第 85 行.
NOTIC: [8] Undefined variable: numPerPage /home/wwwroot/prize.zhiying365.com/Application/Runtime/Cache/Home/08dbf0cc8beabc0370dff644d2c962d6.php 第 86 行.
NOTIC: [8] Undefined variable: pageTotal /home/wwwroot/prize.zhiying365.com/Application/Runtime/Cache/Home/08dbf0cc8beabc0370dff644d2c962d6.php 第 88 行.
NOTIC: [8] Undefined variable: totalCount /home/wwwroot/prize.zhiying365.com/Application/Runtime/Cache/Home/08dbf0cc8beabc0370dff644d2c962d6.php 第 90 行.
NOTIC: [8] Undefined variable: numPerPage /home/wwwroot/prize.zhiying365.com/Application/Runtime/Cache/Home/08dbf0cc8beabc0370dff644d2c962d6.php 第 90 行.
NOTIC: [8] Undefined variable: pageNumShown /home/wwwroot/prize.zhiying365.com/Application/Runtime/Cache/Home/08dbf0cc8beabc0370dff644d2c962d6.php 第 90 行.
NOTIC: [8] Undefined variable: currentPage /home/wwwroot/prize.zhiying365.com/Application/Runtime/Cache/Home/08dbf0cc8beabc0370dff644d2c962d6.php 第 90 行.
INFO: Run Behavior\ParseTemplateBehavior [ RunTime:0.005211s ]
INFO: [ view_parse ] --END-- [ RunTime:0.005235s ]
INFO: [ view_filter ] --START--
INFO: Run Behavior\WriteHtmlCacheBehavior [ RunTime:0.000132s ]
INFO: [ view_filter ] --END-- [ RunTime:0.000153s ]
INFO: [ app_end ] --START--
INFO: Run Behavior\ShowPageTraceBehavior [ RunTime:0.000276s ]
INFO: [ app_end ] --END-- [ RunTime:0.000301s ]

[ 2018-05-03T11:31:15+08:00 ] 49.90.141.109 /index.php/Home/Result/jingcai
INFO: [ app_init ] --START--
INFO: Run Behavior\BuildLiteBehavior [ RunTime:0.000012s ]
INFO: [ app_init ] --END-- [ RunTime:0.000241s ]
INFO: [ app_begin ] --START--
INFO: Run Behavior\ReadHtmlCacheBehavior [ RunTime:0.000318s ]
INFO: [ app_begin ] --END-- [ RunTime:0.000350s ]
NOTIC: [2048] Declaration of Home\Controller\ResultController::saveToDB() should be compatible with Home\Controller\BaseController::saveToDB($model, $data, $type = 'basketball') /home/wwwroot/prize.zhiying365.com/Application/Home/Controller/ResultController.class.php 第 4 行.
SQL: SELECT * FROM `tab_lottery_result` WHERE `lotttime` = '2018-05-02' GROUP BY lotttime,ballid,half_score,full_score  [ RunTime:0.0163s ]
SQL: SELECT `lotteryid`,`lotttime`,`ballid`,`source`,`half_score`,`full_score`,`match_starttime`,`result`,`addtime`,`status` FROM `tab_lottery_result` WHERE `lotttime` = '2018-05-02' GROUP BY lotttime,ballid,half_score,full_score HAVING count(*)<3 LIMIT 0,20   [ RunTime:0.0145s ]
INFO: [ view_parse ] --START--
INFO: [ template_filter ] --START--
INFO: Run Behavior\ContentReplaceBehavior [ RunTime:0.000037s ]
INFO: [ template_filter ] --END-- [ RunTime:0.000066s ]
INFO: Run Behavior\ParseTemplateBehavior [ RunTime:0.005787s ]
INFO: [ view_parse ] --END-- [ RunTime:0.005817s ]
INFO: [ view_filter ] --START--
INFO: Run Behavior\WriteHtmlCacheBehavior [ RunTime:0.000136s ]
INFO: [ view_filter ] --END-- [ RunTime:0.000161s ]
INFO: [ app_end ] --START--
INFO: Run Behavior\ShowPageTraceBehavior [ RunTime:0.000336s ]
INFO: [ app_end ] --END-- [ RunTime:0.000370s ]

[ 2018-05-03T11:31:19+08:00 ] 49.90.141.109 /index.php/Home/Result/lancai?_=1525318281392
INFO: [ app_init ] --START--
INFO: Run Behavior\BuildLiteBehavior [ RunTime:0.000012s ]
INFO: [ app_init ] --END-- [ RunTime:0.000258s ]
INFO: [ app_begin ] --START--
INFO: Run Behavior\ReadHtmlCacheBehavior [ RunTime:0.000322s ]
INFO: [ app_begin ] --END-- [ RunTime:0.000353s ]
NOTIC: [2048] Declaration of Home\Controller\ResultController::saveToDB() should be compatible with Home\Controller\BaseController::saveToDB($model, $data, $type = 'basketball') /home/wwwroot/prize.zhiying365.com/Application/Home/Controller/ResultController.class.php 第 4 行.
NOTIC: [8] Undefined variable: act /home/wwwroot/prize.zhiying365.com/Application/Home/Controller/ResultController.class.php 第 68 行.
INFO: [ view_parse ] --START--
INFO: [ template_filter ] --START--
INFO: Run Behavior\ContentReplaceBehavior [ RunTime:0.000031s ]
INFO: [ template_filter ] --END-- [ RunTime:0.000057s ]
NOTIC: [8] Undefined variable: currentPage /home/wwwroot/prize.zhiying365.com/Application/Runtime/Cache/Home/4639d739043498a0d832a6053955b10f.php 第 6 行.
NOTIC: [8] Undefined variable: numPerPage /home/wwwroot/prize.zhiying365.com/Application/Runtime/Cache/Home/4639d739043498a0d832a6053955b10f.php 第 7 行.
NOTIC: [8] Undefined variable: resultlist /home/wwwroot/prize.zhiying365.com/Application/Runtime/Cache/Home/4639d739043498a0d832a6053955b10f.php 第 67 行.
NOTIC: [8] Undefined variable: numPerPage /home/wwwroot/prize.zhiying365.com/Application/Runtime/Cache/Home/4639d739043498a0d832a6053955b10f.php 第 91 行.
NOTIC: [8] Undefined variable: numPerPage /home/wwwroot/prize.zhiying365.com/Application/Runtime/Cache/Home/4639d739043498a0d832a6053955b10f.php 第 92 行.
NOTIC: [8] Undefined variable: numPerPage /home/wwwroot/prize.zhiying365.com/Application/Runtime/Cache/Home/4639d739043498a0d832a6053955b10f.php 第 93 行.
NOTIC: [8] Undefined variable: numPerPage /home/wwwroot/prize.zhiying365.com/Application/Runtime/Cache/Home/4639d739043498a0d832a6053955b10f.php 第 94 行.
NOTIC: [8] Undefined variable: pageTotal /home/wwwroot/prize.zhiying365.com/Application/Runtime/Cache/Home/4639d739043498a0d832a6053955b10f.php 第 96 行.
NOTIC: [8] Undefined variable: totalCount /home/wwwroot/prize.zhiying365.com/Application/Runtime/Cache/Home/4639d739043498a0d832a6053955b10f.php 第 98 行.
NOTIC: [8] Undefined variable: numPerPage /home/wwwroot/prize.zhiying365.com/Application/Runtime/Cache/Home/4639d739043498a0d832a6053955b10f.php 第 98 行.
NOTIC: [8] Undefined variable: pageNumShown /home/wwwroot/prize.zhiying365.com/Application/Runtime/Cache/Home/4639d739043498a0d832a6053955b10f.php 第 98 行.
NOTIC: [8] Undefined variable: currentPage /home/wwwroot/prize.zhiying365.com/Application/Runtime/Cache/Home/4639d739043498a0d832a6053955b10f.php 第 98 行.
INFO: Run Behavior\ParseTemplateBehavior [ RunTime:0.005431s ]
INFO: [ view_parse ] --END-- [ RunTime:0.005455s ]
INFO: [ view_filter ] --START--
INFO: Run Behavior\WriteHtmlCacheBehavior [ RunTime:0.000120s ]
INFO: [ view_filter ] --END-- [ RunTime:0.000140s ]
INFO: [ app_end ] --START--
INFO: Run Behavior\ShowPageTraceBehavior [ RunTime:0.000292s ]
INFO: [ app_end ] --END-- [ RunTime:0.000315s ]

[ 2018-05-03T11:31:22+08:00 ] 49.90.141.109 /index.php/Home/Result/lancai
INFO: [ app_init ] --START--
INFO: Run Behavior\BuildLiteBehavior [ RunTime:0.000011s ]
INFO: [ app_init ] --END-- [ RunTime:0.000238s ]
INFO: [ app_begin ] --START--
INFO: Run Behavior\ReadHtmlCacheBehavior [ RunTime:0.000316s ]
INFO: [ app_begin ] --END-- [ RunTime:0.000364s ]
NOTIC: [2048] Declaration of Home\Controller\ResultController::saveToDB() should be compatible with Home\Controller\BaseController::saveToDB($model, $data, $type = 'basketball') /home/wwwroot/prize.zhiying365.com/Application/Home/Controller/ResultController.class.php 第 4 行.
SQL: SHOW COLUMNS FROM `tab_lottery_result_lancai` [ RunTime:0.0008s ]
SQL: SELECT * FROM `tab_lottery_result_lancai` WHERE `lotttime` = '2018-05-03' GROUP BY lotttime,ballid,first_score,two_score,three_score,four_score,add_score,full_score  [ RunTime:0.0040s ]
SQL: SELECT * FROM `tab_lottery_result_lancai` WHERE `lotttime` = '2018-05-03' GROUP BY lotttime,ballid,first_score,two_score,three_score,four_score,add_score,full_score HAVING count(*)<3 LIMIT 0,20   [ RunTime:0.0037s ]
NOTIC: [8] Undefined variable: pageTotal /home/wwwroot/prize.zhiying365.com/Application/Home/Controller/ResultController.class.php 第 99 行.
NOTIC: [8] Undefined variable: count /home/wwwroot/prize.zhiying365.com/Application/Home/Controller/ResultController.class.php 第 100 行.
INFO: [ view_parse ] --START--
INFO: [ template_filter ] --START--
INFO: Run Behavior\ContentReplaceBehavior [ RunTime:0.000034s ]
INFO: [ template_filter ] --END-- [ RunTime:0.000062s ]
INFO: Run Behavior\ParseTemplateBehavior [ RunTime:0.005283s ]
INFO: [ view_parse ] --END-- [ RunTime:0.005310s ]
INFO: [ view_filter ] --START--
INFO: Run Behavior\WriteHtmlCacheBehavior [ RunTime:0.000121s ]
INFO: [ view_filter ] --END-- [ RunTime:0.000141s ]
INFO: [ app_end ] --START--
INFO: Run Behavior\ShowPageTraceBehavior [ RunTime:0.000281s ]
INFO: [ app_end ] --END-- [ RunTime:0.000306s ]

[ 2018-05-03T11:31:24+08:00 ] 49.90.141.109 /index.php/Home/Result/jingcai?_=1525318286289
INFO: [ app_init ] --START--
INFO: Run Behavior\BuildLiteBehavior [ RunTime:0.000011s ]
INFO: [ app_init ] --END-- [ RunTime:0.000257s ]
INFO: [ app_begin ] --START--
INFO: Run Behavior\ReadHtmlCacheBehavior [ RunTime:0.000332s ]
INFO: [ app_begin ] --END-- [ RunTime:0.000364s ]
NOTIC: [2048] Declaration of Home\Controller\ResultController::saveToDB() should be compatible with Home\Controller\BaseController::saveToDB($model, $data, $type = 'basketball') /home/wwwroot/prize.zhiying365.com/Application/Home/Controller/ResultController.class.php 第 4 行.
NOTIC: [8] Undefined variable: act /home/wwwroot/prize.zhiying365.com/Application/Home/Controller/ResultController.class.php 第 16 行.
INFO: [ view_parse ] --START--
INFO: [ template_filter ] --START--
INFO: Run Behavior\ContentReplaceBehavior [ RunTime:0.000029s ]
INFO: [ template_filter ] --END-- [ RunTime:0.000054s ]
NOTIC: [8] Undefined variable: currentPage /home/wwwroot/prize.zhiying365.com/Application/Runtime/Cache/Home/08dbf0cc8beabc0370dff644d2c962d6.php 第 6 行.
NOTIC: [8] Undefined variable: numPerPage /home/wwwroot/prize.zhiying365.com/Application/Runtime/Cache/Home/08dbf0cc8beabc0370dff644d2c962d6.php 第 7 行.
NOTIC: [8] Undefined variable: resultlist /home/wwwroot/prize.zhiying365.com/Application/Runtime/Cache/Home/08dbf0cc8beabc0370dff644d2c962d6.php 第 63 行.
NOTIC: [8] Undefined variable: numPerPage /home/wwwroot/prize.zhiying365.com/Application/Runtime/Cache/Home/08dbf0cc8beabc0370dff644d2c962d6.php 第 83 行.
NOTIC: [8] Undefined variable: numPerPage /home/wwwroot/prize.zhiying365.com/Application/Runtime/Cache/Home/08dbf0cc8beabc0370dff644d2c962d6.php 第 84 行.
NOTIC: [8] Undefined variable: numPerPage /home/wwwroot/prize.zhiying365.com/Application/Runtime/Cache/Home/08dbf0cc8beabc0370dff644d2c962d6.php 第 85 行.
NOTIC: [8] Undefined variable: numPerPage /home/wwwroot/prize.zhiying365.com/Application/Runtime/Cache/Home/08dbf0cc8beabc0370dff644d2c962d6.php 第 86 行.
NOTIC: [8] Undefined variable: pageTotal /home/wwwroot/prize.zhiying365.com/Application/Runtime/Cache/Home/08dbf0cc8beabc0370dff644d2c962d6.php 第 88 行.
NOTIC: [8] Undefined variable: totalCount /home/wwwroot/prize.zhiying365.com/Application/Runtime/Cache/Home/08dbf0cc8beabc0370dff644d2c962d6.php 第 90 行.
NOTIC: [8] Undefined variable: numPerPage /home/wwwroot/prize.zhiying365.com/Application/Runtime/Cache/Home/08dbf0cc8beabc0370dff644d2c962d6.php 第 90 行.
NOTIC: [8] Undefined variable: pageNumShown /home/wwwroot/prize.zhiying365.com/Application/Runtime/Cache/Home/08dbf0cc8beabc0370dff644d2c962d6.php 第 90 行.
NOTIC: [8] Undefined variable: currentPage /home/wwwroot/prize.zhiying365.com/Application/Runtime/Cache/Home/08dbf0cc8beabc0370dff644d2c962d6.php 第 90 行.
INFO: Run Behavior\ParseTemplateBehavior [ RunTime:0.005210s ]
INFO: [ view_parse ] --END-- [ RunTime:0.005234s ]
INFO: [ view_filter ] --START--
INFO: Run Behavior\WriteHtmlCacheBehavior [ RunTime:0.000122s ]
INFO: [ view_filter ] --END-- [ RunTime:0.000141s ]
INFO: [ app_end ] --START--
INFO: Run Behavior\ShowPageTraceBehavior [ RunTime:0.000285s ]
INFO: [ app_end ] --END-- [ RunTime:0.000308s ]

[ 2018-05-03T11:31:29+08:00 ] 49.90.141.109 /index.php/Home/Result/jingcai
INFO: [ app_init ] --START--
INFO: Run Behavior\BuildLiteBehavior [ RunTime:0.000009s ]
INFO: [ app_init ] --END-- [ RunTime:0.000244s ]
INFO: [ app_begin ] --START--
INFO: Run Behavior\ReadHtmlCacheBehavior [ RunTime:0.000294s ]
INFO: [ app_begin ] --END-- [ RunTime:0.000323s ]
NOTIC: [2048] Declaration of Home\Controller\ResultController::saveToDB() should be compatible with Home\Controller\BaseController::saveToDB($model, $data, $type = 'basketball') /home/wwwroot/prize.zhiying365.com/Application/Home/Controller/ResultController.class.php 第 4 行.
SQL: SELECT * FROM `tab_lottery_result` WHERE `lotttime` = '2018-05-03' GROUP BY lotttime,ballid,half_score,full_score  [ RunTime:0.0150s ]
SQL: SELECT `lotteryid`,`lotttime`,`ballid`,`source`,`half_score`,`full_score`,`match_starttime`,`result`,`addtime`,`status` FROM `tab_lottery_result` WHERE `lotttime` = '2018-05-03' GROUP BY lotttime,ballid,half_score,full_score HAVING count(*)<3 LIMIT 0,20   [ RunTime:0.0145s ]
NOTIC: [8] Undefined variable: pageTotal /home/wwwroot/prize.zhiying365.com/Application/Home/Controller/ResultController.class.php 第 48 行.
NOTIC: [8] Undefined variable: count /home/wwwroot/prize.zhiying365.com/Application/Home/Controller/ResultController.class.php 第 49 行.
INFO: [ view_parse ] --START--
INFO: [ template_filter ] --START--
INFO: Run Behavior\ContentReplaceBehavior [ RunTime:0.000030s ]
INFO: [ template_filter ] --END-- [ RunTime:0.000057s ]
INFO: Run Behavior\ParseTemplateBehavior [ RunTime:0.005157s ]
INFO: [ view_parse ] --END-- [ RunTime:0.005184s ]
INFO: [ view_filter ] --START--
INFO: Run Behavior\WriteHtmlCacheBehavior [ RunTime:0.000120s ]
INFO: [ view_filter ] --END-- [ RunTime:0.000140s ]
INFO: [ app_end ] --START--
INFO: Run Behavior\ShowPageTraceBehavior [ RunTime:0.000276s ]
INFO: [ app_end ] --END-- [ RunTime:0.000300s ]

[ 2018-05-03T11:31:30+08:00 ] 49.90.141.109 /index.php/Home/Result/jingcai
INFO: [ app_init ] --START--
INFO: Run Behavior\BuildLiteBehavior [ RunTime:0.000011s ]
INFO: [ app_init ] --END-- [ RunTime:0.000238s ]
INFO: [ app_begin ] --START--
INFO: Run Behavior\ReadHtmlCacheBehavior [ RunTime:0.000325s ]
INFO: [ app_begin ] --END-- [ RunTime:0.000357s ]
NOTIC: [2048] Declaration of Home\Controller\ResultController::saveToDB() should be compatible with Home\Controller\BaseController::saveToDB($model, $data, $type = 'basketball') /home/wwwroot/prize.zhiying365.com/Application/Home/Controller/ResultController.class.php 第 4 行.
SQL: SELECT * FROM `tab_lottery_result` WHERE `lotttime` = '2018-05-03' GROUP BY lotttime,ballid,half_score,full_score  [ RunTime:0.0162s ]
SQL: SELECT `lotteryid`,`lotttime`,`ballid`,`source`,`half_score`,`full_score`,`match_starttime`,`result`,`addtime`,`status` FROM `tab_lottery_result` WHERE `lotttime` = '2018-05-03' GROUP BY lotttime,ballid,half_score,full_score HAVING count(*)<3 LIMIT 0,20   [ RunTime:0.0144s ]
NOTIC: [8] Undefined variable: pageTotal /home/wwwroot/prize.zhiying365.com/Application/Home/Controller/ResultController.class.php 第 48 行.
NOTIC: [8] Undefined variable: count /home/wwwroot/prize.zhiying365.com/Application/Home/Controller/ResultController.class.php 第 49 行.
INFO: [ view_parse ] --START--
INFO: [ template_filter ] --START--
INFO: Run Behavior\ContentReplaceBehavior [ RunTime:0.000030s ]
INFO: [ template_filter ] --END-- [ RunTime:0.000058s ]
INFO: Run Behavior\ParseTemplateBehavior [ RunTime:0.005130s ]
INFO: [ view_parse ] --END-- [ RunTime:0.005157s ]
INFO: [ view_filter ] --START--
INFO: Run Behavior\WriteHtmlCacheBehavior [ RunTime:0.000120s ]
INFO: [ view_filter ] --END-- [ RunTime:0.000140s ]
INFO: [ app_end ] --START--
INFO: Run Behavior\ShowPageTraceBehavior [ RunTime:0.000286s ]
INFO: [ app_end ] --END-- [ RunTime:0.000310s ]

[ 2018-05-03T12:03:50+08:00 ] 101.199.121.77 /
INFO: [ app_init ] --START--
INFO: Run Behavior\BuildLiteBehavior [ RunTime:0.000009s ]
INFO: [ app_init ] --END-- [ RunTime:0.000213s ]
INFO: [ app_begin ] --START--
INFO: Run Behavior\ReadHtmlCacheBehavior [ RunTime:0.000281s ]
INFO: [ app_begin ] --END-- [ RunTime:0.000310s ]

[ 2018-05-03T12:03:50+08:00 ] 101.199.121.77 /index.php/Home/User/login.html
INFO: [ app_init ] --START--
INFO: Run Behavior\BuildLiteBehavior [ RunTime:0.000010s ]
INFO: [ app_init ] --END-- [ RunTime:0.000237s ]
INFO: [ app_begin ] --START--
INFO: Run Behavior\ReadHtmlCacheBehavior [ RunTime:0.000305s ]
INFO: [ app_begin ] --END-- [ RunTime:0.000335s ]
INFO: [ view_parse ] --START--
INFO: [ template_filter ] --START--
INFO: Run Behavior\ContentReplaceBehavior [ RunTime:0.000023s ]
INFO: [ template_filter ] --END-- [ RunTime:0.000052s ]
NOTIC: [8] Undefined variable: msg /home/wwwroot/prize.zhiying365.com/Application/Runtime/Cache/Home/5c9ee6d19cd41add49f97afe3aef0b25.php 第 11 行.
INFO: Run Behavior\ParseTemplateBehavior [ RunTime:0.003223s ]
INFO: [ view_parse ] --END-- [ RunTime:0.003251s ]
INFO: [ view_filter ] --START--
INFO: Run Behavior\WriteHtmlCacheBehavior [ RunTime:0.000120s ]
INFO: [ view_filter ] --END-- [ RunTime:0.000142s ]
INFO: [ app_end ] --START--
INFO: Run Behavior\ShowPageTraceBehavior [ RunTime:0.000289s ]
INFO: [ app_end ] --END-- [ RunTime:0.000316s ]

[ 2018-05-03T12:03:50+08:00 ] 101.199.121.77 /index.php/home/user/verify.html
INFO: [ app_init ] --START--
INFO: Run Behavior\BuildLiteBehavior [ RunTime:0.000010s ]
INFO: [ app_init ] --END-- [ RunTime:0.000236s ]
INFO: [ app_begin ] --START--
INFO: Run Behavior\ReadHtmlCacheBehavior [ RunTime:0.000318s ]
INFO: [ app_begin ] --END-- [ RunTime:0.000352s ]
INFO: [ app_end ] --START--
INFO: Run Behavior\ShowPageTraceBehavior [ RunTime:0.000329s ]
INFO: [ app_end ] --END-- [ RunTime:0.000365s ]

[ 2018-05-03T20:22:03+08:00 ] 27.26.179.173 /
INFO: [ app_init ] --START--
INFO: Run Behavior\BuildLiteBehavior [ RunTime:0.000011s ]
INFO: [ app_init ] --END-- [ RunTime:0.000244s ]
INFO: [ app_begin ] --START--
INFO: Run Behavior\ReadHtmlCacheBehavior [ RunTime:0.000316s ]
INFO: [ app_begin ] --END-- [ RunTime:0.000349s ]

[ 2018-05-03T20:22:03+08:00 ] 27.26.179.173 /index.php/Home/User/login.html
INFO: [ app_init ] --START--
INFO: Run Behavior\BuildLiteBehavior [ RunTime:0.000012s ]
INFO: [ app_init ] --END-- [ RunTime:0.000244s ]
INFO: [ app_begin ] --START--
INFO: Run Behavior\ReadHtmlCacheBehavior [ RunTime:0.000316s ]
INFO: [ app_begin ] --END-- [ RunTime:0.000351s ]
INFO: [ view_parse ] --START--
INFO: [ template_filter ] --START--
INFO: Run Behavior\ContentReplaceBehavior [ RunTime:0.000025s ]
INFO: [ template_filter ] --END-- [ RunTime:0.000061s ]
NOTIC: [8] Undefined variable: msg /home/wwwroot/prize.zhiying365.com/Application/Runtime/Cache/Home/5c9ee6d19cd41add49f97afe3aef0b25.php 第 11 行.
INFO: Run Behavior\ParseTemplateBehavior [ RunTime:0.003391s ]
INFO: [ view_parse ] --END-- [ RunTime:0.003420s ]
INFO: [ view_filter ] --START--
INFO: Run Behavior\WriteHtmlCacheBehavior [ RunTime:0.000119s ]
INFO: [ view_filter ] --END-- [ RunTime:0.000139s ]
INFO: [ app_end ] --START--
INFO: Run Behavior\ShowPageTraceBehavior [ RunTime:0.000292s ]
INFO: [ app_end ] --END-- [ RunTime:0.000317s ]

