[ 2018-01-28T08:08:50+08:00 ] 106.8.50.144 /favicon.ico
INFO: [ app_init ] --START--
INFO: Run Behavior\BuildLiteBehavior [ RunTime:0.000019s ]
INFO: [ app_init ] --END-- [ RunTime:0.007560s ]
ERR: 无法加载模块:Favicon

[ 2018-01-28T08:31:17+08:00 ] 36.99.117.183 /favicon.ico
INFO: [ app_init ] --START--
INFO: Run Behavior\BuildLiteBehavior [ RunTime:0.011064s ]
INFO: [ app_init ] --END-- [ RunTime:0.011574s ]
ERR: 无法加载模块:Favicon

[ 2018-01-28T08:35:22+08:00 ] 36.99.117.183 /favicon.ico
INFO: [ app_init ] --START--
INFO: Run Behavior\BuildLiteBehavior [ RunTime:0.000019s ]
INFO: [ app_init ] --END-- [ RunTime:0.000337s ]
ERR: 无法加载模块:Favicon

[ 2018-01-28T12:03:29+08:00 ] 115.61.35.225 /favicon.ico
INFO: [ app_init ] --START--
INFO: Run Behavior\BuildLiteBehavior [ RunTime:0.000028s ]
INFO: [ app_init ] --END-- [ RunTime:0.001392s ]
ERR: 无法加载模块:Favicon

[ 2018-01-28T12:04:00+08:00 ] 223.88.0.22 /apple-touch-icon-precomposed.png
INFO: [ app_init ] --START--
INFO: Run Behavior\BuildLiteBehavior [ RunTime:0.000034s ]
INFO: [ app_init ] --END-- [ RunTime:0.000621s ]
ERR: 无法加载模块:Apple-touch-icon-precomposed

[ 2018-01-28T12:04:00+08:00 ] 223.88.0.22 /apple-touch-icon.png
INFO: [ app_init ] --START--
INFO: Run Behavior\BuildLiteBehavior [ RunTime:0.000035s ]
INFO: [ app_init ] --END-- [ RunTime:0.006762s ]
ERR: 无法加载模块:Apple-touch-icon

[ 2018-01-28T12:04:00+08:00 ] 223.88.0.22 /favicon.ico
INFO: [ app_init ] --START--
INFO: Run Behavior\BuildLiteBehavior [ RunTime:0.000034s ]
INFO: [ app_init ] --END-- [ RunTime:0.000576s ]
ERR: 无法加载模块:Favicon

[ 2018-01-28T12:04:00+08:00 ] 223.88.0.22 /apple-touch-icon-precomposed.png
INFO: [ app_init ] --START--
INFO: Run Behavior\BuildLiteBehavior [ RunTime:0.000028s ]
INFO: [ app_init ] --END-- [ RunTime:0.000422s ]
ERR: 无法加载模块:Apple-touch-icon-precomposed

[ 2018-01-28T12:04:00+08:00 ] 223.88.0.22 /apple-touch-icon.png
INFO: [ app_init ] --START--
INFO: Run Behavior\BuildLiteBehavior [ RunTime:0.000025s ]
INFO: [ app_init ] --END-- [ RunTime:0.000355s ]
ERR: 无法加载模块:Apple-touch-icon

[ 2018-01-28T12:04:00+08:00 ] 223.88.0.22 /favicon.ico
INFO: [ app_init ] --START--
INFO: Run Behavior\BuildLiteBehavior [ RunTime:0.000022s ]
INFO: [ app_init ] --END-- [ RunTime:0.000359s ]
ERR: 无法加载模块:Favicon

[ 2018-01-28T12:04:00+08:00 ] 223.88.0.22 /apple-touch-icon-precomposed.png
INFO: [ app_init ] --START--
INFO: Run Behavior\BuildLiteBehavior [ RunTime:0.000055s ]
INFO: [ app_init ] --END-- [ RunTime:0.000533s ]
ERR: 无法加载模块:Apple-touch-icon-precomposed

[ 2018-01-28T12:04:01+08:00 ] 223.88.0.22 /apple-touch-icon.png
INFO: [ app_init ] --START--
INFO: Run Behavior\BuildLiteBehavior [ RunTime:0.000030s ]
INFO: [ app_init ] --END-- [ RunTime:0.000495s ]
ERR: 无法加载模块:Apple-touch-icon

[ 2018-01-28T12:04:01+08:00 ] 223.88.0.22 /favicon.ico
INFO: [ app_init ] --START--
INFO: Run Behavior\BuildLiteBehavior [ RunTime:0.000031s ]
INFO: [ app_init ] --END-- [ RunTime:0.000497s ]
ERR: 无法加载模块:Favicon

[ 2018-01-28T12:04:01+08:00 ] 223.88.0.22 /apple-touch-icon-precomposed.png
INFO: [ app_init ] --START--
INFO: Run Behavior\BuildLiteBehavior [ RunTime:0.000032s ]
INFO: [ app_init ] --END-- [ RunTime:0.000500s ]
ERR: 无法加载模块:Apple-touch-icon-precomposed

[ 2018-01-28T12:04:01+08:00 ] 223.88.0.22 /apple-touch-icon.png
INFO: [ app_init ] --START--
INFO: Run Behavior\BuildLiteBehavior [ RunTime:0.000025s ]
INFO: [ app_init ] --END-- [ RunTime:0.000508s ]
ERR: 无法加载模块:Apple-touch-icon

[ 2018-01-28T12:04:01+08:00 ] 223.88.0.22 /favicon.ico
INFO: [ app_init ] --START--
INFO: Run Behavior\BuildLiteBehavior [ RunTime:0.000026s ]
INFO: [ app_init ] --END-- [ RunTime:0.000507s ]
ERR: 无法加载模块:Favicon

[ 2018-01-28T12:26:18+08:00 ] 115.61.35.225 /favicon.ico
INFO: [ app_init ] --START--
INFO: Run Behavior\BuildLiteBehavior [ RunTime:0.000028s ]
INFO: [ app_init ] --END-- [ RunTime:0.000311s ]
ERR: 无法加载模块:Favicon

[ 2018-01-28T16:31:45+08:00 ] 42.237.89.31 /favicon.ico
INFO: [ app_init ] --START--
INFO: Run Behavior\BuildLiteBehavior [ RunTime:0.000022s ]
INFO: [ app_init ] --END-- [ RunTime:0.000554s ]
ERR: 无法加载模块:Favicon

