[ 2018-02-10T09:40:45+08:00 ] 106.42.143.140 /favicon.ico
INFO: [ app_init ] --START--
INFO: Run Behavior\BuildLiteBehavior [ RunTime:0.000016s ]
INFO: [ app_init ] --END-- [ RunTime:0.000348s ]
ERR: 无法加载模块:Favicon

[ 2018-02-10T11:24:14+08:00 ] 39.165.138.146 /apple-touch-icon-precomposed.png
INFO: [ app_init ] --START--
INFO: Run Behavior\BuildLiteBehavior [ RunTime:0.000017s ]
INFO: [ app_init ] --END-- [ RunTime:0.000322s ]
ERR: 无法加载模块:Apple-touch-icon-precomposed

[ 2018-02-10T11:24:14+08:00 ] 39.165.138.146 /apple-touch-icon.png
INFO: [ app_init ] --START--
INFO: Run Behavior\BuildLiteBehavior [ RunTime:0.000017s ]
INFO: [ app_init ] --END-- [ RunTime:0.000343s ]
ERR: 无法加载模块:Apple-touch-icon

[ 2018-02-10T11:24:14+08:00 ] 39.165.138.146 /favicon.ico
INFO: [ app_init ] --START--
INFO: Run Behavior\BuildLiteBehavior [ RunTime:0.000016s ]
INFO: [ app_init ] --END-- [ RunTime:0.000340s ]
ERR: 无法加载模块:Favicon

[ 2018-02-10T11:24:14+08:00 ] 39.165.138.146 /apple-touch-icon-precomposed.png
INFO: [ app_init ] --START--
INFO: Run Behavior\BuildLiteBehavior [ RunTime:0.000017s ]
INFO: [ app_init ] --END-- [ RunTime:0.000318s ]
ERR: 无法加载模块:Apple-touch-icon-precomposed

[ 2018-02-10T11:24:14+08:00 ] 39.165.138.146 /apple-touch-icon.png
INFO: [ app_init ] --START--
INFO: Run Behavior\BuildLiteBehavior [ RunTime:0.000017s ]
INFO: [ app_init ] --END-- [ RunTime:0.000334s ]
ERR: 无法加载模块:Apple-touch-icon

[ 2018-02-10T11:24:14+08:00 ] 39.165.138.146 /favicon.ico
INFO: [ app_init ] --START--
INFO: Run Behavior\BuildLiteBehavior [ RunTime:0.000019s ]
INFO: [ app_init ] --END-- [ RunTime:0.000397s ]
ERR: 无法加载模块:Favicon

[ 2018-02-10T11:24:14+08:00 ] 39.165.138.146 /apple-touch-icon-precomposed.png
INFO: [ app_init ] --START--
INFO: Run Behavior\BuildLiteBehavior [ RunTime:0.000017s ]
INFO: [ app_init ] --END-- [ RunTime:0.000328s ]
ERR: 无法加载模块:Apple-touch-icon-precomposed

[ 2018-02-10T11:24:14+08:00 ] 39.165.138.146 /apple-touch-icon.png
INFO: [ app_init ] --START--
INFO: Run Behavior\BuildLiteBehavior [ RunTime:0.000018s ]
INFO: [ app_init ] --END-- [ RunTime:0.000331s ]
ERR: 无法加载模块:Apple-touch-icon

[ 2018-02-10T11:24:14+08:00 ] 39.165.138.146 /favicon.ico
INFO: [ app_init ] --START--
INFO: Run Behavior\BuildLiteBehavior [ RunTime:0.000017s ]
INFO: [ app_init ] --END-- [ RunTime:0.000329s ]
ERR: 无法加载模块:Favicon

[ 2018-02-10T11:24:15+08:00 ] 39.165.138.146 /apple-touch-icon-precomposed.png
INFO: [ app_init ] --START--
INFO: Run Behavior\BuildLiteBehavior [ RunTime:0.000016s ]
INFO: [ app_init ] --END-- [ RunTime:0.000315s ]
ERR: 无法加载模块:Apple-touch-icon-precomposed

[ 2018-02-10T11:24:15+08:00 ] 39.165.138.146 /apple-touch-icon.png
INFO: [ app_init ] --START--
INFO: Run Behavior\BuildLiteBehavior [ RunTime:0.000016s ]
INFO: [ app_init ] --END-- [ RunTime:0.000320s ]
ERR: 无法加载模块:Apple-touch-icon

[ 2018-02-10T11:24:15+08:00 ] 39.165.138.146 /favicon.ico
INFO: [ app_init ] --START--
INFO: Run Behavior\BuildLiteBehavior [ RunTime:0.000021s ]
INFO: [ app_init ] --END-- [ RunTime:0.000424s ]
ERR: 无法加载模块:Favicon

[ 2018-02-10T12:11:34+08:00 ] 115.61.38.222 /favicon.ico
INFO: [ app_init ] --START--
INFO: Run Behavior\BuildLiteBehavior [ RunTime:0.000016s ]
INFO: [ app_init ] --END-- [ RunTime:0.000337s ]
ERR: 无法加载模块:Favicon

